-------------------------------------------------------------------------------
Test set: TestSuite
-------------------------------------------------------------------------------
Tests run: 61, Failures: 30, Errors: 0, Skipped: 0, Time elapsed: 211.364 s <<< FAILURE! - in TestSuite
notesNumber(Backstage.admin.panel)  Time elapsed: 5.57 s  <<< FAILURE!
java.lang.AssertionError: expected [true] but found [false]
	at Backstage.admin.panel.notesNumber(panel.java:115)

vipNumber(Backstage.admin.UserManagement)  Time elapsed: 3.625 s  <<< FAILURE!
java.lang.AssertionError: expected [true] but found [false]
	at Backstage.admin.UserManagement.vipNumber(UserManagement.java:101)

ReconciliationVip(Backstage.admin.FinanceManagement)  Time elapsed: 3.658 s  <<< FAILURE!
java.lang.AssertionError: expected [true] but found [false]
	at Backstage.admin.FinanceManagement.ReconciliationVip(FinanceManagement.java:98)

ReconciliationVip2(Backstage.admin.FinanceManagement)  Time elapsed: 0.278 s  <<< FAILURE!
java.lang.AssertionError: expected [true] but found [false]
	at Backstage.admin.FinanceManagement.ReconciliationVip2(FinanceManagement.java:158)

betMoneyAgentTotal(Backstage.admin.ReportManagement)  Time elapsed: 4.766 s  <<< FAILURE!
java.lang.AssertionError: expected [true] but found [false]
	at Backstage.admin.ReportManagement.betMoneyAgentTotal(ReportManagement.java:129)

waterBreakPracticeAgentTotal(Backstage.admin.ReportManagement)  Time elapsed: 5.911 s  <<< FAILURE!
java.lang.AssertionError: expected [true] but found [false]
	at Backstage.admin.ReportManagement.waterBreakPracticeAgentTotal(ReportManagement.java:342)

loseWinAndWaterAgentTotal(Backstage.admin.ReportManagement)  Time elapsed: 5.686 s  <<< FAILURE!
java.lang.AssertionError: expected [true] but found [false]
	at Backstage.admin.ReportManagement.loseWinAndWaterAgentTotal(ReportManagement.java:378)

rechargeMoneyAgent(Backstage.admin.ReportManagement)  Time elapsed: 4.413 s  <<< FAILURE!
java.lang.AssertionError: expected [true] but found [false]
	at Backstage.admin.ReportManagement.rechargeMoneyAgent(ReportManagement.java:458)

countAgent(Backstage.admin.ReportManagement)  Time elapsed: 4.275 s  <<< FAILURE!
java.lang.AssertionError: expected [true] but found [false]
	at Backstage.admin.ReportManagement.countAgent(ReportManagement.java:494)

betMoneyAgentReport(Backstage.admin.ReportManagement)  Time elapsed: 4.005 s  <<< FAILURE!
java.lang.AssertionError: expected [true] but found [false]
	at Backstage.admin.ReportManagement.betMoneyAgentReport(ReportManagement.java:530)

waterBreakMoneyAgent(Backstage.admin.ReportManagement)  Time elapsed: 4.19 s  <<< FAILURE!
java.lang.AssertionError: expected [true] but found [false]
	at Backstage.admin.ReportManagement.waterBreakMoneyAgent(ReportManagement.java:674)

winLoseWaterAgent(Backstage.admin.ReportManagement)  Time elapsed: 5.365 s  <<< FAILURE!
java.lang.AssertionError: expected [true] but found [false]
	at Backstage.admin.ReportManagement.winLoseWaterAgent(ReportManagement.java:746)

waterBreakMoneyActivityAgent(Backstage.admin.ReportManagement)  Time elapsed: 5.009 s  <<< FAILURE!
java.lang.AssertionError: expected [true] but found [false]
	at Backstage.admin.ReportManagement.waterBreakMoneyActivityAgent(ReportManagement.java:781)

rechargeMoneyVip(Backstage.admin.ReportManagement)  Time elapsed: 10.063 s  <<< FAILURE!
java.lang.AssertionError: expected [true] but found [false]
	at Backstage.admin.ReportManagement.rechargeMoneyVip(ReportManagement.java:837)

withdrawMoneyVip(Backstage.admin.ReportManagement)  Time elapsed: 11.559 s  <<< FAILURE!
java.lang.AssertionError: expected [true] but found [false]
	at Backstage.admin.ReportManagement.withdrawMoneyVip(ReportManagement.java:888)

betNumber(Backstage.admin.ReportManagement)  Time elapsed: 12.651 s  <<< FAILURE!
java.lang.AssertionError: expected [true] but found [false]
	at Backstage.admin.ReportManagement.betNumber(ReportManagement.java:931)

betMoney(Backstage.admin.ReportManagement)  Time elapsed: 3.297 s  <<< FAILURE!
java.lang.AssertionError: expected [true] but found [false]
	at Backstage.admin.ReportManagement.betMoney(ReportManagement.java:963)

agentMoney(Backstage.admin.ReportManagement)  Time elapsed: 0.373 s  <<< FAILURE!
org.openqa.selenium.WebDriverException: 
element click intercepted: Element <span>...</span> is not clickable at point (78, 325). Other element would receive the click: <div class="el-submenu__title" style="padding-left: 20px; color: rgb(191, 203, 217); background-color: rgb(48, 65, 86);">...</div>
  (Session info: chrome=78.0.3904.97)
  (Driver info: chromedriver=78.0.3904.70 (edb9c9f3de0247fd912a77b7f6cae7447f6d3ad5-refs/branch-heads/3904@{#800}),platform=Windows NT 10.0.18363 x86_64) (WARNING: The server did not provide any stacktrace information)
Command duration or timeout: 139 milliseconds
Build info: version: '3.0.0', revision: '350cf60', time: '2016-10-13 10:48:57 -0700'
System info: host: 'DESKTOP-8DI1090', ip: '10.1.101.3', os.name: 'Windows 10', os.arch: 'amd64', os.version: '10.0', java.version: '1.8.0_231'
Driver info: org.openqa.selenium.chrome.ChromeDriver
Capabilities [{mobileEmulationEnabled=false, timeouts={implicit=0, pageLoad=300000, script=30000}, hasTouchScreen=false, platform=XP, acceptSslCerts=false, goog:chromeOptions={debuggerAddress=localhost:54636}, acceptInsecureCerts=false, webStorageEnabled=true, browserName=chrome, takesScreenshot=true, javascriptEnabled=true, setWindowRect=true, unexpectedAlertBehaviour=ignore, applicationCacheEnabled=false, rotatable=false, networkConnectionEnabled=false, chrome={chromedriverVersion=78.0.3904.70 (edb9c9f3de0247fd912a77b7f6cae7447f6d3ad5-refs/branch-heads/3904@{#800}), userDataDir=C:\Users\Owner\AppData\Local\Temp\scoped_dir2108_2065501313}, takesHeapSnapshot=true, pageLoadStrategy=normal, strictFileInteractability=false, databaseEnabled=false, handlesAlerts=true, version=78.0.3904.97, browserConnectionEnabled=false, proxy={}, nativeEvents=true, locationContextEnabled=true, cssSelectorsEnabled=true}]
Session ID: e221ed1dfd258ef4b02a34886400bb1f
	at Backstage.admin.ReportManagement.agentMoney(ReportManagement.java:1022)

agentWater(Backstage.admin.ReportManagement)  Time elapsed: 0.202 s  <<< FAILURE!
java.lang.AssertionError: expected [true] but found [false]
	at Backstage.admin.ReportManagement.agentWater(ReportManagement.java:1062)

activityLoseWin(Backstage.admin.ReportManagement)  Time elapsed: 0 s  <<< FAILURE!
java.lang.NumberFormatException
	at Backstage.admin.ReportManagement.activityLoseWin(ReportManagement.java:1085)

activityLoseWinWater(Backstage.admin.ReportManagement)  Time elapsed: 4.278 s  <<< FAILURE!
java.lang.AssertionError: expected [true] but found [false]
	at Backstage.admin.ReportManagement.activityLoseWinWater(ReportManagement.java:1130)

activityWaterMoney(Backstage.admin.ReportManagement)  Time elapsed: 1.978 s  <<< FAILURE!
java.lang.NumberFormatException
	at Backstage.admin.ReportManagement.activityWaterMoney(ReportManagement.java:1152)

moneyDetails3(Backstage.admin.moneyDetails)  Time elapsed: 0.286 s  <<< FAILURE!
java.lang.AssertionError: expected [true] but found [false]
	at Backstage.admin.moneyDetails.moneyDetails3(moneyDetails.java:172)

moneyDetails4(Backstage.admin.moneyDetails)  Time elapsed: 0.095 s  <<< FAILURE!
java.lang.AssertionError: expected [true] but found [false]
	at Backstage.admin.moneyDetails.moneyDetails4(moneyDetails.java:210)

moneyDetails8(Backstage.admin.moneyDetails)  Time elapsed: 0.185 s  <<< FAILURE!
java.lang.AssertionError: expected [true] but found [false]
	at Backstage.admin.moneyDetails.moneyDetails8(moneyDetails.java:369)

moneyDetails9(Backstage.admin.moneyDetails)  Time elapsed: 0.101 s  <<< FAILURE!
java.lang.AssertionError: expected [true] but found [false]
	at Backstage.admin.moneyDetails.moneyDetails9(moneyDetails.java:408)

moneyDetails11(Backstage.admin.moneyDetails)  Time elapsed: 0.218 s  <<< FAILURE!
java.lang.AssertionError: expected [true] but found [false]
	at Backstage.admin.moneyDetails.moneyDetails11(moneyDetails.java:487)

moneyDetails12(Backstage.admin.moneyDetails)  Time elapsed: 0.156 s  <<< FAILURE!
java.lang.AssertionError: expected [true] but found [false]
	at Backstage.admin.moneyDetails.moneyDetails12(moneyDetails.java:526)

moneyDetails16(Backstage.admin.moneyDetails)  Time elapsed: 0.293 s  <<< FAILURE!
java.lang.AssertionError: expected [true] but found [false]
	at Backstage.admin.moneyDetails.moneyDetails16(moneyDetails.java:677)

moneyDetails17(Backstage.admin.moneyDetails)  Time elapsed: 0.095 s  <<< FAILURE!
java.lang.AssertionError: expected [true] but found [false]
	at Backstage.admin.moneyDetails.moneyDetails17(moneyDetails.java:714)

