<?xml version="1.0" encoding="UTF-8"?>
<!-- Generated by org.testng.reporters.JUnitXMLReporter -->
<testsuite hostname="DESKTOP-8DI1090" name="平台管理员" tests="69" failures="39" timestamp="25 Dec 2019 03:12:16 GMT" time="478.062" errors="0">
  <testcase name="playerNumber" time="3.135" classname="complex.panel"/>
  <testcase name="notesNumber" time="5.751" classname="complex.panel">
    <failure type="java.lang.AssertionError" message="expected [true] but found [false]">
      <![CDATA[java.lang.AssertionError: expected [true] but found [false]
	at complex.panel.notesNumber(panel.java:112)
... Removed 31 stack frames]]>
    </failure>
  </testcase> <!-- notesNumber -->
  <testcase name="agentNumber" time="4.438" classname="complex.UserManagement"/>
  <testcase name="vipNumber" time="3.578" classname="complex.UserManagement">
    <failure type="java.lang.AssertionError" message="expected [true] but found [false]">
      <![CDATA[java.lang.AssertionError: expected [true] but found [false]
	at complex.UserManagement.vipNumber(UserManagement.java:92)
... Removed 31 stack frames]]>
    </failure>
  </testcase> <!-- vipNumber -->
  <testcase name="agentVipNumber" time="3.656" classname="complex.UserManagement"/>
  <testcase name="onlinePlayer" time="3.395" classname="complex.UserManagement"/>
  <testcase name="onlineRecharge" time="0.308" classname="complex.FinanceManagement">
    <failure type="org.openqa.selenium.WebDriverException" message="element click intercepted: Element &amp;lt;span&amp;gt;...&amp;lt;/span&amp;gt; is not clickable at point (68, 521). Other element would receive the click: &amp;lt;li role=&amp;quot;menuitem&amp;quot; tabindex=&amp;quot;-1&amp;quot; class=&amp;quot;el-menu-item&amp;quot; style=&amp;quot;padding-left: 40px; color: rgb(191, 203, 217); background-color: rgb(48, 65, 86);&amp;quot;&amp;gt;...&amp;lt;/li&amp;gt;
  (Session info: chrome=79.0.3945.79)
  (Driver info: chromedriver=78.0.3904.70 (edb9c9f3de0247fd912a77b7f6cae7447f6d3ad5-refs/branch-heads/3904@{#800}),platform=Windows NT 10.0.18363 x86_64) (WARNING: The server did not provide any stacktrace information)
Command duration or timeout: 211 milliseconds
Build info: version: &amp;apos;3.0.0&amp;apos;, revision: &amp;apos;350cf60&amp;apos;, time: &amp;apos;2016-10-13 10:48:57 -0700&amp;apos;
System info: host: &amp;apos;DESKTOP-8DI1090&amp;apos;, ip: &amp;apos;10.1.101.3&amp;apos;, os.name: &amp;apos;Windows 10&amp;apos;, os.arch: &amp;apos;amd64&amp;apos;, os.version: &amp;apos;10.0&amp;apos;, java.version: &amp;apos;1.8.0_231&amp;apos;
Driver info: org.openqa.selenium.chrome.ChromeDriver
Capabilities [{mobileEmulationEnabled=false, timeouts={implicit=0, pageLoad=300000, script=30000}, hasTouchScreen=false, platform=XP, acceptSslCerts=false, goog:chromeOptions={debuggerAddress=localhost:56321}, acceptInsecureCerts=false, webStorageEnabled=true, browserName=chrome, takesScreenshot=true, javascriptEnabled=true, setWindowRect=true, unexpectedAlertBehaviour=ignore, applicationCacheEnabled=false, rotatable=false, networkConnectionEnabled=false, chrome={chromedriverVersion=78.0.3904.70 (edb9c9f3de0247fd912a77b7f6cae7447f6d3ad5-refs/branch-heads/3904@{#800}), userDataDir=C:\Users\Owner\AppData\Local\Temp\scoped_dir19420_36498067}, takesHeapSnapshot=true, pageLoadStrategy=normal, strictFileInteractability=false, databaseEnabled=false, handlesAlerts=true, version=79.0.3945.79, browserConnectionEnabled=false, proxy={}, nativeEvents=true, locationContextEnabled=true, cssSelectorsEnabled=true}]
Session ID: 0811c02839525163436a9c49301d1dc2">
      <![CDATA[org.openqa.selenium.WebDriverException: element click intercepted: Element <span>...</span> is not clickable at point (68, 521). Other element would receive the click: <li role="menuitem" tabindex="-1" class="el-menu-item" style="padding-left: 40px; color: rgb(191, 203, 217); background-color: rgb(48, 65, 86);">...</li>
  (Session info: chrome=79.0.3945.79)
  (Driver info: chromedriver=78.0.3904.70 (edb9c9f3de0247fd912a77b7f6cae7447f6d3ad5-refs/branch-heads/3904@{#800}),platform=Windows NT 10.0.18363 x86_64) (WARNING: The server did not provide any stacktrace information)
Command duration or timeout: 211 milliseconds
Build info: version: '3.0.0', revision: '350cf60', time: '2016-10-13 10:48:57 -0700'
System info: host: 'DESKTOP-8DI1090', ip: '10.1.101.3', os.name: 'Windows 10', os.arch: 'amd64', os.version: '10.0', java.version: '1.8.0_231'
Driver info: org.openqa.selenium.chrome.ChromeDriver
Capabilities [{mobileEmulationEnabled=false, timeouts={implicit=0, pageLoad=300000, script=30000}, hasTouchScreen=false, platform=XP, acceptSslCerts=false, goog:chromeOptions={debuggerAddress=localhost:56321}, acceptInsecureCerts=false, webStorageEnabled=true, browserName=chrome, takesScreenshot=true, javascriptEnabled=true, setWindowRect=true, unexpectedAlertBehaviour=ignore, applicationCacheEnabled=false, rotatable=false, networkConnectionEnabled=false, chrome={chromedriverVersion=78.0.3904.70 (edb9c9f3de0247fd912a77b7f6cae7447f6d3ad5-refs/branch-heads/3904@{#800}), userDataDir=C:\Users\Owner\AppData\Local\Temp\scoped_dir19420_36498067}, takesHeapSnapshot=true, pageLoadStrategy=normal, strictFileInteractability=false, databaseEnabled=false, handlesAlerts=true, version=79.0.3945.79, browserConnectionEnabled=false, proxy={}, nativeEvents=true, locationContextEnabled=true, cssSelectorsEnabled=true}]
Session ID: 0811c02839525163436a9c49301d1dc2
	at org.openqa.selenium.remote.ErrorHandler.createThrowable(ErrorHandler.java:216)
	at org.openqa.selenium.remote.ErrorHandler.throwIfResponseFailed(ErrorHandler.java:168)
	at org.openqa.selenium.remote.RemoteWebDriver.execute(RemoteWebDriver.java:635)
	at org.openqa.selenium.remote.RemoteWebElement.execute(RemoteWebElement.java:274)
	at org.openqa.selenium.remote.RemoteWebElement.click(RemoteWebElement.java:84)
	at SeleniumMethod.WebDriverUtil.xpathClick(WebDriverUtil.java:308)
	at complex.FinanceManagement.onlineRecharge(FinanceManagement.java:43)
... Removed 31 stack frames]]>
    </failure>
  </testcase> <!-- onlineRecharge -->
  <testcase name="upRecharge" time="14.381" classname="complex.FinanceManagement">
    <failure type="org.openqa.selenium.NoSuchElementException" message="no such element: Unable to locate element: {&amp;quot;method&amp;quot;:&amp;quot;xpath&amp;quot;,&amp;quot;selector&amp;quot;:&amp;quot;//body/div[2]//ul[@class=&amp;apos;el-scrollbar__view el-select-dropdown__list&amp;apos;]//span[.=&amp;apos;在线入款&amp;apos;]&amp;quot;}
  (Session info: chrome=79.0.3945.79)
  (Driver info: chromedriver=78.0.3904.70 (edb9c9f3de0247fd912a77b7f6cae7447f6d3ad5-refs/branch-heads/3904@{#800}),platform=Windows NT 10.0.18363 x86_64) (WARNING: The server did not provide any stacktrace information)
Command duration or timeout: 10.04 seconds
For documentation on this error, please visit: http://seleniumhq.org/exceptions/no_such_element.html
Build info: version: &amp;apos;3.0.0&amp;apos;, revision: &amp;apos;350cf60&amp;apos;, time: &amp;apos;2016-10-13 10:48:57 -0700&amp;apos;
System info: host: &amp;apos;DESKTOP-8DI1090&amp;apos;, ip: &amp;apos;10.1.101.3&amp;apos;, os.name: &amp;apos;Windows 10&amp;apos;, os.arch: &amp;apos;amd64&amp;apos;, os.version: &amp;apos;10.0&amp;apos;, java.version: &amp;apos;1.8.0_231&amp;apos;
Driver info: org.openqa.selenium.chrome.ChromeDriver
Capabilities [{mobileEmulationEnabled=false, timeouts={implicit=0, pageLoad=300000, script=30000}, hasTouchScreen=false, platform=XP, acceptSslCerts=false, goog:chromeOptions={debuggerAddress=localhost:56321}, acceptInsecureCerts=false, webStorageEnabled=true, browserName=chrome, takesScreenshot=true, javascriptEnabled=true, setWindowRect=true, unexpectedAlertBehaviour=ignore, applicationCacheEnabled=false, rotatable=false, networkConnectionEnabled=false, chrome={chromedriverVersion=78.0.3904.70 (edb9c9f3de0247fd912a77b7f6cae7447f6d3ad5-refs/branch-heads/3904@{#800}), userDataDir=C:\Users\Owner\AppData\Local\Temp\scoped_dir19420_36498067}, takesHeapSnapshot=true, pageLoadStrategy=normal, strictFileInteractability=false, databaseEnabled=false, handlesAlerts=true, version=79.0.3945.79, browserConnectionEnabled=false, proxy={}, nativeEvents=true, locationContextEnabled=true, cssSelectorsEnabled=true}]
Session ID: 0811c02839525163436a9c49301d1dc2
*** Element info: {Using=xpath, value=//body/div[2]//ul[@class=&amp;apos;el-scrollbar__view el-select-dropdown__list&amp;apos;]//span[.=&amp;apos;在线入款&amp;apos;]}">
      <![CDATA[org.openqa.selenium.NoSuchElementException: no such element: Unable to locate element: {"method":"xpath","selector":"//body/div[2]//ul[@class='el-scrollbar__view el-select-dropdown__list']//span[.='在线入款']"}
  (Session info: chrome=79.0.3945.79)
  (Driver info: chromedriver=78.0.3904.70 (edb9c9f3de0247fd912a77b7f6cae7447f6d3ad5-refs/branch-heads/3904@{#800}),platform=Windows NT 10.0.18363 x86_64) (WARNING: The server did not provide any stacktrace information)
Command duration or timeout: 10.04 seconds
For documentation on this error, please visit: http://seleniumhq.org/exceptions/no_such_element.html
Build info: version: '3.0.0', revision: '350cf60', time: '2016-10-13 10:48:57 -0700'
System info: host: 'DESKTOP-8DI1090', ip: '10.1.101.3', os.name: 'Windows 10', os.arch: 'amd64', os.version: '10.0', java.version: '1.8.0_231'
Driver info: org.openqa.selenium.chrome.ChromeDriver
Capabilities [{mobileEmulationEnabled=false, timeouts={implicit=0, pageLoad=300000, script=30000}, hasTouchScreen=false, platform=XP, acceptSslCerts=false, goog:chromeOptions={debuggerAddress=localhost:56321}, acceptInsecureCerts=false, webStorageEnabled=true, browserName=chrome, takesScreenshot=true, javascriptEnabled=true, setWindowRect=true, unexpectedAlertBehaviour=ignore, applicationCacheEnabled=false, rotatable=false, networkConnectionEnabled=false, chrome={chromedriverVersion=78.0.3904.70 (edb9c9f3de0247fd912a77b7f6cae7447f6d3ad5-refs/branch-heads/3904@{#800}), userDataDir=C:\Users\Owner\AppData\Local\Temp\scoped_dir19420_36498067}, takesHeapSnapshot=true, pageLoadStrategy=normal, strictFileInteractability=false, databaseEnabled=false, handlesAlerts=true, version=79.0.3945.79, browserConnectionEnabled=false, proxy={}, nativeEvents=true, locationContextEnabled=true, cssSelectorsEnabled=true}]
Session ID: 0811c02839525163436a9c49301d1dc2
*** Element info: {Using=xpath, value=//body/div[2]//ul[@class='el-scrollbar__view el-select-dropdown__list']//span[.='在线入款']}
	at org.openqa.selenium.remote.ErrorHandler.createThrowable(ErrorHandler.java:216)
	at org.openqa.selenium.remote.ErrorHandler.throwIfResponseFailed(ErrorHandler.java:168)
	at org.openqa.selenium.remote.RemoteWebDriver.execute(RemoteWebDriver.java:635)
	at org.openqa.selenium.remote.RemoteWebDriver.findElement(RemoteWebDriver.java:368)
	at org.openqa.selenium.remote.RemoteWebDriver.findElementByXPath(RemoteWebDriver.java:473)
	at org.openqa.selenium.By$ByXPath.findElement(By.java:361)
	at org.openqa.selenium.remote.RemoteWebDriver.findElement(RemoteWebDriver.java:360)
	at SeleniumMethod.WebDriverUtil.xpathClick(WebDriverUtil.java:308)
	at complex.FinanceManagement.upRecharge(FinanceManagement.java:98)
... Removed 31 stack frames]]>
    </failure>
  </testcase> <!-- upRecharge -->
  <testcase name="activityLoseWinLotty" time="3.695" classname="complex.FinanceManagement"/>
  <testcase name="UnSettlement" time="12.794" classname="complex.FinanceManagement">
    <failure type="java.lang.AssertionError" message="expected [true] but found [false]">
      <![CDATA[java.lang.AssertionError: expected [true] but found [false]
	at complex.FinanceManagement.UnSettlement(FinanceManagement.java:202)
... Removed 31 stack frames]]>
    </failure>
  </testcase> <!-- UnSettlement -->
  <testcase name="gameLoseWinTotal" time="2.712" classname="complex.FinanceManagement"/>
  <testcase name="vipNumberMonthsLotty" time="6.694" classname="complex.ReportManagement"/>
  <testcase name="countTotalLotty" time="4.857" classname="complex.ReportManagement"/>
  <testcase name="betMoneyAgentTotalLotty" time="4.832" classname="complex.ReportManagement">
    <failure type="java.lang.AssertionError" message="expected [true] but found [false]">
      <![CDATA[java.lang.AssertionError: expected [true] but found [false]
	at complex.ReportManagement.betMoneyAgentTotalLotty(ReportManagement.java:127)
... Removed 31 stack frames]]>
    </failure>
  </testcase> <!-- betMoneyAgentTotalLotty -->
  <testcase name="winBetMoneyAgentTotalLotty" time="4.838" classname="complex.ReportManagement">
    <failure type="java.lang.AssertionError" message="expected [true] but found [false]">
      <![CDATA[java.lang.AssertionError: expected [true] but found [false]
	at complex.ReportManagement.winBetMoneyAgentTotalLotty(ReportManagement.java:163)
... Removed 31 stack frames]]>
    </failure>
  </testcase> <!-- winBetMoneyAgentTotalLotty -->
  <testcase name="serviceChargeAgentTotalLotty" time="4.8" classname="complex.ReportManagement"/>
  <testcase name="waterBreakAgentTotalLotty" time="4.726" classname="complex.ReportManagement"/>
  <testcase name="oddsMoneyAgentTotalLotty" time="4.851" classname="complex.ReportManagement"/>
  <testcase name="loseWinAgentTotalLotty" time="4.968" classname="complex.ReportManagement"/>
  <testcase name="waterBreakPracticeAgentTotalLotty" time="6.014" classname="complex.ReportManagement">
    <failure type="java.lang.AssertionError" message="expected [true] but found [false]">
      <![CDATA[java.lang.AssertionError: expected [true] but found [false]
	at complex.ReportManagement.waterBreakPracticeAgentTotalLotty(ReportManagement.java:350)
... Removed 31 stack frames]]>
    </failure>
  </testcase> <!-- waterBreakPracticeAgentTotalLotty -->
  <testcase name="loseWinAndWaterAgentTotalLotty" time="6.173" classname="complex.ReportManagement"/>
  <testcase name="vipNumberGame" time="4.99" classname="complex.ReportManagement"/>
  <testcase name="betTotalGame" time="5.202" classname="complex.ReportManagement">
    <failure type="java.lang.AssertionError" message="expected [true] but found [false]">
      <![CDATA[java.lang.AssertionError: expected [true] but found [false]
	at complex.ReportManagement.betTotalGame(ReportManagement.java:498)
... Removed 31 stack frames]]>
    </failure>
  </testcase> <!-- betTotalGame -->
  <testcase name="backWaterTotalGame" time="5.228" classname="complex.ReportManagement"/>
  <testcase name="loseWinTotalGame" time="5.221" classname="complex.ReportManagement">
    <failure type="java.lang.AssertionError" message="expected [true] but found [false]">
      <![CDATA[java.lang.AssertionError: expected [true] but found [false]
	at complex.ReportManagement.loseWinTotalGame(ReportManagement.java:610)
... Removed 31 stack frames]]>
    </failure>
  </testcase> <!-- loseWinTotalGame -->
  <testcase name="loseWinTotalNoWaterGame" time="5.072" classname="complex.ReportManagement">
    <failure type="java.lang.AssertionError" message="expected [true] but found [false]">
      <![CDATA[java.lang.AssertionError: expected [true] but found [false]
	at complex.ReportManagement.loseWinTotalNoWaterGame(ReportManagement.java:656)
... Removed 31 stack frames]]>
    </failure>
  </testcase> <!-- loseWinTotalNoWaterGame -->
  <testcase name="agentBackWaterGame" time="5.595" classname="complex.ReportManagement"/>
  <testcase name="agentAddedBackWaterGame" time="5.03" classname="complex.ReportManagement"/>
  <testcase name="agentCommissionGame" time="5.117" classname="complex.ReportManagement"/>
  <testcase name="vipNumberAgentLotty" time="4.254" classname="complex.ReportManagement"/>
  <testcase name="rechargeMoneyAgentLotty" time="4.335" classname="complex.ReportManagement">
    <failure type="java.lang.AssertionError" message="expected [true] but found [false]">
      <![CDATA[java.lang.AssertionError: expected [true] but found [false]
	at complex.ReportManagement.rechargeMoneyAgentLotty(ReportManagement.java:890)
... Removed 31 stack frames]]>
    </failure>
  </testcase> <!-- rechargeMoneyAgentLotty -->
  <testcase name="countAgentLotty" time="4.16" classname="complex.ReportManagement"/>
  <testcase name="betMoneyAgentReportLotty" time="4.149" classname="complex.ReportManagement"/>
  <testcase name="winBetMoneyAgentReportLotty" time="4.248" classname="complex.ReportManagement"/>
  <testcase name="serviceMoneyAgentLotty" time="4.172" classname="complex.ReportManagement">
    <failure type="java.lang.AssertionError" message="expected [true] but found [false]">
      <![CDATA[java.lang.AssertionError: expected [true] but found [false]
	at complex.ReportManagement.serviceMoneyAgentLotty(ReportManagement.java:1033)
... Removed 31 stack frames]]>
    </failure>
  </testcase> <!-- serviceMoneyAgentLotty -->
  <testcase name="oddsAgentLotty" time="4.219" classname="complex.ReportManagement"/>
  <testcase name="waterBreakMoneyAgentLotty" time="4.293" classname="complex.ReportManagement"/>
  <testcase name="winLoseNotWaterAgentLotty" time="4.453" classname="complex.ReportManagement"/>
  <testcase name="winLoseWaterAgentLotty" time="5.62" classname="complex.ReportManagement"/>
  <testcase name="waterBreakMoneyActivityAgentLotty" time="5.671" classname="complex.ReportManagement"/>
  <testcase name="rechargeMoneyVipLotty" time="10.51" classname="complex.ReportManagement"/>
  <testcase name="withdrawMoneyVipLotty" time="11.027" classname="complex.ReportManagement">
    <failure type="java.lang.AssertionError" message="expected [true] but found [false]">
      <![CDATA[java.lang.AssertionError: expected [true] but found [false]
	at complex.ReportManagement.withdrawMoneyVipLotty(ReportManagement.java:1346)
... Removed 31 stack frames]]>
    </failure>
  </testcase> <!-- withdrawMoneyVipLotty -->
  <testcase name="betNumberLotty" time="8.704" classname="complex.ReportManagement">
    <failure type="java.lang.StringIndexOutOfBoundsException" message="String index out of range: -2">
      <![CDATA[java.lang.StringIndexOutOfBoundsException: String index out of range: -2
	at java.lang.String.substring(String.java:1967)
	at complex.ReportManagement.betNumberLotty(ReportManagement.java:1386)
... Removed 27 stack frames]]>
    </failure>
  </testcase> <!-- betNumberLotty -->
  <testcase name="betMoneyLotty" time="3.203" classname="complex.ReportManagement">
    <failure type="java.lang.AssertionError" message="expected [true] but found [false]">
      <![CDATA[java.lang.AssertionError: expected [true] but found [false]
	at complex.ReportManagement.betMoneyLotty(ReportManagement.java:1421)
... Removed 31 stack frames]]>
    </failure>
  </testcase> <!-- betMoneyLotty -->
  <testcase name="rechargeDiscountLotty" time="6.124" classname="complex.ReportManagement">
    <failure type="java.lang.AssertionError" message="expected [true] but found [false]">
      <![CDATA[java.lang.AssertionError: expected [true] but found [false]
	at complex.ReportManagement.rechargeDiscountLotty(ReportManagement.java:1459)
... Removed 31 stack frames]]>
    </failure>
  </testcase> <!-- rechargeDiscountLotty -->
  <testcase name="agentMoneyLotty" time="6.931" classname="complex.ReportManagement">
    <failure type="java.lang.AssertionError" message="expected [true] but found [false]">
      <![CDATA[java.lang.AssertionError: expected [true] but found [false]
	at complex.ReportManagement.agentMoneyLotty(ReportManagement.java:1496)
... Removed 31 stack frames]]>
    </failure>
  </testcase> <!-- agentMoneyLotty -->
  <testcase name="agentWaterLotty" time="0.031" classname="complex.ReportManagement"/>
  <testcase name="activityLoseWinLotty" time="4.3" classname="complex.ReportManagement">
    <failure type="java.lang.AssertionError" message="expected [true] but found [false]">
      <![CDATA[java.lang.AssertionError: expected [true] but found [false]
	at complex.ReportManagement.activityLoseWinLotty(ReportManagement.java:1561)
... Removed 31 stack frames]]>
    </failure>
  </testcase> <!-- activityLoseWinLotty -->
  <testcase name="activityLoseWinWaterLotty" time="4.279" classname="complex.ReportManagement">
    <failure type="java.lang.AssertionError" message="expected [true] but found [false]">
      <![CDATA[java.lang.AssertionError: expected [true] but found [false]
	at complex.ReportManagement.activityLoseWinWaterLotty(ReportManagement.java:1596)
... Removed 31 stack frames]]>
    </failure>
  </testcase> <!-- activityLoseWinWaterLotty -->
  <testcase name="activityWaterMoneyLotty" time="2.243" classname="complex.ReportManagement"/>
  <testcase name="moneyDetails1" time="18.197" classname="complex.moneyDetails">
    <failure type="org.openqa.selenium.NoSuchElementException" message="no such element: Unable to locate element: {&amp;quot;method&amp;quot;:&amp;quot;xpath&amp;quot;,&amp;quot;selector&amp;quot;:&amp;quot;//*[@id=&amp;quot;app&amp;quot;]/div/div[2]/section/div/div/div[6]/div/div[2]/div/div[2]/div[1]/div[3]/table/tbody/tr[1]/td[3]/div&amp;quot;}
  (Session info: chrome=79.0.3945.79)
  (Driver info: chromedriver=78.0.3904.70 (edb9c9f3de0247fd912a77b7f6cae7447f6d3ad5-refs/branch-heads/3904@{#800}),platform=Windows NT 10.0.18363 x86_64) (WARNING: The server did not provide any stacktrace information)
Command duration or timeout: 10.07 seconds
For documentation on this error, please visit: http://seleniumhq.org/exceptions/no_such_element.html
Build info: version: &amp;apos;3.0.0&amp;apos;, revision: &amp;apos;350cf60&amp;apos;, time: &amp;apos;2016-10-13 10:48:57 -0700&amp;apos;
System info: host: &amp;apos;DESKTOP-8DI1090&amp;apos;, ip: &amp;apos;10.1.101.3&amp;apos;, os.name: &amp;apos;Windows 10&amp;apos;, os.arch: &amp;apos;amd64&amp;apos;, os.version: &amp;apos;10.0&amp;apos;, java.version: &amp;apos;1.8.0_231&amp;apos;
Driver info: org.openqa.selenium.chrome.ChromeDriver
Capabilities [{mobileEmulationEnabled=false, timeouts={implicit=0, pageLoad=300000, script=30000}, hasTouchScreen=false, platform=XP, acceptSslCerts=false, goog:chromeOptions={debuggerAddress=localhost:56321}, acceptInsecureCerts=false, webStorageEnabled=true, browserName=chrome, takesScreenshot=true, javascriptEnabled=true, setWindowRect=true, unexpectedAlertBehaviour=ignore, applicationCacheEnabled=false, rotatable=false, networkConnectionEnabled=false, chrome={chromedriverVersion=78.0.3904.70 (edb9c9f3de0247fd912a77b7f6cae7447f6d3ad5-refs/branch-heads/3904@{#800}), userDataDir=C:\Users\Owner\AppData\Local\Temp\scoped_dir19420_36498067}, takesHeapSnapshot=true, pageLoadStrategy=normal, strictFileInteractability=false, databaseEnabled=false, handlesAlerts=true, version=79.0.3945.79, browserConnectionEnabled=false, proxy={}, nativeEvents=true, locationContextEnabled=true, cssSelectorsEnabled=true}]
Session ID: 0811c02839525163436a9c49301d1dc2
*** Element info: {Using=xpath, value=//*[@id=&amp;quot;app&amp;quot;]/div/div[2]/section/div/div/div[6]/div/div[2]/div/div[2]/div[1]/div[3]/table/tbody/tr[1]/td[3]/div}">
      <![CDATA[org.openqa.selenium.NoSuchElementException: no such element: Unable to locate element: {"method":"xpath","selector":"//*[@id="app"]/div/div[2]/section/div/div/div[6]/div/div[2]/div/div[2]/div[1]/div[3]/table/tbody/tr[1]/td[3]/div"}
  (Session info: chrome=79.0.3945.79)
  (Driver info: chromedriver=78.0.3904.70 (edb9c9f3de0247fd912a77b7f6cae7447f6d3ad5-refs/branch-heads/3904@{#800}),platform=Windows NT 10.0.18363 x86_64) (WARNING: The server did not provide any stacktrace information)
Command duration or timeout: 10.07 seconds
For documentation on this error, please visit: http://seleniumhq.org/exceptions/no_such_element.html
Build info: version: '3.0.0', revision: '350cf60', time: '2016-10-13 10:48:57 -0700'
System info: host: 'DESKTOP-8DI1090', ip: '10.1.101.3', os.name: 'Windows 10', os.arch: 'amd64', os.version: '10.0', java.version: '1.8.0_231'
Driver info: org.openqa.selenium.chrome.ChromeDriver
Capabilities [{mobileEmulationEnabled=false, timeouts={implicit=0, pageLoad=300000, script=30000}, hasTouchScreen=false, platform=XP, acceptSslCerts=false, goog:chromeOptions={debuggerAddress=localhost:56321}, acceptInsecureCerts=false, webStorageEnabled=true, browserName=chrome, takesScreenshot=true, javascriptEnabled=true, setWindowRect=true, unexpectedAlertBehaviour=ignore, applicationCacheEnabled=false, rotatable=false, networkConnectionEnabled=false, chrome={chromedriverVersion=78.0.3904.70 (edb9c9f3de0247fd912a77b7f6cae7447f6d3ad5-refs/branch-heads/3904@{#800}), userDataDir=C:\Users\Owner\AppData\Local\Temp\scoped_dir19420_36498067}, takesHeapSnapshot=true, pageLoadStrategy=normal, strictFileInteractability=false, databaseEnabled=false, handlesAlerts=true, version=79.0.3945.79, browserConnectionEnabled=false, proxy={}, nativeEvents=true, locationContextEnabled=true, cssSelectorsEnabled=true}]
Session ID: 0811c02839525163436a9c49301d1dc2
*** Element info: {Using=xpath, value=//*[@id="app"]/div/div[2]/section/div/div/div[6]/div/div[2]/div/div[2]/div[1]/div[3]/table/tbody/tr[1]/td[3]/div}
	at org.openqa.selenium.remote.ErrorHandler.createThrowable(ErrorHandler.java:216)
	at org.openqa.selenium.remote.ErrorHandler.throwIfResponseFailed(ErrorHandler.java:168)
	at org.openqa.selenium.remote.RemoteWebDriver.execute(RemoteWebDriver.java:635)
	at org.openqa.selenium.remote.RemoteWebDriver.findElement(RemoteWebDriver.java:368)
	at org.openqa.selenium.remote.RemoteWebDriver.findElementByXPath(RemoteWebDriver.java:473)
	at org.openqa.selenium.By$ByXPath.findElement(By.java:361)
	at org.openqa.selenium.remote.RemoteWebDriver.findElement(RemoteWebDriver.java:360)
	at SeleniumMethod.WebDriverUtil.findElementByXpath(WebDriverUtil.java:193)
	at SeleniumMethod.WebDriverUtil.getTextByXpath(WebDriverUtil.java:443)
	at complex.moneyDetails.moneyDetails1(moneyDetails.java:54)
... Removed 31 stack frames]]>
    </failure>
  </testcase> <!-- moneyDetails1 -->
  <testcase name="moneyDetails2" time="10.043" classname="complex.moneyDetails">
    <failure type="org.openqa.selenium.NoSuchElementException" message="no such element: Unable to locate element: {&amp;quot;method&amp;quot;:&amp;quot;xpath&amp;quot;,&amp;quot;selector&amp;quot;:&amp;quot;//*[@id=&amp;quot;app&amp;quot;]/div/div[2]/section/div/div/div[6]/div/div[2]/div/div[2]/div[1]/div[3]/table/tbody/tr[2]/td[3]/div&amp;quot;}
  (Session info: chrome=79.0.3945.79)
  (Driver info: chromedriver=78.0.3904.70 (edb9c9f3de0247fd912a77b7f6cae7447f6d3ad5-refs/branch-heads/3904@{#800}),platform=Windows NT 10.0.18363 x86_64) (WARNING: The server did not provide any stacktrace information)
Command duration or timeout: 10.04 seconds
For documentation on this error, please visit: http://seleniumhq.org/exceptions/no_such_element.html
Build info: version: &amp;apos;3.0.0&amp;apos;, revision: &amp;apos;350cf60&amp;apos;, time: &amp;apos;2016-10-13 10:48:57 -0700&amp;apos;
System info: host: &amp;apos;DESKTOP-8DI1090&amp;apos;, ip: &amp;apos;10.1.101.3&amp;apos;, os.name: &amp;apos;Windows 10&amp;apos;, os.arch: &amp;apos;amd64&amp;apos;, os.version: &amp;apos;10.0&amp;apos;, java.version: &amp;apos;1.8.0_231&amp;apos;
Driver info: org.openqa.selenium.chrome.ChromeDriver
Capabilities [{mobileEmulationEnabled=false, timeouts={implicit=0, pageLoad=300000, script=30000}, hasTouchScreen=false, platform=XP, acceptSslCerts=false, goog:chromeOptions={debuggerAddress=localhost:56321}, acceptInsecureCerts=false, webStorageEnabled=true, browserName=chrome, takesScreenshot=true, javascriptEnabled=true, setWindowRect=true, unexpectedAlertBehaviour=ignore, applicationCacheEnabled=false, rotatable=false, networkConnectionEnabled=false, chrome={chromedriverVersion=78.0.3904.70 (edb9c9f3de0247fd912a77b7f6cae7447f6d3ad5-refs/branch-heads/3904@{#800}), userDataDir=C:\Users\Owner\AppData\Local\Temp\scoped_dir19420_36498067}, takesHeapSnapshot=true, pageLoadStrategy=normal, strictFileInteractability=false, databaseEnabled=false, handlesAlerts=true, version=79.0.3945.79, browserConnectionEnabled=false, proxy={}, nativeEvents=true, locationContextEnabled=true, cssSelectorsEnabled=true}]
Session ID: 0811c02839525163436a9c49301d1dc2
*** Element info: {Using=xpath, value=//*[@id=&amp;quot;app&amp;quot;]/div/div[2]/section/div/div/div[6]/div/div[2]/div/div[2]/div[1]/div[3]/table/tbody/tr[2]/td[3]/div}">
      <![CDATA[org.openqa.selenium.NoSuchElementException: no such element: Unable to locate element: {"method":"xpath","selector":"//*[@id="app"]/div/div[2]/section/div/div/div[6]/div/div[2]/div/div[2]/div[1]/div[3]/table/tbody/tr[2]/td[3]/div"}
  (Session info: chrome=79.0.3945.79)
  (Driver info: chromedriver=78.0.3904.70 (edb9c9f3de0247fd912a77b7f6cae7447f6d3ad5-refs/branch-heads/3904@{#800}),platform=Windows NT 10.0.18363 x86_64) (WARNING: The server did not provide any stacktrace information)
Command duration or timeout: 10.04 seconds
For documentation on this error, please visit: http://seleniumhq.org/exceptions/no_such_element.html
Build info: version: '3.0.0', revision: '350cf60', time: '2016-10-13 10:48:57 -0700'
System info: host: 'DESKTOP-8DI1090', ip: '10.1.101.3', os.name: 'Windows 10', os.arch: 'amd64', os.version: '10.0', java.version: '1.8.0_231'
Driver info: org.openqa.selenium.chrome.ChromeDriver
Capabilities [{mobileEmulationEnabled=false, timeouts={implicit=0, pageLoad=300000, script=30000}, hasTouchScreen=false, platform=XP, acceptSslCerts=false, goog:chromeOptions={debuggerAddress=localhost:56321}, acceptInsecureCerts=false, webStorageEnabled=true, browserName=chrome, takesScreenshot=true, javascriptEnabled=true, setWindowRect=true, unexpectedAlertBehaviour=ignore, applicationCacheEnabled=false, rotatable=false, networkConnectionEnabled=false, chrome={chromedriverVersion=78.0.3904.70 (edb9c9f3de0247fd912a77b7f6cae7447f6d3ad5-refs/branch-heads/3904@{#800}), userDataDir=C:\Users\Owner\AppData\Local\Temp\scoped_dir19420_36498067}, takesHeapSnapshot=true, pageLoadStrategy=normal, strictFileInteractability=false, databaseEnabled=false, handlesAlerts=true, version=79.0.3945.79, browserConnectionEnabled=false, proxy={}, nativeEvents=true, locationContextEnabled=true, cssSelectorsEnabled=true}]
Session ID: 0811c02839525163436a9c49301d1dc2
*** Element info: {Using=xpath, value=//*[@id="app"]/div/div[2]/section/div/div/div[6]/div/div[2]/div/div[2]/div[1]/div[3]/table/tbody/tr[2]/td[3]/div}
	at org.openqa.selenium.remote.ErrorHandler.createThrowable(ErrorHandler.java:216)
	at org.openqa.selenium.remote.ErrorHandler.throwIfResponseFailed(ErrorHandler.java:168)
	at org.openqa.selenium.remote.RemoteWebDriver.execute(RemoteWebDriver.java:635)
	at org.openqa.selenium.remote.RemoteWebDriver.findElement(RemoteWebDriver.java:368)
	at org.openqa.selenium.remote.RemoteWebDriver.findElementByXPath(RemoteWebDriver.java:473)
	at org.openqa.selenium.By$ByXPath.findElement(By.java:361)
	at org.openqa.selenium.remote.RemoteWebDriver.findElement(RemoteWebDriver.java:360)
	at SeleniumMethod.WebDriverUtil.findElementByXpath(WebDriverUtil.java:193)
	at SeleniumMethod.WebDriverUtil.getTextByXpath(WebDriverUtil.java:443)
	at complex.moneyDetails.moneyDetails2(moneyDetails.java:100)
... Removed 31 stack frames]]>
    </failure>
  </testcase> <!-- moneyDetails2 -->
  <testcase name="moneyDetails3" time="10.072" classname="complex.moneyDetails">
    <failure type="org.openqa.selenium.NoSuchElementException" message="no such element: Unable to locate element: {&amp;quot;method&amp;quot;:&amp;quot;xpath&amp;quot;,&amp;quot;selector&amp;quot;:&amp;quot;//*[@id=&amp;quot;app&amp;quot;]/div/div[2]/section/div/div/div[6]/div/div[2]/div/div[2]/div[1]/div[3]/table/tbody/tr[3]/td[3]/div&amp;quot;}
  (Session info: chrome=79.0.3945.79)
  (Driver info: chromedriver=78.0.3904.70 (edb9c9f3de0247fd912a77b7f6cae7447f6d3ad5-refs/branch-heads/3904@{#800}),platform=Windows NT 10.0.18363 x86_64) (WARNING: The server did not provide any stacktrace information)
Command duration or timeout: 10.07 seconds
For documentation on this error, please visit: http://seleniumhq.org/exceptions/no_such_element.html
Build info: version: &amp;apos;3.0.0&amp;apos;, revision: &amp;apos;350cf60&amp;apos;, time: &amp;apos;2016-10-13 10:48:57 -0700&amp;apos;
System info: host: &amp;apos;DESKTOP-8DI1090&amp;apos;, ip: &amp;apos;10.1.101.3&amp;apos;, os.name: &amp;apos;Windows 10&amp;apos;, os.arch: &amp;apos;amd64&amp;apos;, os.version: &amp;apos;10.0&amp;apos;, java.version: &amp;apos;1.8.0_231&amp;apos;
Driver info: org.openqa.selenium.chrome.ChromeDriver
Capabilities [{mobileEmulationEnabled=false, timeouts={implicit=0, pageLoad=300000, script=30000}, hasTouchScreen=false, platform=XP, acceptSslCerts=false, goog:chromeOptions={debuggerAddress=localhost:56321}, acceptInsecureCerts=false, webStorageEnabled=true, browserName=chrome, takesScreenshot=true, javascriptEnabled=true, setWindowRect=true, unexpectedAlertBehaviour=ignore, applicationCacheEnabled=false, rotatable=false, networkConnectionEnabled=false, chrome={chromedriverVersion=78.0.3904.70 (edb9c9f3de0247fd912a77b7f6cae7447f6d3ad5-refs/branch-heads/3904@{#800}), userDataDir=C:\Users\Owner\AppData\Local\Temp\scoped_dir19420_36498067}, takesHeapSnapshot=true, pageLoadStrategy=normal, strictFileInteractability=false, databaseEnabled=false, handlesAlerts=true, version=79.0.3945.79, browserConnectionEnabled=false, proxy={}, nativeEvents=true, locationContextEnabled=true, cssSelectorsEnabled=true}]
Session ID: 0811c02839525163436a9c49301d1dc2
*** Element info: {Using=xpath, value=//*[@id=&amp;quot;app&amp;quot;]/div/div[2]/section/div/div/div[6]/div/div[2]/div/div[2]/div[1]/div[3]/table/tbody/tr[3]/td[3]/div}">
      <![CDATA[org.openqa.selenium.NoSuchElementException: no such element: Unable to locate element: {"method":"xpath","selector":"//*[@id="app"]/div/div[2]/section/div/div/div[6]/div/div[2]/div/div[2]/div[1]/div[3]/table/tbody/tr[3]/td[3]/div"}
  (Session info: chrome=79.0.3945.79)
  (Driver info: chromedriver=78.0.3904.70 (edb9c9f3de0247fd912a77b7f6cae7447f6d3ad5-refs/branch-heads/3904@{#800}),platform=Windows NT 10.0.18363 x86_64) (WARNING: The server did not provide any stacktrace information)
Command duration or timeout: 10.07 seconds
For documentation on this error, please visit: http://seleniumhq.org/exceptions/no_such_element.html
Build info: version: '3.0.0', revision: '350cf60', time: '2016-10-13 10:48:57 -0700'
System info: host: 'DESKTOP-8DI1090', ip: '10.1.101.3', os.name: 'Windows 10', os.arch: 'amd64', os.version: '10.0', java.version: '1.8.0_231'
Driver info: org.openqa.selenium.chrome.ChromeDriver
Capabilities [{mobileEmulationEnabled=false, timeouts={implicit=0, pageLoad=300000, script=30000}, hasTouchScreen=false, platform=XP, acceptSslCerts=false, goog:chromeOptions={debuggerAddress=localhost:56321}, acceptInsecureCerts=false, webStorageEnabled=true, browserName=chrome, takesScreenshot=true, javascriptEnabled=true, setWindowRect=true, unexpectedAlertBehaviour=ignore, applicationCacheEnabled=false, rotatable=false, networkConnectionEnabled=false, chrome={chromedriverVersion=78.0.3904.70 (edb9c9f3de0247fd912a77b7f6cae7447f6d3ad5-refs/branch-heads/3904@{#800}), userDataDir=C:\Users\Owner\AppData\Local\Temp\scoped_dir19420_36498067}, takesHeapSnapshot=true, pageLoadStrategy=normal, strictFileInteractability=false, databaseEnabled=false, handlesAlerts=true, version=79.0.3945.79, browserConnectionEnabled=false, proxy={}, nativeEvents=true, locationContextEnabled=true, cssSelectorsEnabled=true}]
Session ID: 0811c02839525163436a9c49301d1dc2
*** Element info: {Using=xpath, value=//*[@id="app"]/div/div[2]/section/div/div/div[6]/div/div[2]/div/div[2]/div[1]/div[3]/table/tbody/tr[3]/td[3]/div}
	at org.openqa.selenium.remote.ErrorHandler.createThrowable(ErrorHandler.java:216)
	at org.openqa.selenium.remote.ErrorHandler.throwIfResponseFailed(ErrorHandler.java:168)
	at org.openqa.selenium.remote.RemoteWebDriver.execute(RemoteWebDriver.java:635)
	at org.openqa.selenium.remote.RemoteWebDriver.findElement(RemoteWebDriver.java:368)
	at org.openqa.selenium.remote.RemoteWebDriver.findElementByXPath(RemoteWebDriver.java:473)
	at org.openqa.selenium.By$ByXPath.findElement(By.java:361)
	at org.openqa.selenium.remote.RemoteWebDriver.findElement(RemoteWebDriver.java:360)
	at SeleniumMethod.WebDriverUtil.findElementByXpath(WebDriverUtil.java:193)
	at SeleniumMethod.WebDriverUtil.getTextByXpath(WebDriverUtil.java:443)
	at complex.moneyDetails.moneyDetails3(moneyDetails.java:140)
... Removed 31 stack frames]]>
    </failure>
  </testcase> <!-- moneyDetails3 -->
  <testcase name="moneyDetails4" time="10.043" classname="complex.moneyDetails">
    <failure type="org.openqa.selenium.NoSuchElementException" message="no such element: Unable to locate element: {&amp;quot;method&amp;quot;:&amp;quot;xpath&amp;quot;,&amp;quot;selector&amp;quot;:&amp;quot;//*[@id=&amp;quot;app&amp;quot;]/div/div[2]/section/div/div/div[6]/div/div[2]/div/div[2]/div[1]/div[3]/table/tbody/tr[4]/td[3]/div&amp;quot;}
  (Session info: chrome=79.0.3945.79)
  (Driver info: chromedriver=78.0.3904.70 (edb9c9f3de0247fd912a77b7f6cae7447f6d3ad5-refs/branch-heads/3904@{#800}),platform=Windows NT 10.0.18363 x86_64) (WARNING: The server did not provide any stacktrace information)
Command duration or timeout: 10.04 seconds
For documentation on this error, please visit: http://seleniumhq.org/exceptions/no_such_element.html
Build info: version: &amp;apos;3.0.0&amp;apos;, revision: &amp;apos;350cf60&amp;apos;, time: &amp;apos;2016-10-13 10:48:57 -0700&amp;apos;
System info: host: &amp;apos;DESKTOP-8DI1090&amp;apos;, ip: &amp;apos;10.1.101.3&amp;apos;, os.name: &amp;apos;Windows 10&amp;apos;, os.arch: &amp;apos;amd64&amp;apos;, os.version: &amp;apos;10.0&amp;apos;, java.version: &amp;apos;1.8.0_231&amp;apos;
Driver info: org.openqa.selenium.chrome.ChromeDriver
Capabilities [{mobileEmulationEnabled=false, timeouts={implicit=0, pageLoad=300000, script=30000}, hasTouchScreen=false, platform=XP, acceptSslCerts=false, goog:chromeOptions={debuggerAddress=localhost:56321}, acceptInsecureCerts=false, webStorageEnabled=true, browserName=chrome, takesScreenshot=true, javascriptEnabled=true, setWindowRect=true, unexpectedAlertBehaviour=ignore, applicationCacheEnabled=false, rotatable=false, networkConnectionEnabled=false, chrome={chromedriverVersion=78.0.3904.70 (edb9c9f3de0247fd912a77b7f6cae7447f6d3ad5-refs/branch-heads/3904@{#800}), userDataDir=C:\Users\Owner\AppData\Local\Temp\scoped_dir19420_36498067}, takesHeapSnapshot=true, pageLoadStrategy=normal, strictFileInteractability=false, databaseEnabled=false, handlesAlerts=true, version=79.0.3945.79, browserConnectionEnabled=false, proxy={}, nativeEvents=true, locationContextEnabled=true, cssSelectorsEnabled=true}]
Session ID: 0811c02839525163436a9c49301d1dc2
*** Element info: {Using=xpath, value=//*[@id=&amp;quot;app&amp;quot;]/div/div[2]/section/div/div/div[6]/div/div[2]/div/div[2]/div[1]/div[3]/table/tbody/tr[4]/td[3]/div}">
      <![CDATA[org.openqa.selenium.NoSuchElementException: no such element: Unable to locate element: {"method":"xpath","selector":"//*[@id="app"]/div/div[2]/section/div/div/div[6]/div/div[2]/div/div[2]/div[1]/div[3]/table/tbody/tr[4]/td[3]/div"}
  (Session info: chrome=79.0.3945.79)
  (Driver info: chromedriver=78.0.3904.70 (edb9c9f3de0247fd912a77b7f6cae7447f6d3ad5-refs/branch-heads/3904@{#800}),platform=Windows NT 10.0.18363 x86_64) (WARNING: The server did not provide any stacktrace information)
Command duration or timeout: 10.04 seconds
For documentation on this error, please visit: http://seleniumhq.org/exceptions/no_such_element.html
Build info: version: '3.0.0', revision: '350cf60', time: '2016-10-13 10:48:57 -0700'
System info: host: 'DESKTOP-8DI1090', ip: '10.1.101.3', os.name: 'Windows 10', os.arch: 'amd64', os.version: '10.0', java.version: '1.8.0_231'
Driver info: org.openqa.selenium.chrome.ChromeDriver
Capabilities [{mobileEmulationEnabled=false, timeouts={implicit=0, pageLoad=300000, script=30000}, hasTouchScreen=false, platform=XP, acceptSslCerts=false, goog:chromeOptions={debuggerAddress=localhost:56321}, acceptInsecureCerts=false, webStorageEnabled=true, browserName=chrome, takesScreenshot=true, javascriptEnabled=true, setWindowRect=true, unexpectedAlertBehaviour=ignore, applicationCacheEnabled=false, rotatable=false, networkConnectionEnabled=false, chrome={chromedriverVersion=78.0.3904.70 (edb9c9f3de0247fd912a77b7f6cae7447f6d3ad5-refs/branch-heads/3904@{#800}), userDataDir=C:\Users\Owner\AppData\Local\Temp\scoped_dir19420_36498067}, takesHeapSnapshot=true, pageLoadStrategy=normal, strictFileInteractability=false, databaseEnabled=false, handlesAlerts=true, version=79.0.3945.79, browserConnectionEnabled=false, proxy={}, nativeEvents=true, locationContextEnabled=true, cssSelectorsEnabled=true}]
Session ID: 0811c02839525163436a9c49301d1dc2
*** Element info: {Using=xpath, value=//*[@id="app"]/div/div[2]/section/div/div/div[6]/div/div[2]/div/div[2]/div[1]/div[3]/table/tbody/tr[4]/td[3]/div}
	at org.openqa.selenium.remote.ErrorHandler.createThrowable(ErrorHandler.java:216)
	at org.openqa.selenium.remote.ErrorHandler.throwIfResponseFailed(ErrorHandler.java:168)
	at org.openqa.selenium.remote.RemoteWebDriver.execute(RemoteWebDriver.java:635)
	at org.openqa.selenium.remote.RemoteWebDriver.findElement(RemoteWebDriver.java:368)
	at org.openqa.selenium.remote.RemoteWebDriver.findElementByXPath(RemoteWebDriver.java:473)
	at org.openqa.selenium.By$ByXPath.findElement(By.java:361)
	at org.openqa.selenium.remote.RemoteWebDriver.findElement(RemoteWebDriver.java:360)
	at SeleniumMethod.WebDriverUtil.findElementByXpath(WebDriverUtil.java:193)
	at SeleniumMethod.WebDriverUtil.getTextByXpath(WebDriverUtil.java:443)
	at complex.moneyDetails.moneyDetails4(moneyDetails.java:178)
... Removed 31 stack frames]]>
    </failure>
  </testcase> <!-- moneyDetails4 -->
  <testcase name="moneyDetails5" time="10.031" classname="complex.moneyDetails">
    <failure type="org.openqa.selenium.NoSuchElementException" message="no such element: Unable to locate element: {&amp;quot;method&amp;quot;:&amp;quot;xpath&amp;quot;,&amp;quot;selector&amp;quot;:&amp;quot;//*[@id=&amp;quot;app&amp;quot;]/div/div[2]/section/div/div/div[6]/div/div[2]/div/div[2]/div[1]/div[3]/table/tbody/tr[5]/td[3]/div&amp;quot;}
  (Session info: chrome=79.0.3945.79)
  (Driver info: chromedriver=78.0.3904.70 (edb9c9f3de0247fd912a77b7f6cae7447f6d3ad5-refs/branch-heads/3904@{#800}),platform=Windows NT 10.0.18363 x86_64) (WARNING: The server did not provide any stacktrace information)
Command duration or timeout: 10.02 seconds
For documentation on this error, please visit: http://seleniumhq.org/exceptions/no_such_element.html
Build info: version: &amp;apos;3.0.0&amp;apos;, revision: &amp;apos;350cf60&amp;apos;, time: &amp;apos;2016-10-13 10:48:57 -0700&amp;apos;
System info: host: &amp;apos;DESKTOP-8DI1090&amp;apos;, ip: &amp;apos;10.1.101.3&amp;apos;, os.name: &amp;apos;Windows 10&amp;apos;, os.arch: &amp;apos;amd64&amp;apos;, os.version: &amp;apos;10.0&amp;apos;, java.version: &amp;apos;1.8.0_231&amp;apos;
Driver info: org.openqa.selenium.chrome.ChromeDriver
Capabilities [{mobileEmulationEnabled=false, timeouts={implicit=0, pageLoad=300000, script=30000}, hasTouchScreen=false, platform=XP, acceptSslCerts=false, goog:chromeOptions={debuggerAddress=localhost:56321}, acceptInsecureCerts=false, webStorageEnabled=true, browserName=chrome, takesScreenshot=true, javascriptEnabled=true, setWindowRect=true, unexpectedAlertBehaviour=ignore, applicationCacheEnabled=false, rotatable=false, networkConnectionEnabled=false, chrome={chromedriverVersion=78.0.3904.70 (edb9c9f3de0247fd912a77b7f6cae7447f6d3ad5-refs/branch-heads/3904@{#800}), userDataDir=C:\Users\Owner\AppData\Local\Temp\scoped_dir19420_36498067}, takesHeapSnapshot=true, pageLoadStrategy=normal, strictFileInteractability=false, databaseEnabled=false, handlesAlerts=true, version=79.0.3945.79, browserConnectionEnabled=false, proxy={}, nativeEvents=true, locationContextEnabled=true, cssSelectorsEnabled=true}]
Session ID: 0811c02839525163436a9c49301d1dc2
*** Element info: {Using=xpath, value=//*[@id=&amp;quot;app&amp;quot;]/div/div[2]/section/div/div/div[6]/div/div[2]/div/div[2]/div[1]/div[3]/table/tbody/tr[5]/td[3]/div}">
      <![CDATA[org.openqa.selenium.NoSuchElementException: no such element: Unable to locate element: {"method":"xpath","selector":"//*[@id="app"]/div/div[2]/section/div/div/div[6]/div/div[2]/div/div[2]/div[1]/div[3]/table/tbody/tr[5]/td[3]/div"}
  (Session info: chrome=79.0.3945.79)
  (Driver info: chromedriver=78.0.3904.70 (edb9c9f3de0247fd912a77b7f6cae7447f6d3ad5-refs/branch-heads/3904@{#800}),platform=Windows NT 10.0.18363 x86_64) (WARNING: The server did not provide any stacktrace information)
Command duration or timeout: 10.02 seconds
For documentation on this error, please visit: http://seleniumhq.org/exceptions/no_such_element.html
Build info: version: '3.0.0', revision: '350cf60', time: '2016-10-13 10:48:57 -0700'
System info: host: 'DESKTOP-8DI1090', ip: '10.1.101.3', os.name: 'Windows 10', os.arch: 'amd64', os.version: '10.0', java.version: '1.8.0_231'
Driver info: org.openqa.selenium.chrome.ChromeDriver
Capabilities [{mobileEmulationEnabled=false, timeouts={implicit=0, pageLoad=300000, script=30000}, hasTouchScreen=false, platform=XP, acceptSslCerts=false, goog:chromeOptions={debuggerAddress=localhost:56321}, acceptInsecureCerts=false, webStorageEnabled=true, browserName=chrome, takesScreenshot=true, javascriptEnabled=true, setWindowRect=true, unexpectedAlertBehaviour=ignore, applicationCacheEnabled=false, rotatable=false, networkConnectionEnabled=false, chrome={chromedriverVersion=78.0.3904.70 (edb9c9f3de0247fd912a77b7f6cae7447f6d3ad5-refs/branch-heads/3904@{#800}), userDataDir=C:\Users\Owner\AppData\Local\Temp\scoped_dir19420_36498067}, takesHeapSnapshot=true, pageLoadStrategy=normal, strictFileInteractability=false, databaseEnabled=false, handlesAlerts=true, version=79.0.3945.79, browserConnectionEnabled=false, proxy={}, nativeEvents=true, locationContextEnabled=true, cssSelectorsEnabled=true}]
Session ID: 0811c02839525163436a9c49301d1dc2
*** Element info: {Using=xpath, value=//*[@id="app"]/div/div[2]/section/div/div/div[6]/div/div[2]/div/div[2]/div[1]/div[3]/table/tbody/tr[5]/td[3]/div}
	at org.openqa.selenium.remote.ErrorHandler.createThrowable(ErrorHandler.java:216)
	at org.openqa.selenium.remote.ErrorHandler.throwIfResponseFailed(ErrorHandler.java:168)
	at org.openqa.selenium.remote.RemoteWebDriver.execute(RemoteWebDriver.java:635)
	at org.openqa.selenium.remote.RemoteWebDriver.findElement(RemoteWebDriver.java:368)
	at org.openqa.selenium.remote.RemoteWebDriver.findElementByXPath(RemoteWebDriver.java:473)
	at org.openqa.selenium.By$ByXPath.findElement(By.java:361)
	at org.openqa.selenium.remote.RemoteWebDriver.findElement(RemoteWebDriver.java:360)
	at SeleniumMethod.WebDriverUtil.findElementByXpath(WebDriverUtil.java:193)
	at SeleniumMethod.WebDriverUtil.getTextByXpath(WebDriverUtil.java:443)
	at complex.moneyDetails.moneyDetails5(moneyDetails.java:217)
... Removed 31 stack frames]]>
    </failure>
  </testcase> <!-- moneyDetails5 -->
  <testcase name="moneyDetails6" time="10.081" classname="complex.moneyDetails">
    <failure type="org.openqa.selenium.NoSuchElementException" message="no such element: Unable to locate element: {&amp;quot;method&amp;quot;:&amp;quot;xpath&amp;quot;,&amp;quot;selector&amp;quot;:&amp;quot;//*[@id=&amp;quot;app&amp;quot;]/div/div[2]/section/div/div/div[6]/div/div[2]/div/div[2]/div[1]/div[3]/table/tbody/tr[6]/td[3]/div&amp;quot;}
  (Session info: chrome=79.0.3945.79)
  (Driver info: chromedriver=78.0.3904.70 (edb9c9f3de0247fd912a77b7f6cae7447f6d3ad5-refs/branch-heads/3904@{#800}),platform=Windows NT 10.0.18363 x86_64) (WARNING: The server did not provide any stacktrace information)
Command duration or timeout: 10.07 seconds
For documentation on this error, please visit: http://seleniumhq.org/exceptions/no_such_element.html
Build info: version: &amp;apos;3.0.0&amp;apos;, revision: &amp;apos;350cf60&amp;apos;, time: &amp;apos;2016-10-13 10:48:57 -0700&amp;apos;
System info: host: &amp;apos;DESKTOP-8DI1090&amp;apos;, ip: &amp;apos;10.1.101.3&amp;apos;, os.name: &amp;apos;Windows 10&amp;apos;, os.arch: &amp;apos;amd64&amp;apos;, os.version: &amp;apos;10.0&amp;apos;, java.version: &amp;apos;1.8.0_231&amp;apos;
Driver info: org.openqa.selenium.chrome.ChromeDriver
Capabilities [{mobileEmulationEnabled=false, timeouts={implicit=0, pageLoad=300000, script=30000}, hasTouchScreen=false, platform=XP, acceptSslCerts=false, goog:chromeOptions={debuggerAddress=localhost:56321}, acceptInsecureCerts=false, webStorageEnabled=true, browserName=chrome, takesScreenshot=true, javascriptEnabled=true, setWindowRect=true, unexpectedAlertBehaviour=ignore, applicationCacheEnabled=false, rotatable=false, networkConnectionEnabled=false, chrome={chromedriverVersion=78.0.3904.70 (edb9c9f3de0247fd912a77b7f6cae7447f6d3ad5-refs/branch-heads/3904@{#800}), userDataDir=C:\Users\Owner\AppData\Local\Temp\scoped_dir19420_36498067}, takesHeapSnapshot=true, pageLoadStrategy=normal, strictFileInteractability=false, databaseEnabled=false, handlesAlerts=true, version=79.0.3945.79, browserConnectionEnabled=false, proxy={}, nativeEvents=true, locationContextEnabled=true, cssSelectorsEnabled=true}]
Session ID: 0811c02839525163436a9c49301d1dc2
*** Element info: {Using=xpath, value=//*[@id=&amp;quot;app&amp;quot;]/div/div[2]/section/div/div/div[6]/div/div[2]/div/div[2]/div[1]/div[3]/table/tbody/tr[6]/td[3]/div}">
      <![CDATA[org.openqa.selenium.NoSuchElementException: no such element: Unable to locate element: {"method":"xpath","selector":"//*[@id="app"]/div/div[2]/section/div/div/div[6]/div/div[2]/div/div[2]/div[1]/div[3]/table/tbody/tr[6]/td[3]/div"}
  (Session info: chrome=79.0.3945.79)
  (Driver info: chromedriver=78.0.3904.70 (edb9c9f3de0247fd912a77b7f6cae7447f6d3ad5-refs/branch-heads/3904@{#800}),platform=Windows NT 10.0.18363 x86_64) (WARNING: The server did not provide any stacktrace information)
Command duration or timeout: 10.07 seconds
For documentation on this error, please visit: http://seleniumhq.org/exceptions/no_such_element.html
Build info: version: '3.0.0', revision: '350cf60', time: '2016-10-13 10:48:57 -0700'
System info: host: 'DESKTOP-8DI1090', ip: '10.1.101.3', os.name: 'Windows 10', os.arch: 'amd64', os.version: '10.0', java.version: '1.8.0_231'
Driver info: org.openqa.selenium.chrome.ChromeDriver
Capabilities [{mobileEmulationEnabled=false, timeouts={implicit=0, pageLoad=300000, script=30000}, hasTouchScreen=false, platform=XP, acceptSslCerts=false, goog:chromeOptions={debuggerAddress=localhost:56321}, acceptInsecureCerts=false, webStorageEnabled=true, browserName=chrome, takesScreenshot=true, javascriptEnabled=true, setWindowRect=true, unexpectedAlertBehaviour=ignore, applicationCacheEnabled=false, rotatable=false, networkConnectionEnabled=false, chrome={chromedriverVersion=78.0.3904.70 (edb9c9f3de0247fd912a77b7f6cae7447f6d3ad5-refs/branch-heads/3904@{#800}), userDataDir=C:\Users\Owner\AppData\Local\Temp\scoped_dir19420_36498067}, takesHeapSnapshot=true, pageLoadStrategy=normal, strictFileInteractability=false, databaseEnabled=false, handlesAlerts=true, version=79.0.3945.79, browserConnectionEnabled=false, proxy={}, nativeEvents=true, locationContextEnabled=true, cssSelectorsEnabled=true}]
Session ID: 0811c02839525163436a9c49301d1dc2
*** Element info: {Using=xpath, value=//*[@id="app"]/div/div[2]/section/div/div/div[6]/div/div[2]/div/div[2]/div[1]/div[3]/table/tbody/tr[6]/td[3]/div}
	at org.openqa.selenium.remote.ErrorHandler.createThrowable(ErrorHandler.java:216)
	at org.openqa.selenium.remote.ErrorHandler.throwIfResponseFailed(ErrorHandler.java:168)
	at org.openqa.selenium.remote.RemoteWebDriver.execute(RemoteWebDriver.java:635)
	at org.openqa.selenium.remote.RemoteWebDriver.findElement(RemoteWebDriver.java:368)
	at org.openqa.selenium.remote.RemoteWebDriver.findElementByXPath(RemoteWebDriver.java:473)
	at org.openqa.selenium.By$ByXPath.findElement(By.java:361)
	at org.openqa.selenium.remote.RemoteWebDriver.findElement(RemoteWebDriver.java:360)
	at SeleniumMethod.WebDriverUtil.findElementByXpath(WebDriverUtil.java:193)
	at SeleniumMethod.WebDriverUtil.getTextByXpath(WebDriverUtil.java:443)
	at complex.moneyDetails.moneyDetails6(moneyDetails.java:257)
... Removed 31 stack frames]]>
    </failure>
  </testcase> <!-- moneyDetails6 -->
  <testcase name="moneyDetails7" time="10.043" classname="complex.moneyDetails">
    <failure type="org.openqa.selenium.NoSuchElementException" message="no such element: Unable to locate element: {&amp;quot;method&amp;quot;:&amp;quot;xpath&amp;quot;,&amp;quot;selector&amp;quot;:&amp;quot;//*[@id=&amp;quot;app&amp;quot;]/div/div[2]/section/div/div/div[6]/div/div[2]/div/div[2]/div[1]/div[3]/table/tbody/tr[7]/td[3]/div&amp;quot;}
  (Session info: chrome=79.0.3945.79)
  (Driver info: chromedriver=78.0.3904.70 (edb9c9f3de0247fd912a77b7f6cae7447f6d3ad5-refs/branch-heads/3904@{#800}),platform=Windows NT 10.0.18363 x86_64) (WARNING: The server did not provide any stacktrace information)
Command duration or timeout: 10.04 seconds
For documentation on this error, please visit: http://seleniumhq.org/exceptions/no_such_element.html
Build info: version: &amp;apos;3.0.0&amp;apos;, revision: &amp;apos;350cf60&amp;apos;, time: &amp;apos;2016-10-13 10:48:57 -0700&amp;apos;
System info: host: &amp;apos;DESKTOP-8DI1090&amp;apos;, ip: &amp;apos;10.1.101.3&amp;apos;, os.name: &amp;apos;Windows 10&amp;apos;, os.arch: &amp;apos;amd64&amp;apos;, os.version: &amp;apos;10.0&amp;apos;, java.version: &amp;apos;1.8.0_231&amp;apos;
Driver info: org.openqa.selenium.chrome.ChromeDriver
Capabilities [{mobileEmulationEnabled=false, timeouts={implicit=0, pageLoad=300000, script=30000}, hasTouchScreen=false, platform=XP, acceptSslCerts=false, goog:chromeOptions={debuggerAddress=localhost:56321}, acceptInsecureCerts=false, webStorageEnabled=true, browserName=chrome, takesScreenshot=true, javascriptEnabled=true, setWindowRect=true, unexpectedAlertBehaviour=ignore, applicationCacheEnabled=false, rotatable=false, networkConnectionEnabled=false, chrome={chromedriverVersion=78.0.3904.70 (edb9c9f3de0247fd912a77b7f6cae7447f6d3ad5-refs/branch-heads/3904@{#800}), userDataDir=C:\Users\Owner\AppData\Local\Temp\scoped_dir19420_36498067}, takesHeapSnapshot=true, pageLoadStrategy=normal, strictFileInteractability=false, databaseEnabled=false, handlesAlerts=true, version=79.0.3945.79, browserConnectionEnabled=false, proxy={}, nativeEvents=true, locationContextEnabled=true, cssSelectorsEnabled=true}]
Session ID: 0811c02839525163436a9c49301d1dc2
*** Element info: {Using=xpath, value=//*[@id=&amp;quot;app&amp;quot;]/div/div[2]/section/div/div/div[6]/div/div[2]/div/div[2]/div[1]/div[3]/table/tbody/tr[7]/td[3]/div}">
      <![CDATA[org.openqa.selenium.NoSuchElementException: no such element: Unable to locate element: {"method":"xpath","selector":"//*[@id="app"]/div/div[2]/section/div/div/div[6]/div/div[2]/div/div[2]/div[1]/div[3]/table/tbody/tr[7]/td[3]/div"}
  (Session info: chrome=79.0.3945.79)
  (Driver info: chromedriver=78.0.3904.70 (edb9c9f3de0247fd912a77b7f6cae7447f6d3ad5-refs/branch-heads/3904@{#800}),platform=Windows NT 10.0.18363 x86_64) (WARNING: The server did not provide any stacktrace information)
Command duration or timeout: 10.04 seconds
For documentation on this error, please visit: http://seleniumhq.org/exceptions/no_such_element.html
Build info: version: '3.0.0', revision: '350cf60', time: '2016-10-13 10:48:57 -0700'
System info: host: 'DESKTOP-8DI1090', ip: '10.1.101.3', os.name: 'Windows 10', os.arch: 'amd64', os.version: '10.0', java.version: '1.8.0_231'
Driver info: org.openqa.selenium.chrome.ChromeDriver
Capabilities [{mobileEmulationEnabled=false, timeouts={implicit=0, pageLoad=300000, script=30000}, hasTouchScreen=false, platform=XP, acceptSslCerts=false, goog:chromeOptions={debuggerAddress=localhost:56321}, acceptInsecureCerts=false, webStorageEnabled=true, browserName=chrome, takesScreenshot=true, javascriptEnabled=true, setWindowRect=true, unexpectedAlertBehaviour=ignore, applicationCacheEnabled=false, rotatable=false, networkConnectionEnabled=false, chrome={chromedriverVersion=78.0.3904.70 (edb9c9f3de0247fd912a77b7f6cae7447f6d3ad5-refs/branch-heads/3904@{#800}), userDataDir=C:\Users\Owner\AppData\Local\Temp\scoped_dir19420_36498067}, takesHeapSnapshot=true, pageLoadStrategy=normal, strictFileInteractability=false, databaseEnabled=false, handlesAlerts=true, version=79.0.3945.79, browserConnectionEnabled=false, proxy={}, nativeEvents=true, locationContextEnabled=true, cssSelectorsEnabled=true}]
Session ID: 0811c02839525163436a9c49301d1dc2
*** Element info: {Using=xpath, value=//*[@id="app"]/div/div[2]/section/div/div/div[6]/div/div[2]/div/div[2]/div[1]/div[3]/table/tbody/tr[7]/td[3]/div}
	at org.openqa.selenium.remote.ErrorHandler.createThrowable(ErrorHandler.java:216)
	at org.openqa.selenium.remote.ErrorHandler.throwIfResponseFailed(ErrorHandler.java:168)
	at org.openqa.selenium.remote.RemoteWebDriver.execute(RemoteWebDriver.java:635)
	at org.openqa.selenium.remote.RemoteWebDriver.findElement(RemoteWebDriver.java:368)
	at org.openqa.selenium.remote.RemoteWebDriver.findElementByXPath(RemoteWebDriver.java:473)
	at org.openqa.selenium.By$ByXPath.findElement(By.java:361)
	at org.openqa.selenium.remote.RemoteWebDriver.findElement(RemoteWebDriver.java:360)
	at SeleniumMethod.WebDriverUtil.findElementByXpath(WebDriverUtil.java:193)
	at SeleniumMethod.WebDriverUtil.getTextByXpath(WebDriverUtil.java:443)
	at complex.moneyDetails.moneyDetails7(moneyDetails.java:297)
... Removed 31 stack frames]]>
    </failure>
  </testcase> <!-- moneyDetails7 -->
  <testcase name="moneyDetails8" time="10.041" classname="complex.moneyDetails">
    <failure type="org.openqa.selenium.NoSuchElementException" message="no such element: Unable to locate element: {&amp;quot;method&amp;quot;:&amp;quot;xpath&amp;quot;,&amp;quot;selector&amp;quot;:&amp;quot;//*[@id=&amp;quot;app&amp;quot;]/div/div[2]/section/div/div/div[6]/div/div[2]/div/div[2]/div[1]/div[3]/table/tbody/tr[8]/td[3]/div&amp;quot;}
  (Session info: chrome=79.0.3945.79)
  (Driver info: chromedriver=78.0.3904.70 (edb9c9f3de0247fd912a77b7f6cae7447f6d3ad5-refs/branch-heads/3904@{#800}),platform=Windows NT 10.0.18363 x86_64) (WARNING: The server did not provide any stacktrace information)
Command duration or timeout: 10.04 seconds
For documentation on this error, please visit: http://seleniumhq.org/exceptions/no_such_element.html
Build info: version: &amp;apos;3.0.0&amp;apos;, revision: &amp;apos;350cf60&amp;apos;, time: &amp;apos;2016-10-13 10:48:57 -0700&amp;apos;
System info: host: &amp;apos;DESKTOP-8DI1090&amp;apos;, ip: &amp;apos;10.1.101.3&amp;apos;, os.name: &amp;apos;Windows 10&amp;apos;, os.arch: &amp;apos;amd64&amp;apos;, os.version: &amp;apos;10.0&amp;apos;, java.version: &amp;apos;1.8.0_231&amp;apos;
Driver info: org.openqa.selenium.chrome.ChromeDriver
Capabilities [{mobileEmulationEnabled=false, timeouts={implicit=0, pageLoad=300000, script=30000}, hasTouchScreen=false, platform=XP, acceptSslCerts=false, goog:chromeOptions={debuggerAddress=localhost:56321}, acceptInsecureCerts=false, webStorageEnabled=true, browserName=chrome, takesScreenshot=true, javascriptEnabled=true, setWindowRect=true, unexpectedAlertBehaviour=ignore, applicationCacheEnabled=false, rotatable=false, networkConnectionEnabled=false, chrome={chromedriverVersion=78.0.3904.70 (edb9c9f3de0247fd912a77b7f6cae7447f6d3ad5-refs/branch-heads/3904@{#800}), userDataDir=C:\Users\Owner\AppData\Local\Temp\scoped_dir19420_36498067}, takesHeapSnapshot=true, pageLoadStrategy=normal, strictFileInteractability=false, databaseEnabled=false, handlesAlerts=true, version=79.0.3945.79, browserConnectionEnabled=false, proxy={}, nativeEvents=true, locationContextEnabled=true, cssSelectorsEnabled=true}]
Session ID: 0811c02839525163436a9c49301d1dc2
*** Element info: {Using=xpath, value=//*[@id=&amp;quot;app&amp;quot;]/div/div[2]/section/div/div/div[6]/div/div[2]/div/div[2]/div[1]/div[3]/table/tbody/tr[8]/td[3]/div}">
      <![CDATA[org.openqa.selenium.NoSuchElementException: no such element: Unable to locate element: {"method":"xpath","selector":"//*[@id="app"]/div/div[2]/section/div/div/div[6]/div/div[2]/div/div[2]/div[1]/div[3]/table/tbody/tr[8]/td[3]/div"}
  (Session info: chrome=79.0.3945.79)
  (Driver info: chromedriver=78.0.3904.70 (edb9c9f3de0247fd912a77b7f6cae7447f6d3ad5-refs/branch-heads/3904@{#800}),platform=Windows NT 10.0.18363 x86_64) (WARNING: The server did not provide any stacktrace information)
Command duration or timeout: 10.04 seconds
For documentation on this error, please visit: http://seleniumhq.org/exceptions/no_such_element.html
Build info: version: '3.0.0', revision: '350cf60', time: '2016-10-13 10:48:57 -0700'
System info: host: 'DESKTOP-8DI1090', ip: '10.1.101.3', os.name: 'Windows 10', os.arch: 'amd64', os.version: '10.0', java.version: '1.8.0_231'
Driver info: org.openqa.selenium.chrome.ChromeDriver
Capabilities [{mobileEmulationEnabled=false, timeouts={implicit=0, pageLoad=300000, script=30000}, hasTouchScreen=false, platform=XP, acceptSslCerts=false, goog:chromeOptions={debuggerAddress=localhost:56321}, acceptInsecureCerts=false, webStorageEnabled=true, browserName=chrome, takesScreenshot=true, javascriptEnabled=true, setWindowRect=true, unexpectedAlertBehaviour=ignore, applicationCacheEnabled=false, rotatable=false, networkConnectionEnabled=false, chrome={chromedriverVersion=78.0.3904.70 (edb9c9f3de0247fd912a77b7f6cae7447f6d3ad5-refs/branch-heads/3904@{#800}), userDataDir=C:\Users\Owner\AppData\Local\Temp\scoped_dir19420_36498067}, takesHeapSnapshot=true, pageLoadStrategy=normal, strictFileInteractability=false, databaseEnabled=false, handlesAlerts=true, version=79.0.3945.79, browserConnectionEnabled=false, proxy={}, nativeEvents=true, locationContextEnabled=true, cssSelectorsEnabled=true}]
Session ID: 0811c02839525163436a9c49301d1dc2
*** Element info: {Using=xpath, value=//*[@id="app"]/div/div[2]/section/div/div/div[6]/div/div[2]/div/div[2]/div[1]/div[3]/table/tbody/tr[8]/td[3]/div}
	at org.openqa.selenium.remote.ErrorHandler.createThrowable(ErrorHandler.java:216)
	at org.openqa.selenium.remote.ErrorHandler.throwIfResponseFailed(ErrorHandler.java:168)
	at org.openqa.selenium.remote.RemoteWebDriver.execute(RemoteWebDriver.java:635)
	at org.openqa.selenium.remote.RemoteWebDriver.findElement(RemoteWebDriver.java:368)
	at org.openqa.selenium.remote.RemoteWebDriver.findElementByXPath(RemoteWebDriver.java:473)
	at org.openqa.selenium.By$ByXPath.findElement(By.java:361)
	at org.openqa.selenium.remote.RemoteWebDriver.findElement(RemoteWebDriver.java:360)
	at SeleniumMethod.WebDriverUtil.findElementByXpath(WebDriverUtil.java:193)
	at SeleniumMethod.WebDriverUtil.getTextByXpath(WebDriverUtil.java:443)
	at complex.moneyDetails.moneyDetails8(moneyDetails.java:337)
... Removed 31 stack frames]]>
    </failure>
  </testcase> <!-- moneyDetails8 -->
  <testcase name="moneyDetails9" time="10.114" classname="complex.moneyDetails">
    <failure type="org.openqa.selenium.NoSuchElementException" message="no such element: Unable to locate element: {&amp;quot;method&amp;quot;:&amp;quot;xpath&amp;quot;,&amp;quot;selector&amp;quot;:&amp;quot;//*[@id=&amp;quot;app&amp;quot;]/div/div[2]/section/div/div/div[6]/div/div[2]/div/div[2]/div[1]/div[3]/table/tbody/tr[9]/td[3]/div&amp;quot;}
  (Session info: chrome=79.0.3945.79)
  (Driver info: chromedriver=78.0.3904.70 (edb9c9f3de0247fd912a77b7f6cae7447f6d3ad5-refs/branch-heads/3904@{#800}),platform=Windows NT 10.0.18363 x86_64) (WARNING: The server did not provide any stacktrace information)
Command duration or timeout: 10.11 seconds
For documentation on this error, please visit: http://seleniumhq.org/exceptions/no_such_element.html
Build info: version: &amp;apos;3.0.0&amp;apos;, revision: &amp;apos;350cf60&amp;apos;, time: &amp;apos;2016-10-13 10:48:57 -0700&amp;apos;
System info: host: &amp;apos;DESKTOP-8DI1090&amp;apos;, ip: &amp;apos;10.1.101.3&amp;apos;, os.name: &amp;apos;Windows 10&amp;apos;, os.arch: &amp;apos;amd64&amp;apos;, os.version: &amp;apos;10.0&amp;apos;, java.version: &amp;apos;1.8.0_231&amp;apos;
Driver info: org.openqa.selenium.chrome.ChromeDriver
Capabilities [{mobileEmulationEnabled=false, timeouts={implicit=0, pageLoad=300000, script=30000}, hasTouchScreen=false, platform=XP, acceptSslCerts=false, goog:chromeOptions={debuggerAddress=localhost:56321}, acceptInsecureCerts=false, webStorageEnabled=true, browserName=chrome, takesScreenshot=true, javascriptEnabled=true, setWindowRect=true, unexpectedAlertBehaviour=ignore, applicationCacheEnabled=false, rotatable=false, networkConnectionEnabled=false, chrome={chromedriverVersion=78.0.3904.70 (edb9c9f3de0247fd912a77b7f6cae7447f6d3ad5-refs/branch-heads/3904@{#800}), userDataDir=C:\Users\Owner\AppData\Local\Temp\scoped_dir19420_36498067}, takesHeapSnapshot=true, pageLoadStrategy=normal, strictFileInteractability=false, databaseEnabled=false, handlesAlerts=true, version=79.0.3945.79, browserConnectionEnabled=false, proxy={}, nativeEvents=true, locationContextEnabled=true, cssSelectorsEnabled=true}]
Session ID: 0811c02839525163436a9c49301d1dc2
*** Element info: {Using=xpath, value=//*[@id=&amp;quot;app&amp;quot;]/div/div[2]/section/div/div/div[6]/div/div[2]/div/div[2]/div[1]/div[3]/table/tbody/tr[9]/td[3]/div}">
      <![CDATA[org.openqa.selenium.NoSuchElementException: no such element: Unable to locate element: {"method":"xpath","selector":"//*[@id="app"]/div/div[2]/section/div/div/div[6]/div/div[2]/div/div[2]/div[1]/div[3]/table/tbody/tr[9]/td[3]/div"}
  (Session info: chrome=79.0.3945.79)
  (Driver info: chromedriver=78.0.3904.70 (edb9c9f3de0247fd912a77b7f6cae7447f6d3ad5-refs/branch-heads/3904@{#800}),platform=Windows NT 10.0.18363 x86_64) (WARNING: The server did not provide any stacktrace information)
Command duration or timeout: 10.11 seconds
For documentation on this error, please visit: http://seleniumhq.org/exceptions/no_such_element.html
Build info: version: '3.0.0', revision: '350cf60', time: '2016-10-13 10:48:57 -0700'
System info: host: 'DESKTOP-8DI1090', ip: '10.1.101.3', os.name: 'Windows 10', os.arch: 'amd64', os.version: '10.0', java.version: '1.8.0_231'
Driver info: org.openqa.selenium.chrome.ChromeDriver
Capabilities [{mobileEmulationEnabled=false, timeouts={implicit=0, pageLoad=300000, script=30000}, hasTouchScreen=false, platform=XP, acceptSslCerts=false, goog:chromeOptions={debuggerAddress=localhost:56321}, acceptInsecureCerts=false, webStorageEnabled=true, browserName=chrome, takesScreenshot=true, javascriptEnabled=true, setWindowRect=true, unexpectedAlertBehaviour=ignore, applicationCacheEnabled=false, rotatable=false, networkConnectionEnabled=false, chrome={chromedriverVersion=78.0.3904.70 (edb9c9f3de0247fd912a77b7f6cae7447f6d3ad5-refs/branch-heads/3904@{#800}), userDataDir=C:\Users\Owner\AppData\Local\Temp\scoped_dir19420_36498067}, takesHeapSnapshot=true, pageLoadStrategy=normal, strictFileInteractability=false, databaseEnabled=false, handlesAlerts=true, version=79.0.3945.79, browserConnectionEnabled=false, proxy={}, nativeEvents=true, locationContextEnabled=true, cssSelectorsEnabled=true}]
Session ID: 0811c02839525163436a9c49301d1dc2
*** Element info: {Using=xpath, value=//*[@id="app"]/div/div[2]/section/div/div/div[6]/div/div[2]/div/div[2]/div[1]/div[3]/table/tbody/tr[9]/td[3]/div}
	at org.openqa.selenium.remote.ErrorHandler.createThrowable(ErrorHandler.java:216)
	at org.openqa.selenium.remote.ErrorHandler.throwIfResponseFailed(ErrorHandler.java:168)
	at org.openqa.selenium.remote.RemoteWebDriver.execute(RemoteWebDriver.java:635)
	at org.openqa.selenium.remote.RemoteWebDriver.findElement(RemoteWebDriver.java:368)
	at org.openqa.selenium.remote.RemoteWebDriver.findElementByXPath(RemoteWebDriver.java:473)
	at org.openqa.selenium.By$ByXPath.findElement(By.java:361)
	at org.openqa.selenium.remote.RemoteWebDriver.findElement(RemoteWebDriver.java:360)
	at SeleniumMethod.WebDriverUtil.findElementByXpath(WebDriverUtil.java:193)
	at SeleniumMethod.WebDriverUtil.getTextByXpath(WebDriverUtil.java:443)
	at complex.moneyDetails.moneyDetails9(moneyDetails.java:376)
... Removed 31 stack frames]]>
    </failure>
  </testcase> <!-- moneyDetails9 -->
  <testcase name="moneyDetails10" time="10.072" classname="complex.moneyDetails">
    <failure type="org.openqa.selenium.NoSuchElementException" message="no such element: Unable to locate element: {&amp;quot;method&amp;quot;:&amp;quot;xpath&amp;quot;,&amp;quot;selector&amp;quot;:&amp;quot;//*[@id=&amp;quot;app&amp;quot;]/div/div[2]/section/div/div/div[6]/div/div[2]/div/div[2]/div[1]/div[3]/table/tbody/tr[10]/td[3]/div&amp;quot;}
  (Session info: chrome=79.0.3945.79)
  (Driver info: chromedriver=78.0.3904.70 (edb9c9f3de0247fd912a77b7f6cae7447f6d3ad5-refs/branch-heads/3904@{#800}),platform=Windows NT 10.0.18363 x86_64) (WARNING: The server did not provide any stacktrace information)
Command duration or timeout: 10.07 seconds
For documentation on this error, please visit: http://seleniumhq.org/exceptions/no_such_element.html
Build info: version: &amp;apos;3.0.0&amp;apos;, revision: &amp;apos;350cf60&amp;apos;, time: &amp;apos;2016-10-13 10:48:57 -0700&amp;apos;
System info: host: &amp;apos;DESKTOP-8DI1090&amp;apos;, ip: &amp;apos;10.1.101.3&amp;apos;, os.name: &amp;apos;Windows 10&amp;apos;, os.arch: &amp;apos;amd64&amp;apos;, os.version: &amp;apos;10.0&amp;apos;, java.version: &amp;apos;1.8.0_231&amp;apos;
Driver info: org.openqa.selenium.chrome.ChromeDriver
Capabilities [{mobileEmulationEnabled=false, timeouts={implicit=0, pageLoad=300000, script=30000}, hasTouchScreen=false, platform=XP, acceptSslCerts=false, goog:chromeOptions={debuggerAddress=localhost:56321}, acceptInsecureCerts=false, webStorageEnabled=true, browserName=chrome, takesScreenshot=true, javascriptEnabled=true, setWindowRect=true, unexpectedAlertBehaviour=ignore, applicationCacheEnabled=false, rotatable=false, networkConnectionEnabled=false, chrome={chromedriverVersion=78.0.3904.70 (edb9c9f3de0247fd912a77b7f6cae7447f6d3ad5-refs/branch-heads/3904@{#800}), userDataDir=C:\Users\Owner\AppData\Local\Temp\scoped_dir19420_36498067}, takesHeapSnapshot=true, pageLoadStrategy=normal, strictFileInteractability=false, databaseEnabled=false, handlesAlerts=true, version=79.0.3945.79, browserConnectionEnabled=false, proxy={}, nativeEvents=true, locationContextEnabled=true, cssSelectorsEnabled=true}]
Session ID: 0811c02839525163436a9c49301d1dc2
*** Element info: {Using=xpath, value=//*[@id=&amp;quot;app&amp;quot;]/div/div[2]/section/div/div/div[6]/div/div[2]/div/div[2]/div[1]/div[3]/table/tbody/tr[10]/td[3]/div}">
      <![CDATA[org.openqa.selenium.NoSuchElementException: no such element: Unable to locate element: {"method":"xpath","selector":"//*[@id="app"]/div/div[2]/section/div/div/div[6]/div/div[2]/div/div[2]/div[1]/div[3]/table/tbody/tr[10]/td[3]/div"}
  (Session info: chrome=79.0.3945.79)
  (Driver info: chromedriver=78.0.3904.70 (edb9c9f3de0247fd912a77b7f6cae7447f6d3ad5-refs/branch-heads/3904@{#800}),platform=Windows NT 10.0.18363 x86_64) (WARNING: The server did not provide any stacktrace information)
Command duration or timeout: 10.07 seconds
For documentation on this error, please visit: http://seleniumhq.org/exceptions/no_such_element.html
Build info: version: '3.0.0', revision: '350cf60', time: '2016-10-13 10:48:57 -0700'
System info: host: 'DESKTOP-8DI1090', ip: '10.1.101.3', os.name: 'Windows 10', os.arch: 'amd64', os.version: '10.0', java.version: '1.8.0_231'
Driver info: org.openqa.selenium.chrome.ChromeDriver
Capabilities [{mobileEmulationEnabled=false, timeouts={implicit=0, pageLoad=300000, script=30000}, hasTouchScreen=false, platform=XP, acceptSslCerts=false, goog:chromeOptions={debuggerAddress=localhost:56321}, acceptInsecureCerts=false, webStorageEnabled=true, browserName=chrome, takesScreenshot=true, javascriptEnabled=true, setWindowRect=true, unexpectedAlertBehaviour=ignore, applicationCacheEnabled=false, rotatable=false, networkConnectionEnabled=false, chrome={chromedriverVersion=78.0.3904.70 (edb9c9f3de0247fd912a77b7f6cae7447f6d3ad5-refs/branch-heads/3904@{#800}), userDataDir=C:\Users\Owner\AppData\Local\Temp\scoped_dir19420_36498067}, takesHeapSnapshot=true, pageLoadStrategy=normal, strictFileInteractability=false, databaseEnabled=false, handlesAlerts=true, version=79.0.3945.79, browserConnectionEnabled=false, proxy={}, nativeEvents=true, locationContextEnabled=true, cssSelectorsEnabled=true}]
Session ID: 0811c02839525163436a9c49301d1dc2
*** Element info: {Using=xpath, value=//*[@id="app"]/div/div[2]/section/div/div/div[6]/div/div[2]/div/div[2]/div[1]/div[3]/table/tbody/tr[10]/td[3]/div}
	at org.openqa.selenium.remote.ErrorHandler.createThrowable(ErrorHandler.java:216)
	at org.openqa.selenium.remote.ErrorHandler.throwIfResponseFailed(ErrorHandler.java:168)
	at org.openqa.selenium.remote.RemoteWebDriver.execute(RemoteWebDriver.java:635)
	at org.openqa.selenium.remote.RemoteWebDriver.findElement(RemoteWebDriver.java:368)
	at org.openqa.selenium.remote.RemoteWebDriver.findElementByXPath(RemoteWebDriver.java:473)
	at org.openqa.selenium.By$ByXPath.findElement(By.java:361)
	at org.openqa.selenium.remote.RemoteWebDriver.findElement(RemoteWebDriver.java:360)
	at SeleniumMethod.WebDriverUtil.findElementByXpath(WebDriverUtil.java:193)
	at SeleniumMethod.WebDriverUtil.getTextByXpath(WebDriverUtil.java:443)
	at complex.moneyDetails.moneyDetails10(moneyDetails.java:416)
... Removed 31 stack frames]]>
    </failure>
  </testcase> <!-- moneyDetails10 -->
  <testcase name="moneyDetails11" time="10.037" classname="complex.moneyDetails">
    <failure type="org.openqa.selenium.NoSuchElementException" message="no such element: Unable to locate element: {&amp;quot;method&amp;quot;:&amp;quot;xpath&amp;quot;,&amp;quot;selector&amp;quot;:&amp;quot;//*[@id=&amp;quot;app&amp;quot;]/div/div[2]/section/div/div/div[6]/div/div[2]/div/div[2]/div[1]/div[3]/table/tbody/tr[11]/td[3]/div&amp;quot;}
  (Session info: chrome=79.0.3945.79)
  (Driver info: chromedriver=78.0.3904.70 (edb9c9f3de0247fd912a77b7f6cae7447f6d3ad5-refs/branch-heads/3904@{#800}),platform=Windows NT 10.0.18363 x86_64) (WARNING: The server did not provide any stacktrace information)
Command duration or timeout: 10.03 seconds
For documentation on this error, please visit: http://seleniumhq.org/exceptions/no_such_element.html
Build info: version: &amp;apos;3.0.0&amp;apos;, revision: &amp;apos;350cf60&amp;apos;, time: &amp;apos;2016-10-13 10:48:57 -0700&amp;apos;
System info: host: &amp;apos;DESKTOP-8DI1090&amp;apos;, ip: &amp;apos;10.1.101.3&amp;apos;, os.name: &amp;apos;Windows 10&amp;apos;, os.arch: &amp;apos;amd64&amp;apos;, os.version: &amp;apos;10.0&amp;apos;, java.version: &amp;apos;1.8.0_231&amp;apos;
Driver info: org.openqa.selenium.chrome.ChromeDriver
Capabilities [{mobileEmulationEnabled=false, timeouts={implicit=0, pageLoad=300000, script=30000}, hasTouchScreen=false, platform=XP, acceptSslCerts=false, goog:chromeOptions={debuggerAddress=localhost:56321}, acceptInsecureCerts=false, webStorageEnabled=true, browserName=chrome, takesScreenshot=true, javascriptEnabled=true, setWindowRect=true, unexpectedAlertBehaviour=ignore, applicationCacheEnabled=false, rotatable=false, networkConnectionEnabled=false, chrome={chromedriverVersion=78.0.3904.70 (edb9c9f3de0247fd912a77b7f6cae7447f6d3ad5-refs/branch-heads/3904@{#800}), userDataDir=C:\Users\Owner\AppData\Local\Temp\scoped_dir19420_36498067}, takesHeapSnapshot=true, pageLoadStrategy=normal, strictFileInteractability=false, databaseEnabled=false, handlesAlerts=true, version=79.0.3945.79, browserConnectionEnabled=false, proxy={}, nativeEvents=true, locationContextEnabled=true, cssSelectorsEnabled=true}]
Session ID: 0811c02839525163436a9c49301d1dc2
*** Element info: {Using=xpath, value=//*[@id=&amp;quot;app&amp;quot;]/div/div[2]/section/div/div/div[6]/div/div[2]/div/div[2]/div[1]/div[3]/table/tbody/tr[11]/td[3]/div}">
      <![CDATA[org.openqa.selenium.NoSuchElementException: no such element: Unable to locate element: {"method":"xpath","selector":"//*[@id="app"]/div/div[2]/section/div/div/div[6]/div/div[2]/div/div[2]/div[1]/div[3]/table/tbody/tr[11]/td[3]/div"}
  (Session info: chrome=79.0.3945.79)
  (Driver info: chromedriver=78.0.3904.70 (edb9c9f3de0247fd912a77b7f6cae7447f6d3ad5-refs/branch-heads/3904@{#800}),platform=Windows NT 10.0.18363 x86_64) (WARNING: The server did not provide any stacktrace information)
Command duration or timeout: 10.03 seconds
For documentation on this error, please visit: http://seleniumhq.org/exceptions/no_such_element.html
Build info: version: '3.0.0', revision: '350cf60', time: '2016-10-13 10:48:57 -0700'
System info: host: 'DESKTOP-8DI1090', ip: '10.1.101.3', os.name: 'Windows 10', os.arch: 'amd64', os.version: '10.0', java.version: '1.8.0_231'
Driver info: org.openqa.selenium.chrome.ChromeDriver
Capabilities [{mobileEmulationEnabled=false, timeouts={implicit=0, pageLoad=300000, script=30000}, hasTouchScreen=false, platform=XP, acceptSslCerts=false, goog:chromeOptions={debuggerAddress=localhost:56321}, acceptInsecureCerts=false, webStorageEnabled=true, browserName=chrome, takesScreenshot=true, javascriptEnabled=true, setWindowRect=true, unexpectedAlertBehaviour=ignore, applicationCacheEnabled=false, rotatable=false, networkConnectionEnabled=false, chrome={chromedriverVersion=78.0.3904.70 (edb9c9f3de0247fd912a77b7f6cae7447f6d3ad5-refs/branch-heads/3904@{#800}), userDataDir=C:\Users\Owner\AppData\Local\Temp\scoped_dir19420_36498067}, takesHeapSnapshot=true, pageLoadStrategy=normal, strictFileInteractability=false, databaseEnabled=false, handlesAlerts=true, version=79.0.3945.79, browserConnectionEnabled=false, proxy={}, nativeEvents=true, locationContextEnabled=true, cssSelectorsEnabled=true}]
Session ID: 0811c02839525163436a9c49301d1dc2
*** Element info: {Using=xpath, value=//*[@id="app"]/div/div[2]/section/div/div/div[6]/div/div[2]/div/div[2]/div[1]/div[3]/table/tbody/tr[11]/td[3]/div}
	at org.openqa.selenium.remote.ErrorHandler.createThrowable(ErrorHandler.java:216)
	at org.openqa.selenium.remote.ErrorHandler.throwIfResponseFailed(ErrorHandler.java:168)
	at org.openqa.selenium.remote.RemoteWebDriver.execute(RemoteWebDriver.java:635)
	at org.openqa.selenium.remote.RemoteWebDriver.findElement(RemoteWebDriver.java:368)
	at org.openqa.selenium.remote.RemoteWebDriver.findElementByXPath(RemoteWebDriver.java:473)
	at org.openqa.selenium.By$ByXPath.findElement(By.java:361)
	at org.openqa.selenium.remote.RemoteWebDriver.findElement(RemoteWebDriver.java:360)
	at SeleniumMethod.WebDriverUtil.findElementByXpath(WebDriverUtil.java:193)
	at SeleniumMethod.WebDriverUtil.getTextByXpath(WebDriverUtil.java:443)
	at complex.moneyDetails.moneyDetails11(moneyDetails.java:455)
... Removed 31 stack frames]]>
    </failure>
  </testcase> <!-- moneyDetails11 -->
  <testcase name="moneyDetails12" time="10.035" classname="complex.moneyDetails">
    <failure type="org.openqa.selenium.NoSuchElementException" message="no such element: Unable to locate element: {&amp;quot;method&amp;quot;:&amp;quot;xpath&amp;quot;,&amp;quot;selector&amp;quot;:&amp;quot;//*[@id=&amp;quot;app&amp;quot;]/div/div[2]/section/div/div/div[6]/div/div[2]/div/div[2]/div[1]/div[3]/table/tbody/tr[12]/td[3]/div&amp;quot;}
  (Session info: chrome=79.0.3945.79)
  (Driver info: chromedriver=78.0.3904.70 (edb9c9f3de0247fd912a77b7f6cae7447f6d3ad5-refs/branch-heads/3904@{#800}),platform=Windows NT 10.0.18363 x86_64) (WARNING: The server did not provide any stacktrace information)
Command duration or timeout: 10.03 seconds
For documentation on this error, please visit: http://seleniumhq.org/exceptions/no_such_element.html
Build info: version: &amp;apos;3.0.0&amp;apos;, revision: &amp;apos;350cf60&amp;apos;, time: &amp;apos;2016-10-13 10:48:57 -0700&amp;apos;
[...]
Session ID: 0811c02839525163436a9c49301d1dc2
*** Element info: {Using=xpath, value=//*[@id=&amp;quot;app&amp;quot;]/div/div[2]/section/div/div/div[6]/div/div[2]/div/div[2]/div[1]/div[3]/table/tbody/tr[16]/td[3]/div}">
      <![CDATA[org.openqa.selenium.NoSuchElementException: no such element: Unable to locate element: {"method":"xpath","selector":"//*[@id="app"]/div/div[2]/section/div/div/div[6]/div/div[2]/div/div[2]/div[1]/div[3]/table/tbody/tr[16]/td[3]/div"}
  (Session info: chrome=79.0.3945.79)
  (Driver info: chromedriver=78.0.3904.70 (edb9c9f3de0247fd912a77b7f6cae7447f6d3ad5-refs/branch-heads/3904@{#800}),platform=Windows NT 10.0.18363 x86_64) (WARNING: The server did not provide any stacktrace information)
Command duration or timeout: 10.02 seconds
For documentation on this error, please visit: http://seleniumhq.org/exceptions/no_such_element.html
Build info: version: '3.0.0', revision: '350cf60', time: '2016-10-13 10:48:57 -0700'
System info: host: 'DESKTOP-8DI1090', ip: '10.1.101.3', os.name: 'Windows 10', os.arch: 'amd64', os.version: '10.0', java.version: '1.8.0_231'
Driver info: org.openqa.selenium.chrome.ChromeDriver
Capabilities [{mobileEmulationEnabled=false, timeouts={implicit=0, pageLoad=300000, script=30000}, hasTouchScreen=false, platform=XP, acceptSslCerts=false, goog:chromeOptions={debuggerAddress=localhost:56321}, acceptInsecureCerts=false, webStorageEnabled=true, browserName=chrome, takesScreenshot=true, javascriptEnabled=true, setWindowRect=true, unexpectedAlertBehaviour=ignore, applicationCacheEnabled=false, rotatable=false, networkConnectionEnabled=false, chrome={chromedriverVersion=78.0.3904.70 (edb9c9f3de0247fd912a77b7f6cae7447f6d3ad5-refs/branch-heads/3904@{#800}), userDataDir=C:\Users\Owner\AppData\Local\Temp\scoped_dir19420_36498067}, takesHeapSnapshot=true, pageLoadStrategy=normal, strictFileInteractability=false, databaseEnabled=false, handlesAlerts=true, version=79.0.3945.79, browserConnectionEnabled=false, proxy={}, nativeEvents=true, locationContextEnabled=true, cssSelectorsEnabled=true}]
Session ID: 0811c02839525163436a9c49301d1dc2
*** Element info: {Using=xpath, value=//*[@id="app"]/div/div[2]/section/div/div/div[6]/div/div[2]/div/div[2]/div[1]/div[3]/table/tbody/tr[16]/td[3]/div}
	at org.openqa.selenium.remote.ErrorHandler.createThrowable(ErrorHandler.java:216)
	at org.openqa.selenium.remote.ErrorHandler.throwIfResponseFailed(ErrorHandler.java:168)
	at org.openqa.selenium.remote.RemoteWebDriver.execute(RemoteWebDriver.java:635)
	at org.openqa.selenium.remote.RemoteWebDriver.findElement(RemoteWebDriver.java:368)
	at org.openqa.selenium.remote.RemoteWebDriver.findElementByXPath(RemoteWebDriver.java:473)
	at org.openqa.selenium.By$ByXPath.findElement(By.java:361)
	at org.openqa.selenium.remote.RemoteWebDriver.findElement(RemoteWebDriver.java:360)
	at SeleniumMethod.WebDriverUtil.findElementByXpath(WebDriverUtil.java:193)
	at SeleniumMethod.WebDriverUtil.getTextByXpath(WebDriverUtil.java:443)
	at complex.moneyDetails.moneyDetails16(moneyDetails.java:646)
... Removed 30 stack frames]]>
    </failure>
  </testcase> <!-- moneyDetails16 -->
  <testcase name="moneyDetails17" time="10.066" classname="complex.moneyDetails">
    <failure type="org.openqa.selenium.NoSuchElementException" message="no such element: Unable to locate element: {&amp;quot;method&amp;quot;:&amp;quot;xpath&amp;quot;,&amp;quot;selector&amp;quot;:&amp;quot;//*[@id=&amp;quot;app&amp;quot;]/div/div[2]/section/div/div/div[6]/div/div[2]/div/div[2]/div[1]/div[3]/table/tbody/tr[17]/td[3]/div&amp;quot;}
  (Session info: chrome=79.0.3945.79)
  (Driver info: chromedriver=78.0.3904.70 (edb9c9f3de0247fd912a77b7f6cae7447f6d3ad5-refs/branch-heads/3904@{#800}),platform=Windows NT 10.0.18363 x86_64) (WARNING: The server did not provide any stacktrace information)
Command duration or timeout: 10.06 seconds
For documentation on this error, please visit: http://seleniumhq.org/exceptions/no_such_element.html
Build info: version: &amp;apos;3.0.0&amp;apos;, revision: &amp;apos;350cf60&amp;apos;, time: &amp;apos;2016-10-13 10:48:57 -0700&amp;apos;
System info: host: &amp;apos;DESKTOP-8DI1090&amp;apos;, ip: &amp;apos;10.1.101.3&amp;apos;, os.name: &amp;apos;Windows 10&amp;apos;, os.arch: &amp;apos;amd64&amp;apos;, os.version: &amp;apos;10.0&amp;apos;, java.version: &amp;apos;1.8.0_231&amp;apos;
Driver info: org.openqa.selenium.chrome.ChromeDriver
Capabilities [{mobileEmulationEnabled=false, timeouts={implicit=0, pageLoad=300000, script=30000}, hasTouchScreen=false, platform=XP, acceptSslCerts=false, goog:chromeOptions={debuggerAddress=localhost:56321}, acceptInsecureCerts=false, webStorageEnabled=true, browserName=chrome, takesScreenshot=true, javascriptEnabled=true, setWindowRect=true, unexpectedAlertBehaviour=ignore, applicationCacheEnabled=false, rotatable=false, networkConnectionEnabled=false, chrome={chromedriverVersion=78.0.3904.70 (edb9c9f3de0247fd912a77b7f6cae7447f6d3ad5-refs/branch-heads/3904@{#800}), userDataDir=C:\Users\Owner\AppData\Local\Temp\scoped_dir19420_36498067}, takesHeapSnapshot=true, pageLoadStrategy=normal, strictFileInteractability=false, databaseEnabled=false, handlesAlerts=true, version=79.0.3945.79, browserConnectionEnabled=false, proxy={}, nativeEvents=true, locationContextEnabled=true, cssSelectorsEnabled=true}]
Session ID: 0811c02839525163436a9c49301d1dc2
*** Element info: {Using=xpath, value=//*[@id=&amp;quot;app&amp;quot;]/div/div[2]/section/div/div/div[6]/div/div[2]/div/div[2]/div[1]/div[3]/table/tbody/tr[17]/td[3]/div}">
      <![CDATA[org.openqa.selenium.NoSuchElementException: no such element: Unable to locate element: {"method":"xpath","selector":"//*[@id="app"]/div/div[2]/section/div/div/div[6]/div/div[2]/div/div[2]/div[1]/div[3]/table/tbody/tr[17]/td[3]/div"}
  (Session info: chrome=79.0.3945.79)
  (Driver info: chromedriver=78.0.3904.70 (edb9c9f3de0247fd912a77b7f6cae7447f6d3ad5-refs/branch-heads/3904@{#800}),platform=Windows NT 10.0.18363 x86_64) (WARNING: The server did not provide any stacktrace information)
Command duration or timeout: 10.06 seconds
For documentation on this error, please visit: http://seleniumhq.org/exceptions/no_such_element.html
Build info: version: '3.0.0', revision: '350cf60', time: '2016-10-13 10:48:57 -0700'
System info: host: 'DESKTOP-8DI1090', ip: '10.1.101.3', os.name: 'Windows 10', os.arch: 'amd64', os.version: '10.0', java.version: '1.8.0_231'
Driver info: org.openqa.selenium.chrome.ChromeDriver
Capabilities [{mobileEmulationEnabled=false, timeouts={implicit=0, pageLoad=300000, script=30000}, hasTouchScreen=false, platform=XP, acceptSslCerts=false, goog:chromeOptions={debuggerAddress=localhost:56321}, acceptInsecureCerts=false, webStorageEnabled=true, browserName=chrome, takesScreenshot=true, javascriptEnabled=true, setWindowRect=true, unexpectedAlertBehaviour=ignore, applicationCacheEnabled=false, rotatable=false, networkConnectionEnabled=false, chrome={chromedriverVersion=78.0.3904.70 (edb9c9f3de0247fd912a77b7f6cae7447f6d3ad5-refs/branch-heads/3904@{#800}), userDataDir=C:\Users\Owner\AppData\Local\Temp\scoped_dir19420_36498067}, takesHeapSnapshot=true, pageLoadStrategy=normal, strictFileInteractability=false, databaseEnabled=false, handlesAlerts=true, version=79.0.3945.79, browserConnectionEnabled=false, proxy={}, nativeEvents=true, locationContextEnabled=true, cssSelectorsEnabled=true}]
Session ID: 0811c02839525163436a9c49301d1dc2
*** Element info: {Using=xpath, value=//*[@id="app"]/div/div[2]/section/div/div/div[6]/div/div[2]/div/div[2]/div[1]/div[3]/table/tbody/tr[17]/td[3]/div}
	at org.openqa.selenium.remote.ErrorHandler.createThrowable(ErrorHandler.java:216)
	at org.openqa.selenium.remote.ErrorHandler.throwIfResponseFailed(ErrorHandler.java:168)
	at org.openqa.selenium.remote.RemoteWebDriver.execute(RemoteWebDriver.java:635)
	at org.openqa.selenium.remote.RemoteWebDriver.findElement(RemoteWebDriver.java:368)
	at org.openqa.selenium.remote.RemoteWebDriver.findElementByXPath(RemoteWebDriver.java:473)
	at org.openqa.selenium.By$ByXPath.findElement(By.java:361)
	at org.openqa.selenium.remote.RemoteWebDriver.findElement(RemoteWebDriver.java:360)
	at SeleniumMethod.WebDriverUtil.findElementByXpath(WebDriverUtil.java:193)
	at SeleniumMethod.WebDriverUtil.getTextByXpath(WebDriverUtil.java:443)
	at complex.moneyDetails.moneyDetails17(moneyDetails.java:683)
... Removed 30 stack frames]]>
    </failure>
  </testcase> <!-- moneyDetails17 -->
  <testcase name="moneyDetails18" time="10.085" classname="complex.moneyDetails">
    <failure type="org.openqa.selenium.NoSuchElementException" message="no such element: Unable to locate element: {&amp;quot;method&amp;quot;:&amp;quot;xpath&amp;quot;,&amp;quot;selector&amp;quot;:&amp;quot;//*[@id=&amp;quot;app&amp;quot;]/div/div[2]/section/div/div/div[6]/div/div[2]/div/div[2]/div[1]/div[3]/table/tbody/tr[18]/td[3]/div&amp;quot;}
  (Session info: chrome=79.0.3945.79)
  (Driver info: chromedriver=78.0.3904.70 (edb9c9f3de0247fd912a77b7f6cae7447f6d3ad5-refs/branch-heads/3904@{#800}),platform=Windows NT 10.0.18363 x86_64) (WARNING: The server did not provide any stacktrace information)
Command duration or timeout: 10.08 seconds
For documentation on this error, please visit: http://seleniumhq.org/exceptions/no_such_element.html
Build info: version: &amp;apos;3.0.0&amp;apos;, revision: &amp;apos;350cf60&amp;apos;, time: &amp;apos;2016-10-13 10:48:57 -0700&amp;apos;
System info: host: &amp;apos;DESKTOP-8DI1090&amp;apos;, ip: &amp;apos;10.1.101.3&amp;apos;, os.name: &amp;apos;Windows 10&amp;apos;, os.arch: &amp;apos;amd64&amp;apos;, os.version: &amp;apos;10.0&amp;apos;, java.version: &amp;apos;1.8.0_231&amp;apos;
Driver info: org.openqa.selenium.chrome.ChromeDriver
Capabilities [{mobileEmulationEnabled=false, timeouts={implicit=0, pageLoad=300000, script=30000}, hasTouchScreen=false, platform=XP, acceptSslCerts=false, goog:chromeOptions={debuggerAddress=localhost:56321}, acceptInsecureCerts=false, webStorageEnabled=true, browserName=chrome, takesScreenshot=true, javascriptEnabled=true, setWindowRect=true, unexpectedAlertBehaviour=ignore, applicationCacheEnabled=false, rotatable=false, networkConnectionEnabled=false, chrome={chromedriverVersion=78.0.3904.70 (edb9c9f3de0247fd912a77b7f6cae7447f6d3ad5-refs/branch-heads/3904@{#800}), userDataDir=C:\Users\Owner\AppData\Local\Temp\scoped_dir19420_36498067}, takesHeapSnapshot=true, pageLoadStrategy=normal, strictFileInteractability=false, databaseEnabled=false, handlesAlerts=true, version=79.0.3945.79, browserConnectionEnabled=false, proxy={}, nativeEvents=true, locationContextEnabled=true, cssSelectorsEnabled=true}]
Session ID: 0811c02839525163436a9c49301d1dc2
*** Element info: {Using=xpath, value=//*[@id=&amp;quot;app&amp;quot;]/div/div[2]/section/div/div/div[6]/div/div[2]/div/div[2]/div[1]/div[3]/table/tbody/tr[18]/td[3]/div}">
      <![CDATA[org.openqa.selenium.NoSuchElementException: no such element: Unable to locate element: {"method":"xpath","selector":"//*[@id="app"]/div/div[2]/section/div/div/div[6]/div/div[2]/div/div[2]/div[1]/div[3]/table/tbody/tr[18]/td[3]/div"}
  (Session info: chrome=79.0.3945.79)
  (Driver info: chromedriver=78.0.3904.70 (edb9c9f3de0247fd912a77b7f6cae7447f6d3ad5-refs/branch-heads/3904@{#800}),platform=Windows NT 10.0.18363 x86_64) (WARNING: The server did not provide any stacktrace information)
Command duration or timeout: 10.08 seconds
For documentation on this error, please visit: http://seleniumhq.org/exceptions/no_such_element.html
Build info: version: '3.0.0', revision: '350cf60', time: '2016-10-13 10:48:57 -0700'
System info: host: 'DESKTOP-8DI1090', ip: '10.1.101.3', os.name: 'Windows 10', os.arch: 'amd64', os.version: '10.0', java.version: '1.8.0_231'
Driver info: org.openqa.selenium.chrome.ChromeDriver
Capabilities [{mobileEmulationEnabled=false, timeouts={implicit=0, pageLoad=300000, script=30000}, hasTouchScreen=false, platform=XP, acceptSslCerts=false, goog:chromeOptions={debuggerAddress=localhost:56321}, acceptInsecureCerts=false, webStorageEnabled=true, browserName=chrome, takesScreenshot=true, javascriptEnabled=true, setWindowRect=true, unexpectedAlertBehaviour=ignore, applicationCacheEnabled=false, rotatable=false, networkConnectionEnabled=false, chrome={chromedriverVersion=78.0.3904.70 (edb9c9f3de0247fd912a77b7f6cae7447f6d3ad5-refs/branch-heads/3904@{#800}), userDataDir=C:\Users\Owner\AppData\Local\Temp\scoped_dir19420_36498067}, takesHeapSnapshot=true, pageLoadStrategy=normal, strictFileInteractability=false, databaseEnabled=false, handlesAlerts=true, version=79.0.3945.79, browserConnectionEnabled=false, proxy={}, nativeEvents=true, locationContextEnabled=true, cssSelectorsEnabled=true}]
Session ID: 0811c02839525163436a9c49301d1dc2
*** Element info: {Using=xpath, value=//*[@id="app"]/div/div[2]/section/div/div/div[6]/div/div[2]/div/div[2]/div[1]/div[3]/table/tbody/tr[18]/td[3]/div}
	at org.openqa.selenium.remote.ErrorHandler.createThrowable(ErrorHandler.java:216)
	at org.openqa.selenium.remote.ErrorHandler.throwIfResponseFailed(ErrorHandler.java:168)
	at org.openqa.selenium.remote.RemoteWebDriver.execute(RemoteWebDriver.java:635)
	at org.openqa.selenium.remote.RemoteWebDriver.findElement(RemoteWebDriver.java:368)
	at org.openqa.selenium.remote.RemoteWebDriver.findElementByXPath(RemoteWebDriver.java:473)
	at org.openqa.selenium.By$ByXPath.findElement(By.java:361)
	at org.openqa.selenium.remote.RemoteWebDriver.findElement(RemoteWebDriver.java:360)
	at SeleniumMethod.WebDriverUtil.findElementByXpath(WebDriverUtil.java:193)
	at SeleniumMethod.WebDriverUtil.getTextByXpath(WebDriverUtil.java:443)
	at complex.moneyDetails.moneyDetails18(moneyDetails.java:722)
... Removed 30 stack frames]]>
    </failure>
  </testcase> <!-- moneyDetails18 -->
  <testcase name="moneyDetails19" time="10.054" classname="complex.moneyDetails">
    <failure type="org.openqa.selenium.NoSuchElementException" message="no such element: Unable to locate element: {&amp;quot;method&amp;quot;:&amp;quot;xpath&amp;quot;,&amp;quot;selector&amp;quot;:&amp;quot;//*[@id=&amp;quot;app&amp;quot;]/div/div[2]/section/div/div/div[6]/div/div[2]/div/div[2]/div[1]/div[3]/table/tbody/tr[19]/td[3]/div&amp;quot;}
  (Session info: chrome=79.0.3945.79)
  (Driver info: chromedriver=78.0.3904.70 (edb9c9f3de0247fd912a77b7f6cae7447f6d3ad5-refs/branch-heads/3904@{#800}),platform=Windows NT 10.0.18363 x86_64) (WARNING: The server did not provide any stacktrace information)
Command duration or timeout: 10.05 seconds
For documentation on this error, please visit: http://seleniumhq.org/exceptions/no_such_element.html
Build info: version: &amp;apos;3.0.0&amp;apos;, revision: &amp;apos;350cf60&amp;apos;, time: &amp;apos;2016-10-13 10:48:57 -0700&amp;apos;
System info: host: &amp;apos;DESKTOP-8DI1090&amp;apos;, ip: &amp;apos;10.1.101.3&amp;apos;, os.name: &amp;apos;Windows 10&amp;apos;, os.arch: &amp;apos;amd64&amp;apos;, os.version: &amp;apos;10.0&amp;apos;, java.version: &amp;apos;1.8.0_231&amp;apos;
Driver info: org.openqa.selenium.chrome.ChromeDriver
Capabilities [{mobileEmulationEnabled=false, timeouts={implicit=0, pageLoad=300000, script=30000}, hasTouchScreen=false, platform=XP, acceptSslCerts=false, goog:chromeOptions={debuggerAddress=localhost:56321}, acceptInsecureCerts=false, webStorageEnabled=true, browserName=chrome, takesScreenshot=true, javascriptEnabled=true, setWindowRect=true, unexpectedAlertBehaviour=ignore, applicationCacheEnabled=false, rotatable=false, networkConnectionEnabled=false, chrome={chromedriverVersion=78.0.3904.70 (edb9c9f3de0247fd912a77b7f6cae7447f6d3ad5-refs/branch-heads/3904@{#800}), userDataDir=C:\Users\Owner\AppData\Local\Temp\scoped_dir19420_36498067}, takesHeapSnapshot=true, pageLoadStrategy=normal, strictFileInteractability=false, databaseEnabled=false, handlesAlerts=true, version=79.0.3945.79, browserConnectionEnabled=false, proxy={}, nativeEvents=true, locationContextEnabled=true, cssSelectorsEnabled=true}]
Session ID: 0811c02839525163436a9c49301d1dc2
*** Element info: {Using=xpath, value=//*[@id=&amp;quot;app&amp;quot;]/div/div[2]/section/div/div/div[6]/div/div[2]/div/div[2]/div[1]/div[3]/table/tbody/tr[19]/td[3]/div}">
      <![CDATA[org.openqa.selenium.NoSuchElementException: no such element: Unable to locate element: {"method":"xpath","selector":"//*[@id="app"]/div/div[2]/section/div/div/div[6]/div/div[2]/div/div[2]/div[1]/div[3]/table/tbody/tr[19]/td[3]/div"}
  (Session info: chrome=79.0.3945.79)
  (Driver info: chromedriver=78.0.3904.70 (edb9c9f3de0247fd912a77b7f6cae7447f6d3ad5-refs/branch-heads/3904@{#800}),platform=Windows NT 10.0.18363 x86_64) (WARNING: The server did not provide any stacktrace information)
Command duration or timeout: 10.05 seconds
For documentation on this error, please visit: http://seleniumhq.org/exceptions/no_such_element.html
Build info: version: '3.0.0', revision: '350cf60', time: '2016-10-13 10:48:57 -0700'
System info: host: 'DESKTOP-8DI1090', ip: '10.1.101.3', os.name: 'Windows 10', os.arch: 'amd64', os.version: '10.0', java.version: '1.8.0_231'
Driver info: org.openqa.selenium.chrome.ChromeDriver
Capabilities [{mobileEmulationEnabled=false, timeouts={implicit=0, pageLoad=300000, script=30000}, hasTouchScreen=false, platform=XP, acceptSslCerts=false, goog:chromeOptions={debuggerAddress=localhost:56321}, acceptInsecureCerts=false, webStorageEnabled=true, browserName=chrome, takesScreenshot=true, javascriptEnabled=true, setWindowRect=true, unexpectedAlertBehaviour=ignore, applicationCacheEnabled=false, rotatable=false, networkConnectionEnabled=false, chrome={chromedriverVersion=78.0.3904.70 (edb9c9f3de0247fd912a77b7f6cae7447f6d3ad5-refs/branch-heads/3904@{#800}), userDataDir=C:\Users\Owner\AppData\Local\Temp\scoped_dir19420_36498067}, takesHeapSnapshot=true, pageLoadStrategy=normal, strictFileInteractability=false, databaseEnabled=false, handlesAlerts=true, version=79.0.3945.79, browserConnectionEnabled=false, proxy={}, nativeEvents=true, locationContextEnabled=true, cssSelectorsEnabled=true}]
Session ID: 0811c02839525163436a9c49301d1dc2
*** Element info: {Using=xpath, value=//*[@id="app"]/div/div[2]/section/div/div/div[6]/div/div[2]/div/div[2]/div[1]/div[3]/table/tbody/tr[19]/td[3]/div}
	at org.openqa.selenium.remote.ErrorHandler.createThrowable(ErrorHandler.java:216)
	at org.openqa.selenium.remote.ErrorHandler.throwIfResponseFailed(ErrorHandler.java:168)
	at org.openqa.selenium.remote.RemoteWebDriver.execute(RemoteWebDriver.java:635)
	at org.openqa.selenium.remote.RemoteWebDriver.findElement(RemoteWebDriver.java:368)
	at org.openqa.selenium.remote.RemoteWebDriver.findElementByXPath(RemoteWebDriver.java:473)
	at org.openqa.selenium.By$ByXPath.findElement(By.java:361)
	at org.openqa.selenium.remote.RemoteWebDriver.findElement(RemoteWebDriver.java:360)
	at SeleniumMethod.WebDriverUtil.findElementByXpath(WebDriverUtil.java:193)
	at SeleniumMethod.WebDriverUtil.getTextByXpath(WebDriverUtil.java:443)
	at complex.moneyDetails.moneyDetails19(moneyDetails.java:761)
... Removed 30 stack frames]]>
    </failure>
  </testcase> <!-- moneyDetails19 -->
</testsuite> <!-- 平台管理员 -->
