<?xml version="1.0" encoding="UTF-8"?>
<!-- Generated by org.testng.reporters.JUnitXMLReporter -->
<testsuite hostname="DESKTOP-8DI1090" name="平台管理员" tests="31" failures="16" timestamp="25 Nov 2019 10:21:26 GMT" time="127.925" errors="0">
  <testcase name="playerNumber" time="2.625" classname="Backstage.admin.panel"/>
  <testcase name="notesNumber" time="1.342" classname="Backstage.admin.panel">
    <failure type="org.openqa.selenium.WebDriverException" message="element click intercepted: Element &amp;lt;span&amp;gt;...&amp;lt;/span&amp;gt; is not clickable at point (82, 461). Other element would receive the click: &amp;lt;li role=&amp;quot;menuitem&amp;quot; tabindex=&amp;quot;-1&amp;quot; class=&amp;quot;el-menu-item&amp;quot; style=&amp;quot;padding-left: 40px; color: rgb(191, 203, 217); background-color: rgb(48, 65, 86);&amp;quot;&amp;gt;...&amp;lt;/li&amp;gt;
  (Session info: chrome=78.0.3904.97)
  (Driver info: chromedriver=78.0.3904.70 (edb9c9f3de0247fd912a77b7f6cae7447f6d3ad5-refs/branch-heads/3904@{#800}),platform=Windows NT 10.0.18363 x86_64) (WARNING: The server did not provide any stacktrace information)
Command duration or timeout: 274 milliseconds
Build info: version: &amp;apos;3.0.0&amp;apos;, revision: &amp;apos;350cf60&amp;apos;, time: &amp;apos;2016-10-13 10:48:57 -0700&amp;apos;
System info: host: &amp;apos;DESKTOP-8DI1090&amp;apos;, ip: &amp;apos;10.1.101.3&amp;apos;, os.name: &amp;apos;Windows 10&amp;apos;, os.arch: &amp;apos;amd64&amp;apos;, os.version: &amp;apos;10.0&amp;apos;, java.version: &amp;apos;1.8.0_231&amp;apos;
Driver info: org.openqa.selenium.chrome.ChromeDriver
Capabilities [{mobileEmulationEnabled=false, timeouts={implicit=0, pageLoad=300000, script=30000}, hasTouchScreen=false, platform=XP, acceptSslCerts=false, goog:chromeOptions={debuggerAddress=localhost:58521}, acceptInsecureCerts=false, webStorageEnabled=true, browserName=chrome, takesScreenshot=true, javascriptEnabled=true, setWindowRect=true, unexpectedAlertBehaviour=ignore, applicationCacheEnabled=false, rotatable=false, networkConnectionEnabled=false, chrome={chromedriverVersion=78.0.3904.70 (edb9c9f3de0247fd912a77b7f6cae7447f6d3ad5-refs/branch-heads/3904@{#800}), userDataDir=C:\Users\Owner\AppData\Local\Temp\scoped_dir15620_1103966197}, takesHeapSnapshot=true, pageLoadStrategy=normal, strictFileInteractability=false, databaseEnabled=false, handlesAlerts=true, version=78.0.3904.97, browserConnectionEnabled=false, proxy={}, nativeEvents=true, locationContextEnabled=true, cssSelectorsEnabled=true}]
Session ID: 2f5106106f29eba7ef6066dae8ce9d27">
      <![CDATA[org.openqa.selenium.WebDriverException: element click intercepted: Element <span>...</span> is not clickable at point (82, 461). Other element would receive the click: <li role="menuitem" tabindex="-1" class="el-menu-item" style="padding-left: 40px; color: rgb(191, 203, 217); background-color: rgb(48, 65, 86);">...</li>
  (Session info: chrome=78.0.3904.97)
  (Driver info: chromedriver=78.0.3904.70 (edb9c9f3de0247fd912a77b7f6cae7447f6d3ad5-refs/branch-heads/3904@{#800}),platform=Windows NT 10.0.18363 x86_64) (WARNING: The server did not provide any stacktrace information)
Command duration or timeout: 274 milliseconds
Build info: version: '3.0.0', revision: '350cf60', time: '2016-10-13 10:48:57 -0700'
System info: host: 'DESKTOP-8DI1090', ip: '10.1.101.3', os.name: 'Windows 10', os.arch: 'amd64', os.version: '10.0', java.version: '1.8.0_231'
Driver info: org.openqa.selenium.chrome.ChromeDriver
Capabilities [{mobileEmulationEnabled=false, timeouts={implicit=0, pageLoad=300000, script=30000}, hasTouchScreen=false, platform=XP, acceptSslCerts=false, goog:chromeOptions={debuggerAddress=localhost:58521}, acceptInsecureCerts=false, webStorageEnabled=true, browserName=chrome, takesScreenshot=true, javascriptEnabled=true, setWindowRect=true, unexpectedAlertBehaviour=ignore, applicationCacheEnabled=false, rotatable=false, networkConnectionEnabled=false, chrome={chromedriverVersion=78.0.3904.70 (edb9c9f3de0247fd912a77b7f6cae7447f6d3ad5-refs/branch-heads/3904@{#800}), userDataDir=C:\Users\Owner\AppData\Local\Temp\scoped_dir15620_1103966197}, takesHeapSnapshot=true, pageLoadStrategy=normal, strictFileInteractability=false, databaseEnabled=false, handlesAlerts=true, version=78.0.3904.97, browserConnectionEnabled=false, proxy={}, nativeEvents=true, locationContextEnabled=true, cssSelectorsEnabled=true}]
Session ID: 2f5106106f29eba7ef6066dae8ce9d27
	at org.openqa.selenium.remote.ErrorHandler.createThrowable(ErrorHandler.java:216)
	at org.openqa.selenium.remote.ErrorHandler.throwIfResponseFailed(ErrorHandler.java:168)
	at org.openqa.selenium.remote.RemoteWebDriver.execute(RemoteWebDriver.java:635)
	at org.openqa.selenium.remote.RemoteWebElement.execute(RemoteWebElement.java:274)
	at org.openqa.selenium.remote.RemoteWebElement.click(RemoteWebElement.java:84)
	at SeleniumMethod.WebDriverUtil.xpathClick(WebDriverUtil.java:308)
	at Backstage.admin.panel.notesNumber(panel.java:84)
... Removed 31 stack frames]]>
    </failure>
  </testcase> <!-- notesNumber -->
  <testcase name="agentNumber" time="3.702" classname="Backstage.admin.UserManagement"/>
  <testcase name="vipNumber" time="3.497" classname="Backstage.admin.UserManagement">
    <failure type="java.lang.AssertionError" message="expected [true] but found [false]">
      <![CDATA[java.lang.AssertionError: expected [true] but found [false]
	at Backstage.admin.UserManagement.vipNumber(UserManagement.java:93)
... Removed 31 stack frames]]>
    </failure>
  </testcase> <!-- vipNumber -->
  <testcase name="agentVipNumber" time="3.581" classname="Backstage.admin.UserManagement"/>
  <testcase name="onlinePlayer" time="2.85" classname="Backstage.admin.UserManagement"/>
  <testcase name="onlineBackstage" time="3.725" classname="Backstage.admin.UserManagement"/>
  <testcase name="rechargeBalance" time="0.182" classname="Backstage.admin.FinanceManagement">
    <failure type="org.openqa.selenium.WebDriverException" message="element click intercepted: Element &amp;lt;span&amp;gt;...&amp;lt;/span&amp;gt; is not clickable at point (68, 551). Other element would receive the click: &amp;lt;li role=&amp;quot;menuitem&amp;quot; tabindex=&amp;quot;-1&amp;quot; class=&amp;quot;el-menu-item&amp;quot; style=&amp;quot;padding-left: 40px; color: rgb(191, 203, 217); background-color: rgb(38, 52, 69);&amp;quot;&amp;gt;...&amp;lt;/li&amp;gt;
  (Session info: chrome=78.0.3904.97)
  (Driver info: chromedriver=78.0.3904.70 (edb9c9f3de0247fd912a77b7f6cae7447f6d3ad5-refs/branch-heads/3904@{#800}),platform=Windows NT 10.0.18363 x86_64) (WARNING: The server did not provide any stacktrace information)
Command duration or timeout: 97 milliseconds
Build info: version: &amp;apos;3.0.0&amp;apos;, revision: &amp;apos;350cf60&amp;apos;, time: &amp;apos;2016-10-13 10:48:57 -0700&amp;apos;
System info: host: &amp;apos;DESKTOP-8DI1090&amp;apos;, ip: &amp;apos;10.1.101.3&amp;apos;, os.name: &amp;apos;Windows 10&amp;apos;, os.arch: &amp;apos;amd64&amp;apos;, os.version: &amp;apos;10.0&amp;apos;, java.version: &amp;apos;1.8.0_231&amp;apos;
Driver info: org.openqa.selenium.chrome.ChromeDriver
Capabilities [{mobileEmulationEnabled=false, timeouts={implicit=0, pageLoad=300000, script=30000}, hasTouchScreen=false, platform=XP, acceptSslCerts=false, goog:chromeOptions={debuggerAddress=localhost:58521}, acceptInsecureCerts=false, webStorageEnabled=true, browserName=chrome, takesScreenshot=true, javascriptEnabled=true, setWindowRect=true, unexpectedAlertBehaviour=ignore, applicationCacheEnabled=false, rotatable=false, networkConnectionEnabled=false, chrome={chromedriverVersion=78.0.3904.70 (edb9c9f3de0247fd912a77b7f6cae7447f6d3ad5-refs/branch-heads/3904@{#800}), userDataDir=C:\Users\Owner\AppData\Local\Temp\scoped_dir15620_1103966197}, takesHeapSnapshot=true, pageLoadStrategy=normal, strictFileInteractability=false, databaseEnabled=false, handlesAlerts=true, version=78.0.3904.97, browserConnectionEnabled=false, proxy={}, nativeEvents=true, locationContextEnabled=true, cssSelectorsEnabled=true}]
Session ID: 2f5106106f29eba7ef6066dae8ce9d27">
      <![CDATA[org.openqa.selenium.WebDriverException: element click intercepted: Element <span>...</span> is not clickable at point (68, 551). Other element would receive the click: <li role="menuitem" tabindex="-1" class="el-menu-item" style="padding-left: 40px; color: rgb(191, 203, 217); background-color: rgb(38, 52, 69);">...</li>
  (Session info: chrome=78.0.3904.97)
  (Driver info: chromedriver=78.0.3904.70 (edb9c9f3de0247fd912a77b7f6cae7447f6d3ad5-refs/branch-heads/3904@{#800}),platform=Windows NT 10.0.18363 x86_64) (WARNING: The server did not provide any stacktrace information)
Command duration or timeout: 97 milliseconds
Build info: version: '3.0.0', revision: '350cf60', time: '2016-10-13 10:48:57 -0700'
System info: host: 'DESKTOP-8DI1090', ip: '10.1.101.3', os.name: 'Windows 10', os.arch: 'amd64', os.version: '10.0', java.version: '1.8.0_231'
Driver info: org.openqa.selenium.chrome.ChromeDriver
Capabilities [{mobileEmulationEnabled=false, timeouts={implicit=0, pageLoad=300000, script=30000}, hasTouchScreen=false, platform=XP, acceptSslCerts=false, goog:chromeOptions={debuggerAddress=localhost:58521}, acceptInsecureCerts=false, webStorageEnabled=true, browserName=chrome, takesScreenshot=true, javascriptEnabled=true, setWindowRect=true, unexpectedAlertBehaviour=ignore, applicationCacheEnabled=false, rotatable=false, networkConnectionEnabled=false, chrome={chromedriverVersion=78.0.3904.70 (edb9c9f3de0247fd912a77b7f6cae7447f6d3ad5-refs/branch-heads/3904@{#800}), userDataDir=C:\Users\Owner\AppData\Local\Temp\scoped_dir15620_1103966197}, takesHeapSnapshot=true, pageLoadStrategy=normal, strictFileInteractability=false, databaseEnabled=false, handlesAlerts=true, version=78.0.3904.97, browserConnectionEnabled=false, proxy={}, nativeEvents=true, locationContextEnabled=true, cssSelectorsEnabled=true}]
Session ID: 2f5106106f29eba7ef6066dae8ce9d27
	at org.openqa.selenium.remote.ErrorHandler.createThrowable(ErrorHandler.java:216)
	at org.openqa.selenium.remote.ErrorHandler.throwIfResponseFailed(ErrorHandler.java:168)
	at org.openqa.selenium.remote.RemoteWebDriver.execute(RemoteWebDriver.java:635)
	at org.openqa.selenium.remote.RemoteWebElement.execute(RemoteWebElement.java:274)
	at org.openqa.selenium.remote.RemoteWebElement.click(RemoteWebElement.java:84)
	at SeleniumMethod.WebDriverUtil.xpathClick(WebDriverUtil.java:308)
	at Backstage.admin.FinanceManagement.rechargeBalance(FinanceManagement.java:49)
... Removed 31 stack frames]]>
    </failure>
  </testcase> <!-- rechargeBalance -->
  <testcase name="ReconciliationVip" time="0.11" classname="Backstage.admin.FinanceManagement">
    <failure type="org.openqa.selenium.WebDriverException" message="element click intercepted: Element &amp;lt;span&amp;gt;...&amp;lt;/span&amp;gt; is not clickable at point (78, 301). Other element would receive the click: &amp;lt;li role=&amp;quot;menuitem&amp;quot; tabindex=&amp;quot;-1&amp;quot; class=&amp;quot;el-menu-item&amp;quot; style=&amp;quot;padding-left: 40px; color: rgb(191, 203, 217); background-color: rgb(48, 65, 86);&amp;quot;&amp;gt;...&amp;lt;/li&amp;gt;
  (Session info: chrome=78.0.3904.97)
  (Driver info: chromedriver=78.0.3904.70 (edb9c9f3de0247fd912a77b7f6cae7447f6d3ad5-refs/branch-heads/3904@{#800}),platform=Windows NT 10.0.18363 x86_64) (WARNING: The server did not provide any stacktrace information)
Command duration or timeout: 56 milliseconds
Build info: version: &amp;apos;3.0.0&amp;apos;, revision: &amp;apos;350cf60&amp;apos;, time: &amp;apos;2016-10-13 10:48:57 -0700&amp;apos;
System info: host: &amp;apos;DESKTOP-8DI1090&amp;apos;, ip: &amp;apos;10.1.101.3&amp;apos;, os.name: &amp;apos;Windows 10&amp;apos;, os.arch: &amp;apos;amd64&amp;apos;, os.version: &amp;apos;10.0&amp;apos;, java.version: &amp;apos;1.8.0_231&amp;apos;
Driver info: org.openqa.selenium.chrome.ChromeDriver
Capabilities [{mobileEmulationEnabled=false, timeouts={implicit=0, pageLoad=300000, script=30000}, hasTouchScreen=false, platform=XP, acceptSslCerts=false, goog:chromeOptions={debuggerAddress=localhost:58521}, acceptInsecureCerts=false, webStorageEnabled=true, browserName=chrome, takesScreenshot=true, javascriptEnabled=true, setWindowRect=true, unexpectedAlertBehaviour=ignore, applicationCacheEnabled=false, rotatable=false, networkConnectionEnabled=false, chrome={chromedriverVersion=78.0.3904.70 (edb9c9f3de0247fd912a77b7f6cae7447f6d3ad5-refs/branch-heads/3904@{#800}), userDataDir=C:\Users\Owner\AppData\Local\Temp\scoped_dir15620_1103966197}, takesHeapSnapshot=true, pageLoadStrategy=normal, strictFileInteractability=false, databaseEnabled=false, handlesAlerts=true, version=78.0.3904.97, browserConnectionEnabled=false, proxy={}, nativeEvents=true, locationContextEnabled=true, cssSelectorsEnabled=true}]
Session ID: 2f5106106f29eba7ef6066dae8ce9d27">
      <![CDATA[org.openqa.selenium.WebDriverException: element click intercepted: Element <span>...</span> is not clickable at point (78, 301). Other element would receive the click: <li role="menuitem" tabindex="-1" class="el-menu-item" style="padding-left: 40px; color: rgb(191, 203, 217); background-color: rgb(48, 65, 86);">...</li>
  (Session info: chrome=78.0.3904.97)
  (Driver info: chromedriver=78.0.3904.70 (edb9c9f3de0247fd912a77b7f6cae7447f6d3ad5-refs/branch-heads/3904@{#800}),platform=Windows NT 10.0.18363 x86_64) (WARNING: The server did not provide any stacktrace information)
Command duration or timeout: 56 milliseconds
Build info: version: '3.0.0', revision: '350cf60', time: '2016-10-13 10:48:57 -0700'
System info: host: 'DESKTOP-8DI1090', ip: '10.1.101.3', os.name: 'Windows 10', os.arch: 'amd64', os.version: '10.0', java.version: '1.8.0_231'
Driver info: org.openqa.selenium.chrome.ChromeDriver
Capabilities [{mobileEmulationEnabled=false, timeouts={implicit=0, pageLoad=300000, script=30000}, hasTouchScreen=false, platform=XP, acceptSslCerts=false, goog:chromeOptions={debuggerAddress=localhost:58521}, acceptInsecureCerts=false, webStorageEnabled=true, browserName=chrome, takesScreenshot=true, javascriptEnabled=true, setWindowRect=true, unexpectedAlertBehaviour=ignore, applicationCacheEnabled=false, rotatable=false, networkConnectionEnabled=false, chrome={chromedriverVersion=78.0.3904.70 (edb9c9f3de0247fd912a77b7f6cae7447f6d3ad5-refs/branch-heads/3904@{#800}), userDataDir=C:\Users\Owner\AppData\Local\Temp\scoped_dir15620_1103966197}, takesHeapSnapshot=true, pageLoadStrategy=normal, strictFileInteractability=false, databaseEnabled=false, handlesAlerts=true, version=78.0.3904.97, browserConnectionEnabled=false, proxy={}, nativeEvents=true, locationContextEnabled=true, cssSelectorsEnabled=true}]
Session ID: 2f5106106f29eba7ef6066dae8ce9d27
	at org.openqa.selenium.remote.ErrorHandler.createThrowable(ErrorHandler.java:216)
	at org.openqa.selenium.remote.ErrorHandler.throwIfResponseFailed(ErrorHandler.java:168)
	at org.openqa.selenium.remote.RemoteWebDriver.execute(RemoteWebDriver.java:635)
	at org.openqa.selenium.remote.RemoteWebElement.execute(RemoteWebElement.java:274)
	at org.openqa.selenium.remote.RemoteWebElement.click(RemoteWebElement.java:84)
	at SeleniumMethod.WebDriverUtil.xpathClick(WebDriverUtil.java:308)
	at Backstage.admin.FinanceManagement.ReconciliationVip(FinanceManagement.java:95)
... Removed 31 stack frames]]>
    </failure>
  </testcase> <!-- ReconciliationVip -->
  <testcase name="practiceLoseOrWin" time="0.042" classname="Backstage.admin.FinanceManagement">
    <failure type="org.openqa.selenium.WebDriverException" message="element click intercepted: Element &amp;lt;span&amp;gt;...&amp;lt;/span&amp;gt; is not clickable at point (78, 226). Other element would receive the click: &amp;lt;div class=&amp;quot;el-submenu__title&amp;quot; style=&amp;quot;padding-left: 20px; color: rgb(191, 203, 217); background-color: rgb(48, 65, 86);&amp;quot;&amp;gt;...&amp;lt;/div&amp;gt;
  (Session info: chrome=78.0.3904.97)
  (Driver info: chromedriver=78.0.3904.70 (edb9c9f3de0247fd912a77b7f6cae7447f6d3ad5-refs/branch-heads/3904@{#800}),platform=Windows NT 10.0.18363 x86_64) (WARNING: The server did not provide any stacktrace information)
Command duration or timeout: 29 milliseconds
Build info: version: &amp;apos;3.0.0&amp;apos;, revision: &amp;apos;350cf60&amp;apos;, time: &amp;apos;2016-10-13 10:48:57 -0700&amp;apos;
System info: host: &amp;apos;DESKTOP-8DI1090&amp;apos;, ip: &amp;apos;10.1.101.3&amp;apos;, os.name: &amp;apos;Windows 10&amp;apos;, os.arch: &amp;apos;amd64&amp;apos;, os.version: &amp;apos;10.0&amp;apos;, java.version: &amp;apos;1.8.0_231&amp;apos;
Driver info: org.openqa.selenium.chrome.ChromeDriver
Capabilities [{mobileEmulationEnabled=false, timeouts={implicit=0, pageLoad=300000, script=30000}, hasTouchScreen=false, platform=XP, acceptSslCerts=false, goog:chromeOptions={debuggerAddress=localhost:58521}, acceptInsecureCerts=false, webStorageEnabled=true, browserName=chrome, takesScreenshot=true, javascriptEnabled=true, setWindowRect=true, unexpectedAlertBehaviour=ignore, applicationCacheEnabled=false, rotatable=false, networkConnectionEnabled=false, chrome={chromedriverVersion=78.0.3904.70 (edb9c9f3de0247fd912a77b7f6cae7447f6d3ad5-refs/branch-heads/3904@{#800}), userDataDir=C:\Users\Owner\AppData\Local\Temp\scoped_dir15620_1103966197}, takesHeapSnapshot=true, pageLoadStrategy=normal, strictFileInteractability=false, databaseEnabled=false, handlesAlerts=true, version=78.0.3904.97, browserConnectionEnabled=false, proxy={}, nativeEvents=true, locationContextEnabled=true, cssSelectorsEnabled=true}]
Session ID: 2f5106106f29eba7ef6066dae8ce9d27">
      <![CDATA[org.openqa.selenium.WebDriverException: element click intercepted: Element <span>...</span> is not clickable at point (78, 226). Other element would receive the click: <div class="el-submenu__title" style="padding-left: 20px; color: rgb(191, 203, 217); background-color: rgb(48, 65, 86);">...</div>
  (Session info: chrome=78.0.3904.97)
  (Driver info: chromedriver=78.0.3904.70 (edb9c9f3de0247fd912a77b7f6cae7447f6d3ad5-refs/branch-heads/3904@{#800}),platform=Windows NT 10.0.18363 x86_64) (WARNING: The server did not provide any stacktrace information)
Command duration or timeout: 29 milliseconds
Build info: version: '3.0.0', revision: '350cf60', time: '2016-10-13 10:48:57 -0700'
System info: host: 'DESKTOP-8DI1090', ip: '10.1.101.3', os.name: 'Windows 10', os.arch: 'amd64', os.version: '10.0', java.version: '1.8.0_231'
Driver info: org.openqa.selenium.chrome.ChromeDriver
Capabilities [{mobileEmulationEnabled=false, timeouts={implicit=0, pageLoad=300000, script=30000}, hasTouchScreen=false, platform=XP, acceptSslCerts=false, goog:chromeOptions={debuggerAddress=localhost:58521}, acceptInsecureCerts=false, webStorageEnabled=true, browserName=chrome, takesScreenshot=true, javascriptEnabled=true, setWindowRect=true, unexpectedAlertBehaviour=ignore, applicationCacheEnabled=false, rotatable=false, networkConnectionEnabled=false, chrome={chromedriverVersion=78.0.3904.70 (edb9c9f3de0247fd912a77b7f6cae7447f6d3ad5-refs/branch-heads/3904@{#800}), userDataDir=C:\Users\Owner\AppData\Local\Temp\scoped_dir15620_1103966197}, takesHeapSnapshot=true, pageLoadStrategy=normal, strictFileInteractability=false, databaseEnabled=false, handlesAlerts=true, version=78.0.3904.97, browserConnectionEnabled=false, proxy={}, nativeEvents=true, locationContextEnabled=true, cssSelectorsEnabled=true}]
Session ID: 2f5106106f29eba7ef6066dae8ce9d27
	at org.openqa.selenium.remote.ErrorHandler.createThrowable(ErrorHandler.java:216)
	at org.openqa.selenium.remote.ErrorHandler.throwIfResponseFailed(ErrorHandler.java:168)
	at org.openqa.selenium.remote.RemoteWebDriver.execute(RemoteWebDriver.java:635)
	at org.openqa.selenium.remote.RemoteWebElement.execute(RemoteWebElement.java:274)
	at org.openqa.selenium.remote.RemoteWebElement.click(RemoteWebElement.java:84)
	at SeleniumMethod.WebDriverUtil.xpathClick(WebDriverUtil.java:308)
	at Backstage.admin.FinanceManagement.practiceLoseOrWin(FinanceManagement.java:146)
... Removed 31 stack frames]]>
    </failure>
  </testcase> <!-- practiceLoseOrWin -->
  <testcase name="vipNumberToday" time="0.194" classname="Backstage.admin.ReportManagement">
    <failure type="org.openqa.selenium.WebDriverException" message="element click intercepted: Element &amp;lt;span&amp;gt;...&amp;lt;/span&amp;gt; is not clickable at point (75, 509). Other element would receive the click: &amp;lt;li role=&amp;quot;menuitem&amp;quot; tabindex=&amp;quot;-1&amp;quot; class=&amp;quot;el-menu-item&amp;quot; style=&amp;quot;padding-left: 40px; color: rgb(191, 203, 217); background-color: rgb(38, 52, 69);&amp;quot;&amp;gt;...&amp;lt;/li&amp;gt;
  (Session info: chrome=78.0.3904.97)
  (Driver info: chromedriver=78.0.3904.70 (edb9c9f3de0247fd912a77b7f6cae7447f6d3ad5-refs/branch-heads/3904@{#800}),platform=Windows NT 10.0.18363 x86_64) (WARNING: The server did not provide any stacktrace information)
Command duration or timeout: 98 milliseconds
Build info: version: &amp;apos;3.0.0&amp;apos;, revision: &amp;apos;350cf60&amp;apos;, time: &amp;apos;2016-10-13 10:48:57 -0700&amp;apos;
System info: host: &amp;apos;DESKTOP-8DI1090&amp;apos;, ip: &amp;apos;10.1.101.3&amp;apos;, os.name: &amp;apos;Windows 10&amp;apos;, os.arch: &amp;apos;amd64&amp;apos;, os.version: &amp;apos;10.0&amp;apos;, java.version: &amp;apos;1.8.0_231&amp;apos;
Driver info: org.openqa.selenium.chrome.ChromeDriver
Capabilities [{mobileEmulationEnabled=false, timeouts={implicit=0, pageLoad=300000, script=30000}, hasTouchScreen=false, platform=XP, acceptSslCerts=false, goog:chromeOptions={debuggerAddress=localhost:58521}, acceptInsecureCerts=false, webStorageEnabled=true, browserName=chrome, takesScreenshot=true, javascriptEnabled=true, setWindowRect=true, unexpectedAlertBehaviour=ignore, applicationCacheEnabled=false, rotatable=false, networkConnectionEnabled=false, chrome={chromedriverVersion=78.0.3904.70 (edb9c9f3de0247fd912a77b7f6cae7447f6d3ad5-refs/branch-heads/3904@{#800}), userDataDir=C:\Users\Owner\AppData\Local\Temp\scoped_dir15620_1103966197}, takesHeapSnapshot=true, pageLoadStrategy=normal, strictFileInteractability=false, databaseEnabled=false, handlesAlerts=true, version=78.0.3904.97, browserConnectionEnabled=false, proxy={}, nativeEvents=true, locationContextEnabled=true, cssSelectorsEnabled=true}]
Session ID: 2f5106106f29eba7ef6066dae8ce9d27">
      <![CDATA[org.openqa.selenium.WebDriverException: element click intercepted: Element <span>...</span> is not clickable at point (75, 509). Other element would receive the click: <li role="menuitem" tabindex="-1" class="el-menu-item" style="padding-left: 40px; color: rgb(191, 203, 217); background-color: rgb(38, 52, 69);">...</li>
  (Session info: chrome=78.0.3904.97)
  (Driver info: chromedriver=78.0.3904.70 (edb9c9f3de0247fd912a77b7f6cae7447f6d3ad5-refs/branch-heads/3904@{#800}),platform=Windows NT 10.0.18363 x86_64) (WARNING: The server did not provide any stacktrace information)
Command duration or timeout: 98 milliseconds
Build info: version: '3.0.0', revision: '350cf60', time: '2016-10-13 10:48:57 -0700'
System info: host: 'DESKTOP-8DI1090', ip: '10.1.101.3', os.name: 'Windows 10', os.arch: 'amd64', os.version: '10.0', java.version: '1.8.0_231'
Driver info: org.openqa.selenium.chrome.ChromeDriver
Capabilities [{mobileEmulationEnabled=false, timeouts={implicit=0, pageLoad=300000, script=30000}, hasTouchScreen=false, platform=XP, acceptSslCerts=false, goog:chromeOptions={debuggerAddress=localhost:58521}, acceptInsecureCerts=false, webStorageEnabled=true, browserName=chrome, takesScreenshot=true, javascriptEnabled=true, setWindowRect=true, unexpectedAlertBehaviour=ignore, applicationCacheEnabled=false, rotatable=false, networkConnectionEnabled=false, chrome={chromedriverVersion=78.0.3904.70 (edb9c9f3de0247fd912a77b7f6cae7447f6d3ad5-refs/branch-heads/3904@{#800}), userDataDir=C:\Users\Owner\AppData\Local\Temp\scoped_dir15620_1103966197}, takesHeapSnapshot=true, pageLoadStrategy=normal, strictFileInteractability=false, databaseEnabled=false, handlesAlerts=true, version=78.0.3904.97, browserConnectionEnabled=false, proxy={}, nativeEvents=true, locationContextEnabled=true, cssSelectorsEnabled=true}]
Session ID: 2f5106106f29eba7ef6066dae8ce9d27
	at org.openqa.selenium.remote.ErrorHandler.createThrowable(ErrorHandler.java:216)
	at org.openqa.selenium.remote.ErrorHandler.throwIfResponseFailed(ErrorHandler.java:168)
	at org.openqa.selenium.remote.RemoteWebDriver.execute(RemoteWebDriver.java:635)
	at org.openqa.selenium.remote.RemoteWebElement.execute(RemoteWebElement.java:274)
	at org.openqa.selenium.remote.RemoteWebElement.click(RemoteWebElement.java:84)
	at SeleniumMethod.WebDriverUtil.xpathClick(WebDriverUtil.java:308)
	at Backstage.admin.ReportManagement.vipNumberToday(ReportManagement.java:40)
... Removed 31 stack frames]]>
    </failure>
  </testcase> <!-- vipNumberToday -->
  <testcase name="countTotal" time="4.491" classname="Backstage.admin.ReportManagement"/>
  <testcase name="betMoneyAgentTotal" time="4.591" classname="Backstage.admin.ReportManagement">
    <failure type="java.lang.AssertionError" message="expected [true] but found [false]">
      <![CDATA[java.lang.AssertionError: expected [true] but found [false]
	at Backstage.admin.ReportManagement.betMoneyAgentTotal(ReportManagement.java:114)
... Removed 31 stack frames]]>
    </failure>
  </testcase> <!-- betMoneyAgentTotal -->
  <testcase name="winBetMoneyAgentTotal" time="4.622" classname="Backstage.admin.ReportManagement"/>
  <testcase name="serviceChargeAgentTotal" time="4.675" classname="Backstage.admin.ReportManagement"/>
  <testcase name="waterBreakAgentTotal" time="4.702" classname="Backstage.admin.ReportManagement"/>
  <testcase name="oddsMoneyAgentTotal" time="4.677" classname="Backstage.admin.ReportManagement"/>
  <testcase name="loseWinAgentTotal" time="4.609" classname="Backstage.admin.ReportManagement">
    <failure type="java.lang.AssertionError" message="expected [true] but found [false]">
      <![CDATA[java.lang.AssertionError: expected [true] but found [false]
	at Backstage.admin.ReportManagement.loseWinAgentTotal(ReportManagement.java:270)
... Removed 31 stack frames]]>
    </failure>
  </testcase> <!-- loseWinAgentTotal -->
  <testcase name="waterBreakPracticeAgentTotal" time="4.677" classname="Backstage.admin.ReportManagement">
    <failure type="java.lang.AssertionError" message="expected [true] but found [false]">
      <![CDATA[java.lang.AssertionError: expected [true] but found [false]
	at Backstage.admin.ReportManagement.waterBreakPracticeAgentTotal(ReportManagement.java:302)
... Removed 31 stack frames]]>
    </failure>
  </testcase> <!-- waterBreakPracticeAgentTotal -->
  <testcase name="loseWinAndWaterAgentTotal" time="4.684" classname="Backstage.admin.ReportManagement">
    <failure type="java.lang.AssertionError" message="expected [true] but found [false]">
      <![CDATA[java.lang.AssertionError: expected [true] but found [false]
	at Backstage.admin.ReportManagement.loseWinAndWaterAgentTotal(ReportManagement.java:334)
... Removed 31 stack frames]]>
    </failure>
  </testcase> <!-- loseWinAndWaterAgentTotal -->
  <testcase name="vipNumberAgent" time="3.963" classname="Backstage.admin.ReportManagement"/>
  <testcase name="rechargeMoneyAgent" time="4.144" classname="Backstage.admin.ReportManagement">
    <failure type="java.lang.AssertionError" message="expected [true] but found [false]">
      <![CDATA[java.lang.AssertionError: expected [true] but found [false]
	at Backstage.admin.ReportManagement.rechargeMoneyAgent(ReportManagement.java:401)
... Removed 31 stack frames]]>
    </failure>
  </testcase> <!-- rechargeMoneyAgent -->
  <testcase name="countAgent" time="4.144" classname="Backstage.admin.ReportManagement">
    <failure type="java.lang.AssertionError" message="expected [true] but found [false]">
      <![CDATA[java.lang.AssertionError: expected [true] but found [false]
	at Backstage.admin.ReportManagement.countAgent(ReportManagement.java:433)
... Removed 31 stack frames]]>
    </failure>
  </testcase> <!-- countAgent -->
  <testcase name="betMoneyAgentReport" time="4.144" classname="Backstage.admin.ReportManagement">
    <failure type="java.lang.AssertionError" message="expected [true] but found [false]">
      <![CDATA[java.lang.AssertionError: expected [true] but found [false]
	at Backstage.admin.ReportManagement.betMoneyAgentReport(ReportManagement.java:465)
... Removed 31 stack frames]]>
    </failure>
  </testcase> <!-- betMoneyAgentReport -->
  <testcase name="winBetMoneyAgentReport" time="4.082" classname="Backstage.admin.ReportManagement"/>
  <testcase name="serviceMoneyAgent" time="4.221" classname="Backstage.admin.ReportManagement">
    <failure type="java.lang.AssertionError" message="expected [true] but found [false]">
      <![CDATA[java.lang.AssertionError: expected [true] but found [false]
	at Backstage.admin.ReportManagement.serviceMoneyAgent(ReportManagement.java:528)
... Removed 31 stack frames]]>
    </failure>
  </testcase> <!-- serviceMoneyAgent -->
  <testcase name="oddsAgent" time="4.117" classname="Backstage.admin.ReportManagement"/>
  <testcase name="waterBreakMoneyAgent" time="4.153" classname="Backstage.admin.ReportManagement"/>
  <testcase name="winLoseNotWaterAgent" time="4.275" classname="Backstage.admin.ReportManagement"/>
  <testcase name="winLoseWaterAgent" time="4.165" classname="Backstage.admin.ReportManagement">
    <failure type="java.lang.AssertionError" message="expected [true] but found [false]">
      <![CDATA[java.lang.AssertionError: expected [true] but found [false]
	at Backstage.admin.ReportManagement.winLoseWaterAgent(ReportManagement.java:656)
... Removed 31 stack frames]]>
    </failure>
  </testcase> <!-- winLoseWaterAgent -->
  <testcase name="waterBreakMoneyActivityAgent" time="4.122" classname="Backstage.admin.ReportManagement">
    <failure type="java.lang.AssertionError" message="expected [true] but found [false]">
      <![CDATA[java.lang.AssertionError: expected [true] but found [false]
	at Backstage.admin.ReportManagement.waterBreakMoneyActivityAgent(ReportManagement.java:685)
... Removed 31 stack frames]]>
    </failure>
  </testcase> <!-- waterBreakMoneyActivityAgent -->
</testsuite> <!-- 平台管理员 -->
