<?xml version="1.0" encoding="UTF-8"?>
<!-- Generated by org.testng.reporters.JUnitXMLReporter -->
<testsuite hostname="DESKTOP-8DI1090" name="平台管理员" tests="61" failures="23" timestamp="14 Dec 2019 02:04:12 GMT" time="224.955" errors="0">
  <testcase name="playerNumber" time="2.567" classname="Backstage.admin.panel"/>
  <testcase name="notesNumber" time="5.279" classname="Backstage.admin.panel">
    <failure type="java.lang.AssertionError" message="expected [true] but found [false]">
      <![CDATA[java.lang.AssertionError: expected [true] but found [false]
	at Backstage.admin.panel.notesNumber(panel.java:115)
... Removed 31 stack frames]]>
    </failure>
  </testcase> <!-- notesNumber -->
  <testcase name="agentNumber" time="4.45" classname="Backstage.admin.UserManagement"/>
  <testcase name="vipNumber" time="3.58" classname="Backstage.admin.UserManagement">
    <failure type="java.lang.AssertionError" message="expected [true] but found [false]">
      <![CDATA[java.lang.AssertionError: expected [true] but found [false]
	at Backstage.admin.UserManagement.vipNumber(UserManagement.java:101)
... Removed 31 stack frames]]>
    </failure>
  </testcase> <!-- vipNumber -->
  <testcase name="agentVipNumber" time="3.642" classname="Backstage.admin.UserManagement"/>
  <testcase name="onlinePlayer" time="12.23" classname="Backstage.admin.UserManagement">
    <failure type="org.openqa.selenium.NoSuchElementException" message="no such element: Unable to locate element: {&amp;quot;method&amp;quot;:&amp;quot;xpath&amp;quot;,&amp;quot;selector&amp;quot;:&amp;quot;//*[@id=&amp;quot;app&amp;quot;]/div/div[2]/section/div/div[2]/div[1]/div[3]/table/tbody/tr[1]/td[11]/div/button/span&amp;quot;}
  (Session info: chrome=78.0.3904.97)
  (Driver info: chromedriver=78.0.3904.70 (edb9c9f3de0247fd912a77b7f6cae7447f6d3ad5-refs/branch-heads/3904@{#800}),platform=Windows NT 10.0.18363 x86_64) (WARNING: The server did not provide any stacktrace information)
Command duration or timeout: 10.05 seconds
For documentation on this error, please visit: http://seleniumhq.org/exceptions/no_such_element.html
Build info: version: &amp;apos;3.0.0&amp;apos;, revision: &amp;apos;350cf60&amp;apos;, time: &amp;apos;2016-10-13 10:48:57 -0700&amp;apos;
System info: host: &amp;apos;DESKTOP-8DI1090&amp;apos;, ip: &amp;apos;10.1.101.3&amp;apos;, os.name: &amp;apos;Windows 10&amp;apos;, os.arch: &amp;apos;amd64&amp;apos;, os.version: &amp;apos;10.0&amp;apos;, java.version: &amp;apos;1.8.0_231&amp;apos;
Driver info: org.openqa.selenium.chrome.ChromeDriver
Capabilities [{mobileEmulationEnabled=false, timeouts={implicit=0, pageLoad=300000, script=30000}, hasTouchScreen=false, platform=XP, acceptSslCerts=false, goog:chromeOptions={debuggerAddress=localhost:50320}, acceptInsecureCerts=false, webStorageEnabled=true, browserName=chrome, takesScreenshot=true, javascriptEnabled=true, setWindowRect=true, unexpectedAlertBehaviour=ignore, applicationCacheEnabled=false, rotatable=false, networkConnectionEnabled=false, chrome={chromedriverVersion=78.0.3904.70 (edb9c9f3de0247fd912a77b7f6cae7447f6d3ad5-refs/branch-heads/3904@{#800}), userDataDir=C:\Users\Owner\AppData\Local\Temp\scoped_dir5656_1867398772}, takesHeapSnapshot=true, pageLoadStrategy=normal, strictFileInteractability=false, databaseEnabled=false, handlesAlerts=true, version=78.0.3904.97, browserConnectionEnabled=false, proxy={}, nativeEvents=true, locationContextEnabled=true, cssSelectorsEnabled=true}]
Session ID: 1f7b0a126d48ed88aad89eef13367101
*** Element info: {Using=xpath, value=//*[@id=&amp;quot;app&amp;quot;]/div/div[2]/section/div/div[2]/div[1]/div[3]/table/tbody/tr[1]/td[11]/div/button/span}">
      <![CDATA[org.openqa.selenium.NoSuchElementException: no such element: Unable to locate element: {"method":"xpath","selector":"//*[@id="app"]/div/div[2]/section/div/div[2]/div[1]/div[3]/table/tbody/tr[1]/td[11]/div/button/span"}
  (Session info: chrome=78.0.3904.97)
  (Driver info: chromedriver=78.0.3904.70 (edb9c9f3de0247fd912a77b7f6cae7447f6d3ad5-refs/branch-heads/3904@{#800}),platform=Windows NT 10.0.18363 x86_64) (WARNING: The server did not provide any stacktrace information)
Command duration or timeout: 10.05 seconds
For documentation on this error, please visit: http://seleniumhq.org/exceptions/no_such_element.html
Build info: version: '3.0.0', revision: '350cf60', time: '2016-10-13 10:48:57 -0700'
System info: host: 'DESKTOP-8DI1090', ip: '10.1.101.3', os.name: 'Windows 10', os.arch: 'amd64', os.version: '10.0', java.version: '1.8.0_231'
Driver info: org.openqa.selenium.chrome.ChromeDriver
Capabilities [{mobileEmulationEnabled=false, timeouts={implicit=0, pageLoad=300000, script=30000}, hasTouchScreen=false, platform=XP, acceptSslCerts=false, goog:chromeOptions={debuggerAddress=localhost:50320}, acceptInsecureCerts=false, webStorageEnabled=true, browserName=chrome, takesScreenshot=true, javascriptEnabled=true, setWindowRect=true, unexpectedAlertBehaviour=ignore, applicationCacheEnabled=false, rotatable=false, networkConnectionEnabled=false, chrome={chromedriverVersion=78.0.3904.70 (edb9c9f3de0247fd912a77b7f6cae7447f6d3ad5-refs/branch-heads/3904@{#800}), userDataDir=C:\Users\Owner\AppData\Local\Temp\scoped_dir5656_1867398772}, takesHeapSnapshot=true, pageLoadStrategy=normal, strictFileInteractability=false, databaseEnabled=false, handlesAlerts=true, version=78.0.3904.97, browserConnectionEnabled=false, proxy={}, nativeEvents=true, locationContextEnabled=true, cssSelectorsEnabled=true}]
Session ID: 1f7b0a126d48ed88aad89eef13367101
*** Element info: {Using=xpath, value=//*[@id="app"]/div/div[2]/section/div/div[2]/div[1]/div[3]/table/tbody/tr[1]/td[11]/div/button/span}
	at org.openqa.selenium.remote.ErrorHandler.createThrowable(ErrorHandler.java:216)
	at org.openqa.selenium.remote.ErrorHandler.throwIfResponseFailed(ErrorHandler.java:168)
	at org.openqa.selenium.remote.RemoteWebDriver.execute(RemoteWebDriver.java:635)
	at org.openqa.selenium.remote.RemoteWebDriver.findElement(RemoteWebDriver.java:368)
	at org.openqa.selenium.remote.RemoteWebDriver.findElementByXPath(RemoteWebDriver.java:473)
	at org.openqa.selenium.By$ByXPath.findElement(By.java:361)
	at org.openqa.selenium.remote.RemoteWebDriver.findElement(RemoteWebDriver.java:360)
	at SeleniumMethod.WebDriverUtil.xpathClick(WebDriverUtil.java:308)
	at Backstage.admin.UserManagement.onlinePlayer(UserManagement.java:168)
... Removed 31 stack frames]]>
    </failure>
  </testcase> <!-- onlinePlayer -->
  <testcase name="ReconciliationVip" time="3.584" classname="Backstage.admin.FinanceManagement"/>
  <testcase name="ReconciliationVip2" time="0.271" classname="Backstage.admin.FinanceManagement"/>
  <testcase name="ReconciliationVip3" time="0.299" classname="Backstage.admin.FinanceManagement">
    <failure type="java.lang.AssertionError" message="expected [true] but found [false]">
      <![CDATA[java.lang.AssertionError: expected [true] but found [false]
	at Backstage.admin.FinanceManagement.ReconciliationVip3(FinanceManagement.java:218)
... Removed 31 stack frames]]>
    </failure>
  </testcase> <!-- ReconciliationVip3 -->
  <testcase name="ReconciliationAgent1" time="1.327" classname="Backstage.admin.FinanceManagement"/>
  <testcase name="ReconciliationAgent2" time="3.26" classname="Backstage.admin.FinanceManagement"/>
  <testcase name="vipNumberToday" time="6.548" classname="Backstage.admin.ReportManagement"/>
  <testcase name="countTotal" time="4.514" classname="Backstage.admin.ReportManagement"/>
  <testcase name="betMoneyAgentTotal" time="4.705" classname="Backstage.admin.ReportManagement">
    <failure type="java.lang.AssertionError" message="expected [true] but found [false]">
      <![CDATA[java.lang.AssertionError: expected [true] but found [false]
	at Backstage.admin.ReportManagement.betMoneyAgentTotal(ReportManagement.java:129)
... Removed 31 stack frames]]>
    </failure>
  </testcase> <!-- betMoneyAgentTotal -->
  <testcase name="winBetMoneyAgentTotal" time="4.565" classname="Backstage.admin.ReportManagement"/>
  <testcase name="serviceChargeAgentTotal" time="4.631" classname="Backstage.admin.ReportManagement"/>
  <testcase name="waterBreakAgentTotal" time="4.716" classname="Backstage.admin.ReportManagement"/>
  <testcase name="oddsMoneyAgentTotal" time="4.682" classname="Backstage.admin.ReportManagement"/>
  <testcase name="loseWinAgentTotal" time="4.703" classname="Backstage.admin.ReportManagement"/>
  <testcase name="waterBreakPracticeAgentTotal" time="5.751" classname="Backstage.admin.ReportManagement">
    <failure type="java.lang.AssertionError" message="expected [true] but found [false]">
      <![CDATA[java.lang.AssertionError: expected [true] but found [false]
	at Backstage.admin.ReportManagement.waterBreakPracticeAgentTotal(ReportManagement.java:342)
... Removed 31 stack frames]]>
    </failure>
  </testcase> <!-- waterBreakPracticeAgentTotal -->
  <testcase name="loseWinAndWaterAgentTotal" time="5.651" classname="Backstage.admin.ReportManagement">
    <failure type="java.lang.AssertionError" message="expected [true] but found [false]">
      <![CDATA[java.lang.AssertionError: expected [true] but found [false]
	at Backstage.admin.ReportManagement.loseWinAndWaterAgentTotal(ReportManagement.java:378)
... Removed 31 stack frames]]>
    </failure>
  </testcase> <!-- loseWinAndWaterAgentTotal -->
  <testcase name="vipNumberAgent" time="3.816" classname="Backstage.admin.ReportManagement"/>
  <testcase name="rechargeMoneyAgent" time="4.168" classname="Backstage.admin.ReportManagement">
    <failure type="java.lang.AssertionError" message="expected [true] but found [false]">
      <![CDATA[java.lang.AssertionError: expected [true] but found [false]
	at Backstage.admin.ReportManagement.rechargeMoneyAgent(ReportManagement.java:458)
... Removed 31 stack frames]]>
    </failure>
  </testcase> <!-- rechargeMoneyAgent -->
  <testcase name="countAgent" time="4.256" classname="Backstage.admin.ReportManagement">
    <failure type="java.lang.AssertionError" message="expected [true] but found [false]">
      <![CDATA[java.lang.AssertionError: expected [true] but found [false]
	at Backstage.admin.ReportManagement.countAgent(ReportManagement.java:494)
... Removed 31 stack frames]]>
    </failure>
  </testcase> <!-- countAgent -->
  <testcase name="betMoneyAgentReport" time="4.091" classname="Backstage.admin.ReportManagement">
    <failure type="java.lang.AssertionError" message="expected [true] but found [false]">
      <![CDATA[java.lang.AssertionError: expected [true] but found [false]
	at Backstage.admin.ReportManagement.betMoneyAgentReport(ReportManagement.java:530)
... Removed 31 stack frames]]>
    </failure>
  </testcase> <!-- betMoneyAgentReport -->
  <testcase name="winBetMoneyAgentReport" time="4.119" classname="Backstage.admin.ReportManagement"/>
  <testcase name="serviceMoneyAgent" time="4.173" classname="Backstage.admin.ReportManagement"/>
  <testcase name="oddsAgent" time="4.139" classname="Backstage.admin.ReportManagement"/>
  <testcase name="waterBreakMoneyAgent" time="4.222" classname="Backstage.admin.ReportManagement">
    <failure type="java.lang.AssertionError" message="expected [true] but found [false]">
      <![CDATA[java.lang.AssertionError: expected [true] but found [false]
	at Backstage.admin.ReportManagement.waterBreakMoneyAgent(ReportManagement.java:674)
... Removed 31 stack frames]]>
    </failure>
  </testcase> <!-- waterBreakMoneyAgent -->
  <testcase name="winLoseNotWaterAgent" time="3.954" classname="Backstage.admin.ReportManagement"/>
  <testcase name="winLoseWaterAgent" time="5.094" classname="Backstage.admin.ReportManagement">
    <failure type="java.lang.AssertionError" message="expected [true] but found [false]">
      <![CDATA[java.lang.AssertionError: expected [true] but found [false]
	at Backstage.admin.ReportManagement.winLoseWaterAgent(ReportManagement.java:746)
... Removed 31 stack frames]]>
    </failure>
  </testcase> <!-- winLoseWaterAgent -->
  <testcase name="waterBreakMoneyActivityAgent" time="5.034" classname="Backstage.admin.ReportManagement">
    <failure type="java.lang.AssertionError" message="expected [true] but found [false]">
      <![CDATA[java.lang.AssertionError: expected [true] but found [false]
	at Backstage.admin.ReportManagement.waterBreakMoneyActivityAgent(ReportManagement.java:781)
... Removed 31 stack frames]]>
    </failure>
  </testcase> <!-- waterBreakMoneyActivityAgent -->
  <testcase name="rechargeMoneyVip" time="10.15" classname="Backstage.admin.ReportManagement">
    <failure type="java.lang.AssertionError" message="expected [true] but found [false]">
      <![CDATA[java.lang.AssertionError: expected [true] but found [false]
	at Backstage.admin.ReportManagement.rechargeMoneyVip(ReportManagement.java:837)
... Removed 31 stack frames]]>
    </failure>
  </testcase> <!-- rechargeMoneyVip -->
  <testcase name="withdrawMoneyVip" time="11.08" classname="Backstage.admin.ReportManagement">
    <failure type="java.lang.AssertionError" message="expected [true] but found [false]">
      <![CDATA[java.lang.AssertionError: expected [true] but found [false]
	at Backstage.admin.ReportManagement.withdrawMoneyVip(ReportManagement.java:888)
... Removed 31 stack frames]]>
    </failure>
  </testcase> <!-- withdrawMoneyVip -->
  <testcase name="betNumber" time="12.619" classname="Backstage.admin.ReportManagement">
    <failure type="java.lang.AssertionError" message="expected [true] but found [false]">
      <![CDATA[java.lang.AssertionError: expected [true] but found [false]
	at Backstage.admin.ReportManagement.betNumber(ReportManagement.java:931)
... Removed 31 stack frames]]>
    </failure>
  </testcase> <!-- betNumber -->
  <testcase name="betMoney" time="3.229" classname="Backstage.admin.ReportManagement">
    <failure type="java.lang.AssertionError" message="expected [true] but found [false]">
      <![CDATA[java.lang.AssertionError: expected [true] but found [false]
	at Backstage.admin.ReportManagement.betMoney(ReportManagement.java:963)
... Removed 31 stack frames]]>
    </failure>
  </testcase> <!-- betMoney -->
  <testcase name="rechargeDiscount" time="6.429" classname="Backstage.admin.ReportManagement"/>
  <testcase name="agentMoney" time="6.078" classname="Backstage.admin.ReportManagement">
    <failure type="java.lang.AssertionError" message="expected [true] but found [false]">
      <![CDATA[java.lang.AssertionError: expected [true] but found [false]
	at Backstage.admin.ReportManagement.agentMoney(ReportManagement.java:1037)
... Removed 31 stack frames]]>
    </failure>
  </testcase> <!-- agentMoney -->
  <testcase name="agentWater" time="0.036" classname="Backstage.admin.ReportManagement">
    <failure type="java.lang.AssertionError" message="expected [true] but found [false]">
      <![CDATA[java.lang.AssertionError: expected [true] but found [false]
	at Backstage.admin.ReportManagement.agentWater(ReportManagement.java:1063)
... Removed 31 stack frames]]>
    </failure>
  </testcase> <!-- agentWater -->
  <testcase name="activityLoseWin" time="2.166" classname="Backstage.admin.ReportManagement">
    <failure type="java.lang.AssertionError" message="expected [true] but found [false]">
      <![CDATA[java.lang.AssertionError: expected [true] but found [false]
	at Backstage.admin.ReportManagement.activityLoseWin(ReportManagement.java:1099)
... Removed 31 stack frames]]>
    </failure>
  </testcase> <!-- activityLoseWin -->
  <testcase name="activityLoseWinWater" time="4.253" classname="Backstage.admin.ReportManagement">
    <failure type="java.lang.AssertionError" message="expected [true] but found [false]">
      <![CDATA[java.lang.AssertionError: expected [true] but found [false]
	at Backstage.admin.ReportManagement.activityLoseWinWater(ReportManagement.java:1131)
... Removed 31 stack frames]]>
    </failure>
  </testcase> <!-- activityLoseWinWater -->
  <testcase name="activityWaterMoney" time="2.131" classname="Backstage.admin.ReportManagement">
    <failure type="java.lang.AssertionError" message="expected [true] but found [false]">
      <![CDATA[java.lang.AssertionError: expected [true] but found [false]
	at Backstage.admin.ReportManagement.activityWaterMoney(ReportManagement.java:1161)
... Removed 31 stack frames]]>
    </failure>
  </testcase> <!-- activityWaterMoney -->
  <testcase name="moneyDetails1" time="8.301" classname="Backstage.admin.moneyDetails"/>
  <testcase name="moneyDetails2" time="0.19" classname="Backstage.admin.moneyDetails"/>
  <testcase name="moneyDetails3" time="0.107" classname="Backstage.admin.moneyDetails"/>
  <testcase name="moneyDetails4" time="0.092" classname="Backstage.admin.moneyDetails"/>
  <testcase name="moneyDetails5" time="0.092" classname="Backstage.admin.moneyDetails"/>
  <testcase name="moneyDetails6" time="0.093" classname="Backstage.admin.moneyDetails"/>
  <testcase name="moneyDetails7" time="0.091" classname="Backstage.admin.moneyDetails"/>
  <testcase name="moneyDetails8" time="0.176" classname="Backstage.admin.moneyDetails"/>
  <testcase name="moneyDetails9" time="0.09" classname="Backstage.admin.moneyDetails"/>
  <testcase name="moneyDetails10" time="0.094" classname="Backstage.admin.moneyDetails"/>
  <testcase name="moneyDetails11" time="0.095" classname="Backstage.admin.moneyDetails"/>
  <testcase name="moneyDetails12" time="0.091" classname="Backstage.admin.moneyDetails"/>
  <testcase name="moneyDetails13" time="0.093" classname="Backstage.admin.moneyDetails"/>
  <testcase name="moneyDetails14" time="0.093" classname="Backstage.admin.moneyDetails"/>
  <testcase name="moneyDetails15" time="0.09" classname="Backstage.admin.moneyDetails"/>
  <testcase name="moneyDetails16" time="0.106" classname="Backstage.admin.moneyDetails"/>
  <testcase name="moneyDetails17" time="0.097" classname="Backstage.admin.moneyDetails"/>
  <testcase name="moneyDetails18" time="0.106" classname="Backstage.admin.moneyDetails"/>
  <testcase name="moneyDetails19" time="0.11" classname="Backstage.admin.moneyDetails">
    <failure type="java.lang.AssertionError" message="expected [true] but found [false]">
      <![CDATA[java.lang.AssertionError: expected [true] but found [false]
	at Backstage.admin.moneyDetails.moneyDetails19(moneyDetails.java:792)
... Removed 31 stack frames]]>
    </failure>
  </testcase> <!-- moneyDetails19 -->
</testsuite> <!-- 平台管理员 -->
