<?xml version="1.0" encoding="UTF-8"?>
<!-- Generated by org.testng.reporters.JUnitXMLReporter -->
<testsuite hostname="DESKTOP-8DI1090" name="平台管理员" tests="61" failures="30" timestamp="12 Dec 2019 10:07:52 GMT" time="209.374" errors="0">
  <testcase name="playerNumber" time="2.668" classname="Backstage.admin.panel"/>
  <testcase name="notesNumber" time="5.459" classname="Backstage.admin.panel">
    <failure type="java.lang.AssertionError" message="expected [true] but found [false]">
      <![CDATA[java.lang.AssertionError: expected [true] but found [false]
	at Backstage.admin.panel.notesNumber(panel.java:115)
... Removed 31 stack frames]]>
    </failure>
  </testcase> <!-- notesNumber -->
  <testcase name="agentNumber" time="4.385" classname="Backstage.admin.UserManagement"/>
  <testcase name="vipNumber" time="3.522" classname="Backstage.admin.UserManagement">
    <failure type="java.lang.AssertionError" message="expected [true] but found [false]">
      <![CDATA[java.lang.AssertionError: expected [true] but found [false]
	at Backstage.admin.UserManagement.vipNumber(UserManagement.java:101)
... Removed 31 stack frames]]>
    </failure>
  </testcase> <!-- vipNumber -->
  <testcase name="agentVipNumber" time="3.627" classname="Backstage.admin.UserManagement"/>
  <testcase name="onlinePlayer" time="2.824" classname="Backstage.admin.UserManagement"/>
  <testcase name="ReconciliationVip" time="3.562" classname="Backstage.admin.FinanceManagement">
    <failure type="java.lang.AssertionError" message="expected [true] but found [false]">
      <![CDATA[java.lang.AssertionError: expected [true] but found [false]
	at Backstage.admin.FinanceManagement.ReconciliationVip(FinanceManagement.java:98)
... Removed 31 stack frames]]>
    </failure>
  </testcase> <!-- ReconciliationVip -->
  <testcase name="ReconciliationVip2" time="0.262" classname="Backstage.admin.FinanceManagement">
    <failure type="java.lang.AssertionError" message="expected [true] but found [false]">
      <![CDATA[java.lang.AssertionError: expected [true] but found [false]
	at Backstage.admin.FinanceManagement.ReconciliationVip2(FinanceManagement.java:158)
... Removed 31 stack frames]]>
    </failure>
  </testcase> <!-- ReconciliationVip2 -->
  <testcase name="ReconciliationVip3" time="0.284" classname="Backstage.admin.FinanceManagement"/>
  <testcase name="ReconciliationAgent1" time="1.508" classname="Backstage.admin.FinanceManagement"/>
  <testcase name="ReconciliationAgent2" time="3.346" classname="Backstage.admin.FinanceManagement"/>
  <testcase name="vipNumberToday" time="6.848" classname="Backstage.admin.ReportManagement"/>
  <testcase name="countTotal" time="4.739" classname="Backstage.admin.ReportManagement"/>
  <testcase name="betMoneyAgentTotal" time="4.643" classname="Backstage.admin.ReportManagement">
    <failure type="java.lang.AssertionError" message="expected [true] but found [false]">
      <![CDATA[java.lang.AssertionError: expected [true] but found [false]
	at Backstage.admin.ReportManagement.betMoneyAgentTotal(ReportManagement.java:129)
... Removed 31 stack frames]]>
    </failure>
  </testcase> <!-- betMoneyAgentTotal -->
  <testcase name="winBetMoneyAgentTotal" time="4.737" classname="Backstage.admin.ReportManagement"/>
  <testcase name="serviceChargeAgentTotal" time="4.751" classname="Backstage.admin.ReportManagement"/>
  <testcase name="waterBreakAgentTotal" time="4.834" classname="Backstage.admin.ReportManagement"/>
  <testcase name="oddsMoneyAgentTotal" time="4.67" classname="Backstage.admin.ReportManagement"/>
  <testcase name="loseWinAgentTotal" time="4.719" classname="Backstage.admin.ReportManagement"/>
  <testcase name="waterBreakPracticeAgentTotal" time="5.755" classname="Backstage.admin.ReportManagement">
    <failure type="java.lang.AssertionError" message="expected [true] but found [false]">
      <![CDATA[java.lang.AssertionError: expected [true] but found [false]
	at Backstage.admin.ReportManagement.waterBreakPracticeAgentTotal(ReportManagement.java:342)
... Removed 31 stack frames]]>
    </failure>
  </testcase> <!-- waterBreakPracticeAgentTotal -->
  <testcase name="loseWinAndWaterAgentTotal" time="5.671" classname="Backstage.admin.ReportManagement">
    <failure type="java.lang.AssertionError" message="expected [true] but found [false]">
      <![CDATA[java.lang.AssertionError: expected [true] but found [false]
	at Backstage.admin.ReportManagement.loseWinAndWaterAgentTotal(ReportManagement.java:378)
... Removed 31 stack frames]]>
    </failure>
  </testcase> <!-- loseWinAndWaterAgentTotal -->
  <testcase name="vipNumberAgent" time="3.661" classname="Backstage.admin.ReportManagement"/>
  <testcase name="rechargeMoneyAgent" time="4.292" classname="Backstage.admin.ReportManagement">
    <failure type="java.lang.AssertionError" message="expected [true] but found [false]">
      <![CDATA[java.lang.AssertionError: expected [true] but found [false]
	at Backstage.admin.ReportManagement.rechargeMoneyAgent(ReportManagement.java:458)
... Removed 31 stack frames]]>
    </failure>
  </testcase> <!-- rechargeMoneyAgent -->
  <testcase name="countAgent" time="4.207" classname="Backstage.admin.ReportManagement">
    <failure type="java.lang.AssertionError" message="expected [true] but found [false]">
      <![CDATA[java.lang.AssertionError: expected [true] but found [false]
	at Backstage.admin.ReportManagement.countAgent(ReportManagement.java:494)
... Removed 31 stack frames]]>
    </failure>
  </testcase> <!-- countAgent -->
  <testcase name="betMoneyAgentReport" time="4.058" classname="Backstage.admin.ReportManagement">
    <failure type="java.lang.AssertionError" message="expected [true] but found [false]">
      <![CDATA[java.lang.AssertionError: expected [true] but found [false]
	at Backstage.admin.ReportManagement.betMoneyAgentReport(ReportManagement.java:530)
... Removed 31 stack frames]]>
    </failure>
  </testcase> <!-- betMoneyAgentReport -->
  <testcase name="winBetMoneyAgentReport" time="4.236" classname="Backstage.admin.ReportManagement"/>
  <testcase name="serviceMoneyAgent" time="4.138" classname="Backstage.admin.ReportManagement"/>
  <testcase name="oddsAgent" time="4.165" classname="Backstage.admin.ReportManagement"/>
  <testcase name="waterBreakMoneyAgent" time="4.102" classname="Backstage.admin.ReportManagement">
    <failure type="java.lang.AssertionError" message="expected [true] but found [false]">
      <![CDATA[java.lang.AssertionError: expected [true] but found [false]
	at Backstage.admin.ReportManagement.waterBreakMoneyAgent(ReportManagement.java:674)
... Removed 31 stack frames]]>
    </failure>
  </testcase> <!-- waterBreakMoneyAgent -->
  <testcase name="winLoseNotWaterAgent" time="4.08" classname="Backstage.admin.ReportManagement"/>
  <testcase name="winLoseWaterAgent" time="5.237" classname="Backstage.admin.ReportManagement">
    <failure type="java.lang.AssertionError" message="expected [true] but found [false]">
      <![CDATA[java.lang.AssertionError: expected [true] but found [false]
	at Backstage.admin.ReportManagement.winLoseWaterAgent(ReportManagement.java:746)
... Removed 31 stack frames]]>
    </failure>
  </testcase> <!-- winLoseWaterAgent -->
  <testcase name="waterBreakMoneyActivityAgent" time="5.042" classname="Backstage.admin.ReportManagement">
    <failure type="java.lang.AssertionError" message="expected [true] but found [false]">
      <![CDATA[java.lang.AssertionError: expected [true] but found [false]
	at Backstage.admin.ReportManagement.waterBreakMoneyActivityAgent(ReportManagement.java:781)
... Removed 31 stack frames]]>
    </failure>
  </testcase> <!-- waterBreakMoneyActivityAgent -->
  <testcase name="rechargeMoneyVip" time="10.026" classname="Backstage.admin.ReportManagement">
    <failure type="java.lang.AssertionError" message="expected [true] but found [false]">
      <![CDATA[java.lang.AssertionError: expected [true] but found [false]
	at Backstage.admin.ReportManagement.rechargeMoneyVip(ReportManagement.java:837)
... Removed 31 stack frames]]>
    </failure>
  </testcase> <!-- rechargeMoneyVip -->
  <testcase name="withdrawMoneyVip" time="11.541" classname="Backstage.admin.ReportManagement">
    <failure type="java.lang.AssertionError" message="expected [true] but found [false]">
      <![CDATA[java.lang.AssertionError: expected [true] but found [false]
	at Backstage.admin.ReportManagement.withdrawMoneyVip(ReportManagement.java:888)
... Removed 31 stack frames]]>
    </failure>
  </testcase> <!-- withdrawMoneyVip -->
  <testcase name="betNumber" time="12.652" classname="Backstage.admin.ReportManagement">
    <failure type="java.lang.AssertionError" message="expected [true] but found [false]">
      <![CDATA[java.lang.AssertionError: expected [true] but found [false]
	at Backstage.admin.ReportManagement.betNumber(ReportManagement.java:931)
... Removed 31 stack frames]]>
    </failure>
  </testcase> <!-- betNumber -->
  <testcase name="betMoney" time="3.261" classname="Backstage.admin.ReportManagement">
    <failure type="java.lang.AssertionError" message="expected [true] but found [false]">
      <![CDATA[java.lang.AssertionError: expected [true] but found [false]
	at Backstage.admin.ReportManagement.betMoney(ReportManagement.java:963)
... Removed 31 stack frames]]>
    </failure>
  </testcase> <!-- betMoney -->
  <testcase name="rechargeDiscount" time="5.914" classname="Backstage.admin.ReportManagement"/>
  <testcase name="agentMoney" time="0.37" classname="Backstage.admin.ReportManagement">
    <failure type="org.openqa.selenium.WebDriverException" message="element click intercepted: Element &amp;lt;span&amp;gt;...&amp;lt;/span&amp;gt; is not clickable at point (78, 325). Other element would receive the click: &amp;lt;div class=&amp;quot;el-submenu__title&amp;quot; style=&amp;quot;padding-left: 20px; color: rgb(191, 203, 217); background-color: rgb(48, 65, 86);&amp;quot;&amp;gt;...&amp;lt;/div&amp;gt;
  (Session info: chrome=78.0.3904.97)
  (Driver info: chromedriver=78.0.3904.70 (edb9c9f3de0247fd912a77b7f6cae7447f6d3ad5-refs/branch-heads/3904@{#800}),platform=Windows NT 10.0.18363 x86_64) (WARNING: The server did not provide any stacktrace information)
Command duration or timeout: 139 milliseconds
Build info: version: &amp;apos;3.0.0&amp;apos;, revision: &amp;apos;350cf60&amp;apos;, time: &amp;apos;2016-10-13 10:48:57 -0700&amp;apos;
System info: host: &amp;apos;DESKTOP-8DI1090&amp;apos;, ip: &amp;apos;10.1.101.3&amp;apos;, os.name: &amp;apos;Windows 10&amp;apos;, os.arch: &amp;apos;amd64&amp;apos;, os.version: &amp;apos;10.0&amp;apos;, java.version: &amp;apos;1.8.0_231&amp;apos;
Driver info: org.openqa.selenium.chrome.ChromeDriver
Capabilities [{mobileEmulationEnabled=false, timeouts={implicit=0, pageLoad=300000, script=30000}, hasTouchScreen=false, platform=XP, acceptSslCerts=false, goog:chromeOptions={debuggerAddress=localhost:54636}, acceptInsecureCerts=false, webStorageEnabled=true, browserName=chrome, takesScreenshot=true, javascriptEnabled=true, setWindowRect=true, unexpectedAlertBehaviour=ignore, applicationCacheEnabled=false, rotatable=false, networkConnectionEnabled=false, chrome={chromedriverVersion=78.0.3904.70 (edb9c9f3de0247fd912a77b7f6cae7447f6d3ad5-refs/branch-heads/3904@{#800}), userDataDir=C:\Users\Owner\AppData\Local\Temp\scoped_dir2108_2065501313}, takesHeapSnapshot=true, pageLoadStrategy=normal, strictFileInteractability=false, databaseEnabled=false, handlesAlerts=true, version=78.0.3904.97, browserConnectionEnabled=false, proxy={}, nativeEvents=true, locationContextEnabled=true, cssSelectorsEnabled=true}]
Session ID: e221ed1dfd258ef4b02a34886400bb1f">
      <![CDATA[org.openqa.selenium.WebDriverException: element click intercepted: Element <span>...</span> is not clickable at point (78, 325). Other element would receive the click: <div class="el-submenu__title" style="padding-left: 20px; color: rgb(191, 203, 217); background-color: rgb(48, 65, 86);">...</div>
  (Session info: chrome=78.0.3904.97)
  (Driver info: chromedriver=78.0.3904.70 (edb9c9f3de0247fd912a77b7f6cae7447f6d3ad5-refs/branch-heads/3904@{#800}),platform=Windows NT 10.0.18363 x86_64) (WARNING: The server did not provide any stacktrace information)
Command duration or timeout: 139 milliseconds
Build info: version: '3.0.0', revision: '350cf60', time: '2016-10-13 10:48:57 -0700'
System info: host: 'DESKTOP-8DI1090', ip: '10.1.101.3', os.name: 'Windows 10', os.arch: 'amd64', os.version: '10.0', java.version: '1.8.0_231'
Driver info: org.openqa.selenium.chrome.ChromeDriver
Capabilities [{mobileEmulationEnabled=false, timeouts={implicit=0, pageLoad=300000, script=30000}, hasTouchScreen=false, platform=XP, acceptSslCerts=false, goog:chromeOptions={debuggerAddress=localhost:54636}, acceptInsecureCerts=false, webStorageEnabled=true, browserName=chrome, takesScreenshot=true, javascriptEnabled=true, setWindowRect=true, unexpectedAlertBehaviour=ignore, applicationCacheEnabled=false, rotatable=false, networkConnectionEnabled=false, chrome={chromedriverVersion=78.0.3904.70 (edb9c9f3de0247fd912a77b7f6cae7447f6d3ad5-refs/branch-heads/3904@{#800}), userDataDir=C:\Users\Owner\AppData\Local\Temp\scoped_dir2108_2065501313}, takesHeapSnapshot=true, pageLoadStrategy=normal, strictFileInteractability=false, databaseEnabled=false, handlesAlerts=true, version=78.0.3904.97, browserConnectionEnabled=false, proxy={}, nativeEvents=true, locationContextEnabled=true, cssSelectorsEnabled=true}]
Session ID: e221ed1dfd258ef4b02a34886400bb1f
	at org.openqa.selenium.remote.ErrorHandler.createThrowable(ErrorHandler.java:216)
	at org.openqa.selenium.remote.ErrorHandler.throwIfResponseFailed(ErrorHandler.java:168)
	at org.openqa.selenium.remote.RemoteWebDriver.execute(RemoteWebDriver.java:635)
	at org.openqa.selenium.remote.RemoteWebElement.execute(RemoteWebElement.java:274)
	at org.openqa.selenium.remote.RemoteWebElement.click(RemoteWebElement.java:84)
	at SeleniumMethod.WebDriverUtil.xpathClick(WebDriverUtil.java:308)
	at Backstage.admin.ReportManagement.agentMoney(ReportManagement.java:1022)
... Removed 31 stack frames]]>
    </failure>
  </testcase> <!-- agentMoney -->
  <testcase name="agentWater" time="0.085" classname="Backstage.admin.ReportManagement">
    <failure type="java.lang.AssertionError" message="expected [true] but found [false]">
      <![CDATA[java.lang.AssertionError: expected [true] but found [false]
	at Backstage.admin.ReportManagement.agentWater(ReportManagement.java:1062)
... Removed 31 stack frames]]>
    </failure>
  </testcase> <!-- agentWater -->
  <testcase name="activityLoseWin" time="0.033" classname="Backstage.admin.ReportManagement">
    <failure type="java.lang.NumberFormatException">
      <![CDATA[java.lang.NumberFormatException
	at java.math.BigDecimal.<init>(BigDecimal.java:497)
	at java.math.BigDecimal.<init>(BigDecimal.java:383)
	at java.math.BigDecimal.<init>(BigDecimal.java:809)
	at Backstage.admin.ReportManagement.activityLoseWin(ReportManagement.java:1085)
... Removed 27 stack frames]]>
    </failure>
  </testcase> <!-- activityLoseWin -->
  <testcase name="activityLoseWinWater" time="4.23" classname="Backstage.admin.ReportManagement">
    <failure type="java.lang.AssertionError" message="expected [true] but found [false]">
      <![CDATA[java.lang.AssertionError: expected [true] but found [false]
	at Backstage.admin.ReportManagement.activityLoseWinWater(ReportManagement.java:1130)
... Removed 31 stack frames]]>
    </failure>
  </testcase> <!-- activityLoseWinWater -->
  <testcase name="activityWaterMoney" time="2.101" classname="Backstage.admin.ReportManagement">
    <failure type="java.lang.NumberFormatException">
      <![CDATA[java.lang.NumberFormatException
	at java.math.BigDecimal.<init>(BigDecimal.java:497)
	at java.math.BigDecimal.<init>(BigDecimal.java:383)
	at java.math.BigDecimal.<init>(BigDecimal.java:809)
	at Backstage.admin.ReportManagement.activityWaterMoney(ReportManagement.java:1152)
... Removed 27 stack frames]]>
    </failure>
  </testcase> <!-- activityWaterMoney -->
  <testcase name="moneyDetails1" time="8.265" classname="Backstage.admin.moneyDetails"/>
  <testcase name="moneyDetails2" time="0.091" classname="Backstage.admin.moneyDetails"/>
  <testcase name="moneyDetails3" time="0.152" classname="Backstage.admin.moneyDetails">
    <failure type="java.lang.AssertionError" message="expected [true] but found [false]">
      <![CDATA[java.lang.AssertionError: expected [true] but found [false]
	at Backstage.admin.moneyDetails.moneyDetails3(moneyDetails.java:172)
... Removed 31 stack frames]]>
    </failure>
  </testcase> <!-- moneyDetails3 -->
  <testcase name="moneyDetails4" time="0.127" classname="Backstage.admin.moneyDetails">
    <failure type="java.lang.AssertionError" message="expected [true] but found [false]">
      <![CDATA[java.lang.AssertionError: expected [true] but found [false]
	at Backstage.admin.moneyDetails.moneyDetails4(moneyDetails.java:210)
... Removed 31 stack frames]]>
    </failure>
  </testcase> <!-- moneyDetails4 -->
  <testcase name="moneyDetails5" time="0.099" classname="Backstage.admin.moneyDetails"/>
  <testcase name="moneyDetails6" time="0.095" classname="Backstage.admin.moneyDetails"/>
  <testcase name="moneyDetails7" time="0.096" classname="Backstage.admin.moneyDetails"/>
  <testcase name="moneyDetails8" time="0.099" classname="Backstage.admin.moneyDetails">
    <failure type="java.lang.AssertionError" message="expected [true] but found [false]">
      <![CDATA[java.lang.AssertionError: expected [true] but found [false]
	at Backstage.admin.moneyDetails.moneyDetails8(moneyDetails.java:369)
... Removed 31 stack frames]]>
    </failure>
  </testcase> <!-- moneyDetails8 -->
  <testcase name="moneyDetails9" time="0.099" classname="Backstage.admin.moneyDetails">
    <failure type="java.lang.AssertionError" message="expected [true] but found [false]">
      <![CDATA[java.lang.AssertionError: expected [true] but found [false]
	at Backstage.admin.moneyDetails.moneyDetails9(moneyDetails.java:408)
... Removed 31 stack frames]]>
    </failure>
  </testcase> <!-- moneyDetails9 -->
  <testcase name="moneyDetails10" time="0.092" classname="Backstage.admin.moneyDetails"/>
  <testcase name="moneyDetails11" time="0.095" classname="Backstage.admin.moneyDetails">
    <failure type="java.lang.AssertionError" message="expected [true] but found [false]">
      <![CDATA[java.lang.AssertionError: expected [true] but found [false]
	at Backstage.admin.moneyDetails.moneyDetails11(moneyDetails.java:487)
... Removed 31 stack frames]]>
    </failure>
  </testcase> <!-- moneyDetails11 -->
  <testcase name="moneyDetails12" time="0.196" classname="Backstage.admin.moneyDetails">
    <failure type="java.lang.AssertionError" message="expected [true] but found [false]">
      <![CDATA[java.lang.AssertionError: expected [true] but found [false]
	at Backstage.admin.moneyDetails.moneyDetails12(moneyDetails.java:526)
... Removed 31 stack frames]]>
    </failure>
  </testcase> <!-- moneyDetails12 -->
  <testcase name="moneyDetails13" time="0.093" classname="Backstage.admin.moneyDetails"/>
  <testcase name="moneyDetails14" time="0.096" classname="Backstage.admin.moneyDetails"/>
  <testcase name="moneyDetails15" time="0.141" classname="Backstage.admin.moneyDetails"/>
  <testcase name="moneyDetails16" time="0.144" classname="Backstage.admin.moneyDetails">
    <failure type="java.lang.AssertionError" message="expected [true] but found [false]">
      <![CDATA[java.lang.AssertionError: expected [true] but found [false]
	at Backstage.admin.moneyDetails.moneyDetails16(moneyDetails.java:677)
... Removed 31 stack frames]]>
    </failure>
  </testcase> <!-- moneyDetails16 -->
  <testcase name="moneyDetails17" time="0.158" classname="Backstage.admin.moneyDetails">
    <failure type="java.lang.AssertionError" message="expected [true] but found [false]">
      <![CDATA[java.lang.AssertionError: expected [true] but found [false]
	at Backstage.admin.moneyDetails.moneyDetails17(moneyDetails.java:714)
... Removed 31 stack frames]]>
    </failure>
  </testcase> <!-- moneyDetails17 -->
  <testcase name="moneyDetails18" time="0.103" classname="Backstage.admin.moneyDetails"/>
  <testcase name="moneyDetails19" time="0.094" classname="Backstage.admin.moneyDetails"/>
</testsuite> <!-- 平台管理员 -->
